<?xml version="1.0" encoding="UTF-8"?>
<coverage generated="1764425807008" clover="3.2.0">
  <project timestamp="1764425807008" name="All files">
    <metrics statements="71" coveredstatements="69" conditionals="121" coveredconditionals="111" methods="11" coveredmethods="11" elements="203" coveredelements="191" complexity="0" loc="71" ncloc="71" packages="1" files="1" classes="1"/>
    <file name="SelectableCard.tsx" path="/Users/michel/GitHub/dsai/packages/@dsai/react/src/components/SelectableCard/SelectableCard.tsx">
      <metrics statements="71" coveredstatements="69" conditionals="121" coveredconditionals="111" methods="11" coveredmethods="11"/>
      <line num="1" count="2" type="stmt"/>
      <line num="3" count="2" type="stmt"/>
      <line num="4" count="2" type="stmt"/>
      <line num="5" count="2" type="stmt"/>
      <line num="13" count="2" type="stmt"/>
      <line num="19" count="1" type="cond" truecount="1" falsecount="1"/>
      <line num="24" count="1" type="stmt"/>
      <line num="25" count="1" type="stmt"/>
      <line num="36" count="91" type="cond" truecount="2" falsecount="0"/>
      <line num="41" count="55" type="stmt"/>
      <line num="42" count="55" type="stmt"/>
      <line num="97" count="2" type="stmt"/>
      <line num="144" count="311" type="stmt"/>
      <line num="145" count="311" type="cond" truecount="2" falsecount="0"/>
      <line num="146" count="311" type="stmt"/>
      <line num="147" count="311" type="cond" truecount="2" falsecount="0"/>
      <line num="148" count="311" type="cond" truecount="2" falsecount="0"/>
      <line num="151" count="311" type="stmt"/>
      <line num="154" count="311" type="stmt"/>
      <line num="157" count="311" type="stmt"/>
      <line num="160" count="311" type="cond" truecount="2" falsecount="0"/>
      <line num="163" count="311" type="cond" truecount="4" falsecount="0"/>
      <line num="164" count="1" type="stmt"/>
      <line num="166" count="311" type="cond" truecount="4" falsecount="0"/>
      <line num="167" count="91" type="stmt"/>
      <line num="171" count="311" type="stmt"/>
      <line num="174" count="24" type="cond" truecount="2" falsecount="0"/>
      <line num="175" count="7" type="stmt"/>
      <line num="179" count="24" type="cond" truecount="4" falsecount="0"/>
      <line num="182" count="24" type="cond" truecount="4" falsecount="0"/>
      <line num="188" count="311" type="stmt"/>
      <line num="190" count="24" type="cond" truecount="1" falsecount="1"/>
      <line num="193" count="24" type="cond" truecount="3" falsecount="1"/>
      <line num="194" count="0" type="stmt"/>
      <line num="197" count="24" type="stmt"/>
      <line num="203" count="311" type="stmt"/>
      <line num="204" count="230" type="stmt"/>
      <line num="217" count="311" type="stmt"/>
      <line num="218" count="230" type="stmt"/>
      <line num="224" count="230" type="cond" truecount="4" falsecount="0"/>
      <line num="225" count="38" type="stmt"/>
      <line num="226" count="38" type="stmt"/>
      <line num="229" count="230" type="stmt"/>
      <line num="233" count="311" type="cond" truecount="3" falsecount="1"/>
      <line num="236" count="311" type="stmt"/>
      <line num="237" count="207" type="cond" truecount="1" falsecount="1"/>
      <line num="238" count="207" type="cond" truecount="2" falsecount="0"/>
      <line num="239" count="2" type="stmt"/>
      <line num="243" count="311" type="stmt"/>
      <line num="244" count="207" type="stmt"/>
      <line num="245" count="207" type="cond" truecount="1" falsecount="1"/>
      <line num="246" count="207" type="cond" truecount="2" falsecount="0"/>
      <line num="247" count="207" type="cond" truecount="2" falsecount="0"/>
      <line num="251" count="311" type="stmt"/>
      <line num="252" count="311" type="cond" truecount="2" falsecount="0"/>
      <line num="254" count="232" type="stmt"/>
      <line num="267" count="232" type="cond" truecount="2" falsecount="0"/>
      <line num="268" count="130" type="stmt"/>
      <line num="271" count="102" type="cond" truecount="1" falsecount="1"/>
      <line num="272" count="102" type="stmt"/>
      <line num="275" count="0" type="stmt"/>
      <line num="279" count="311" type="stmt"/>
      <line num="281" count="311" type="cond" truecount="2" falsecount="0"/>
      <line num="282" count="2" type="stmt"/>
      <line num="291" count="309" type="stmt"/>
      <line num="327" count="311" type="cond" truecount="2" falsecount="0"/>
      <line num="328" count="79" type="stmt"/>
      <line num="349" count="232" type="stmt"/>
      <line num="370" count="2" type="stmt"/>
      <line num="373" count="2" type="stmt"/>
      <line num="376" count="2" type="stmt"/>
    </file>
  </project>
</coverage>
