{"/Users/michel/GitHub/dsai/packages/@dsai/react/src/components/SelectableCard/SelectableCard.tsx": {"path":"/Users/michel/GitHub/dsai/packages/@dsai/react/src/components/SelectableCard/SelectableCard.tsx","statementMap":{"0":{"start":{"line":1,"column":0},"end":{"line":1,"column":88}},"1":{"start":{"line":3,"column":0},"end":{"line":3,"column":74}},"2":{"start":{"line":4,"column":0},"end":{"line":4,"column":39}},"3":{"start":{"line":5,"column":0},"end":{"line":5,"column":33}},"4":{"start":{"line":13,"column":18},"end":{"line":13,"column":35}},"5":{"start":{"line":19,"column":2},"end":{"line":29,"column":3}},"6":{"start":{"line":24,"column":4},"end":{"line":24,"column":22}},"7":{"start":{"line":25,"column":4},"end":{"line":28,"column":6}},"8":{"start":{"line":36,"column":2},"end":{"line":46,"column":3}},"9":{"start":{"line":41,"column":4},"end":{"line":41,"column":32}},"10":{"start":{"line":42,"column":4},"end":{"line":45,"column":6}},"11":{"start":{"line":97,"column":32},"end":{"line":367,"column":null}},"12":{"start":{"line":144,"column":24},"end":{"line":144,"column":31}},"13":{"start":{"line":145,"column":15},"end":{"line":145,"column":40}},"14":{"start":{"line":146,"column":20},"end":{"line":146,"column":33}},"15":{"start":{"line":147,"column":20},"end":{"line":147,"column":53}},"16":{"start":{"line":148,"column":26},"end":{"line":148,"column":71}},"17":{"start":{"line":151,"column":21},"end":{"line":151,"column":51}},"18":{"start":{"line":154,"column":25},"end":{"line":154,"column":56}},"19":{"start":{"line":157,"column":50},"end":{"line":157,"column":74}},"20":{"start":{"line":160,"column":22},"end":{"line":160,"column":72}},"21":{"start":{"line":163,"column":4},"end":{"line":165,"column":5}},"22":{"start":{"line":164,"column":6},"end":{"line":164,"column":42}},"23":{"start":{"line":166,"column":4},"end":{"line":168,"column":5}},"24":{"start":{"line":167,"column":6},"end":{"line":167,"column":26}},"25":{"start":{"line":171,"column":25},"end":{"line":184,"column":null}},"26":{"start":{"line":174,"column":8},"end":{"line":176,"column":9}},"27":{"start":{"line":175,"column":10},"end":{"line":175,"column":41}},"28":{"start":{"line":179,"column":8},"end":{"line":179,"column":31}},"29":{"start":{"line":182,"column":8},"end":{"line":182,"column":24}},"30":{"start":{"line":188,"column":30},"end":{"line":199,"column":null}},"31":{"start":{"line":190,"column":8},"end":{"line":190,"column":29}},"32":{"start":{"line":190,"column":22},"end":{"line":190,"column":29}},"33":{"start":{"line":193,"column":8},"end":{"line":195,"column":9}},"34":{"start":{"line":194,"column":10},"end":{"line":194,"column":17}},"35":{"start":{"line":197,"column":8},"end":{"line":197,"column":43}},"36":{"start":{"line":203,"column":24},"end":{"line":214,"column":62}},"37":{"start":{"line":204,"column":6},"end":{"line":213,"column":19}},"38":{"start":{"line":217,"column":22},"end":{"line":230,"column":51}},"39":{"start":{"line":218,"column":21},"end":{"line":220,"column":null}},"40":{"start":{"line":224,"column":6},"end":{"line":227,"column":7}},"41":{"start":{"line":225,"column":8},"end":{"line":225,"column":52}},"42":{"start":{"line":226,"column":8},"end":{"line":226,"column":38}},"43":{"start":{"line":229,"column":6},"end":{"line":229,"column":23}},"44":{"start":{"line":233,"column":22},"end":{"line":233,"column":76}},"45":{"start":{"line":236,"column":31},"end":{"line":240,"column":33}},"46":{"start":{"line":237,"column":6},"end":{"line":237,"column":48}},"47":{"start":{"line":237,"column":26},"end":{"line":237,"column":48}},"48":{"start":{"line":238,"column":6},"end":{"line":238,"column":34}},"49":{"start":{"line":238,"column":19},"end":{"line":238,"column":34}},"50":{"start":{"line":239,"column":6},"end":{"line":239,"column":23}},"51":{"start":{"line":243,"column":32},"end":{"line":248,"column":40}},"52":{"start":{"line":244,"column":28},"end":{"line":244,"column":30}},"53":{"start":{"line":245,"column":6},"end":{"line":245,"column":53}},"54":{"start":{"line":245,"column":27},"end":{"line":245,"column":53}},"55":{"start":{"line":246,"column":6},"end":{"line":246,"column":49}},"56":{"start":{"line":246,"column":25},"end":{"line":246,"column":49}},"57":{"start":{"line":247,"column":6},"end":{"line":247,"column":56}},"58":{"start":{"line":251,"column":26},"end":{"line":276,"column":5}},"59":{"start":{"line":252,"column":6},"end":{"line":252,"column":48}},"60":{"start":{"line":252,"column":36},"end":{"line":252,"column":48}},"61":{"start":{"line":254,"column":27},"end":{"line":265,"column":8}},"62":{"start":{"line":267,"column":6},"end":{"line":269,"column":7}},"63":{"start":{"line":268,"column":8},"end":{"line":268,"column":46}},"64":{"start":{"line":271,"column":6},"end":{"line":273,"column":7}},"65":{"start":{"line":272,"column":8},"end":{"line":272,"column":43}},"66":{"start":{"line":275,"column":6},"end":{"line":275,"column":18}},"67":{"start":{"line":279,"column":26},"end":{"line":324,"column":5}},"68":{"start":{"line":281,"column":6},"end":{"line":288,"column":7}},"69":{"start":{"line":282,"column":8},"end":{"line":287,"column":10}},"70":{"start":{"line":291,"column":6},"end":{"line":323,"column":8}},"71":{"start":{"line":327,"column":4},"end":{"line":344,"column":5}},"72":{"start":{"line":328,"column":6},"end":{"line":343,"column":8}},"73":{"start":{"line":349,"column":4},"end":{"line":366,"column":6}},"74":{"start":{"line":370,"column":0},"end":{"line":370,"column":55}},"75":{"start":{"line":373,"column":13},"end":{"line":373,"column":60}},"76":{"start":{"line":376,"column":0},"end":{"line":376,"column":46}}},"fnMap":{"0":{"name":"warnMissingValue","decl":{"start":{"line":18,"column":9},"end":{"line":18,"column":25}},"loc":{"start":{"line":18,"column":59},"end":{"line":30,"column":1}}},"1":{"name":"warnMissingName","decl":{"start":{"line":35,"column":9},"end":{"line":35,"column":24}},"loc":{"start":{"line":35,"column":35},"end":{"line":47,"column":1}}},"2":{"name":"SelectableCard","decl":{"start":{"line":98,"column":11},"end":{"line":98,"column":25}},"loc":{"start":{"line":141,"column":7},"end":{"line":367,"column":3}}},"3":{"name":"(anonymous_3)","decl":{"start":{"line":172,"column":6},"end":{"line":172,"column":7}},"loc":{"start":{"line":172,"column":30},"end":{"line":183,"column":7}}},"4":{"name":"(anonymous_4)","decl":{"start":{"line":189,"column":6},"end":{"line":189,"column":7}},"loc":{"start":{"line":189,"column":53},"end":{"line":198,"column":7}}},"5":{"name":"(anonymous_5)","decl":{"start":{"line":203,"column":32},"end":{"line":203,"column":35}},"loc":{"start":{"line":203,"column":37},"end":{"line":214,"column":5}}},"6":{"name":"(anonymous_6)","decl":{"start":{"line":217,"column":51},"end":{"line":217,"column":54}},"loc":{"start":{"line":217,"column":56},"end":{"line":230,"column":5}}},"7":{"name":"(anonymous_7)","decl":{"start":{"line":236,"column":39},"end":{"line":236,"column":42}},"loc":{"start":{"line":236,"column":44},"end":{"line":240,"column":5}}},"8":{"name":"(anonymous_8)","decl":{"start":{"line":243,"column":40},"end":{"line":243,"column":43}},"loc":{"start":{"line":243,"column":45},"end":{"line":248,"column":5}}},"9":{"name":"(anonymous_9)","decl":{"start":{"line":251,"column":26},"end":{"line":251,"column":29}},"loc":{"start":{"line":251,"column":31},"end":{"line":276,"column":5}}},"10":{"name":"(anonymous_10)","decl":{"start":{"line":279,"column":26},"end":{"line":279,"column":29}},"loc":{"start":{"line":279,"column":31},"end":{"line":324,"column":5}}}},"branchMap":{"0":{"loc":{"start":{"line":19,"column":2},"end":{"line":29,"column":3}},"type":"if","locations":[{"start":{"line":19,"column":2},"end":{"line":29,"column":3}},{"start":{},"end":{}}]},"1":{"loc":{"start":{"line":20,"column":4},"end":{"line":22,"column":22}},"type":"binary-expr","locations":[{"start":{"line":20,"column":4},"end":{"line":20,"column":34}},{"start":{"line":21,"column":4},"end":{"line":21,"column":46}},{"start":{"line":22,"column":4},"end":{"line":22,"column":22}}]},"2":{"loc":{"start":{"line":21,"column":4},"end":{"line":21,"column":29}},"type":"cond-expr","locations":[{"start":{"line":21,"column":15},"end":{"line":21,"column":18}},{"start":{"line":21,"column":15},"end":{"line":21,"column":29}}]},"3":{"loc":{"start":{"line":21,"column":4},"end":{"line":21,"column":18}},"type":"binary-expr","locations":[{"start":{"line":21,"column":4},"end":{"line":21,"column":18}},{"start":{"line":21,"column":15},"end":{"line":21,"column":18}}]},"4":{"loc":{"start":{"line":36,"column":2},"end":{"line":46,"column":3}},"type":"if","locations":[{"start":{"line":36,"column":2},"end":{"line":46,"column":3}},{"start":{},"end":{}}]},"5":{"loc":{"start":{"line":37,"column":4},"end":{"line":39,"column":32}},"type":"binary-expr","locations":[{"start":{"line":37,"column":4},"end":{"line":37,"column":34}},{"start":{"line":38,"column":4},"end":{"line":38,"column":46}},{"start":{"line":39,"column":4},"end":{"line":39,"column":32}}]},"6":{"loc":{"start":{"line":38,"column":4},"end":{"line":38,"column":29}},"type":"cond-expr","locations":[{"start":{"line":38,"column":15},"end":{"line":38,"column":18}},{"start":{"line":38,"column":15},"end":{"line":38,"column":29}}]},"7":{"loc":{"start":{"line":38,"column":4},"end":{"line":38,"column":18}},"type":"binary-expr","locations":[{"start":{"line":38,"column":4},"end":{"line":38,"column":18}},{"start":{"line":38,"column":15},"end":{"line":38,"column":18}}]},"8":{"loc":{"start":{"line":105,"column":6},"end":{"line":105,"column":28}},"type":"default-arg","locations":[{"start":{"line":105,"column":22},"end":{"line":105,"column":28}}]},"9":{"loc":{"start":{"line":107,"column":6},"end":{"line":107,"column":28}},"type":"default-arg","locations":[{"start":{"line":107,"column":23},"end":{"line":107,"column":28}}]},"10":{"loc":{"start":{"line":112,"column":6},"end":{"line":112,"column":22}},"type":"default-arg","locations":[{"start":{"line":112,"column":17},"end":{"line":112,"column":22}}]},"11":{"loc":{"start":{"line":113,"column":6},"end":{"line":113,"column":19}},"type":"default-arg","locations":[{"start":{"line":113,"column":14},"end":{"line":113,"column":19}}]},"12":{"loc":{"start":{"line":114,"column":6},"end":{"line":114,"column":22}},"type":"default-arg","locations":[{"start":{"line":114,"column":17},"end":{"line":114,"column":22}}]},"13":{"loc":{"start":{"line":117,"column":6},"end":{"line":117,"column":26}},"type":"default-arg","locations":[{"start":{"line":117,"column":16},"end":{"line":117,"column":26}}]},"14":{"loc":{"start":{"line":119,"column":6},"end":{"line":119,"column":24}},"type":"default-arg","locations":[{"start":{"line":119,"column":19},"end":{"line":119,"column":24}}]},"15":{"loc":{"start":{"line":135,"column":6},"end":{"line":135,"column":20}},"type":"default-arg","locations":[{"start":{"line":135,"column":18},"end":{"line":135,"column":20}}]},"16":{"loc":{"start":{"line":145,"column":15},"end":{"line":145,"column":40}},"type":"binary-expr","locations":[{"start":{"line":145,"column":15},"end":{"line":145,"column":25}},{"start":{"line":145,"column":29},"end":{"line":145,"column":40}}]},"17":{"loc":{"start":{"line":147,"column":20},"end":{"line":147,"column":53}},"type":"cond-expr","locations":[{"start":{"line":147,"column":28},"end":{"line":147,"column":41}},{"start":{"line":147,"column":44},"end":{"line":147,"column":53}}]},"18":{"loc":{"start":{"line":148,"column":26},"end":{"line":148,"column":71}},"type":"cond-expr","locations":[{"start":{"line":148,"column":40},"end":{"line":148,"column":59}},{"start":{"line":148,"column":62},"end":{"line":148,"column":71}}]},"19":{"loc":{"start":{"line":160,"column":22},"end":{"line":160,"column":72}},"type":"cond-expr","locations":[{"start":{"line":160,"column":37},"end":{"line":160,"column":54}},{"start":{"line":160,"column":57},"end":{"line":160,"column":72}}]},"20":{"loc":{"start":{"line":163,"column":4},"end":{"line":165,"column":5}},"type":"if","locations":[{"start":{"line":163,"column":4},"end":{"line":165,"column":5}},{"start":{},"end":{}}]},"21":{"loc":{"start":{"line":163,"column":8},"end":{"line":163,"column":42}},"type":"binary-expr","locations":[{"start":{"line":163,"column":8},"end":{"line":163,"column":32}},{"start":{"line":163,"column":36},"end":{"line":163,"column":42}}]},"22":{"loc":{"start":{"line":166,"column":4},"end":{"line":168,"column":5}},"type":"if","locations":[{"start":{"line":166,"column":4},"end":{"line":168,"column":5}},{"start":{},"end":{}}]},"23":{"loc":{"start":{"line":166,"column":8},"end":{"line":166,"column":42}},"type":"binary-expr","locations":[{"start":{"line":166,"column":8},"end":{"line":166,"column":33}},{"start":{"line":166,"column":37},"end":{"line":166,"column":42}}]},"24":{"loc":{"start":{"line":174,"column":8},"end":{"line":176,"column":9}},"type":"if","locations":[{"start":{"line":174,"column":8},"end":{"line":176,"column":9}},{"start":{},"end":{}}]},"25":{"loc":{"start":{"line":179,"column":8},"end":{"line":179,"column":30}},"type":"cond-expr","locations":[{"start":{"line":179,"column":16},"end":{"line":179,"column":19}},{"start":{"line":179,"column":8},"end":{"line":179,"column":30}}]},"26":{"loc":{"start":{"line":179,"column":8},"end":{"line":179,"column":19}},"type":"binary-expr","locations":[{"start":{"line":179,"column":8},"end":{"line":179,"column":19}},{"start":{"line":179,"column":8},"end":{"line":179,"column":19}}]},"27":{"loc":{"start":{"line":182,"column":8},"end":{"line":182,"column":23}},"type":"cond-expr","locations":[{"start":{"line":182,"column":19},"end":{"line":182,"column":23}},{"start":{"line":182,"column":8},"end":{"line":182,"column":23}}]},"28":{"loc":{"start":{"line":182,"column":8},"end":{"line":182,"column":23}},"type":"binary-expr","locations":[{"start":{"line":182,"column":8},"end":{"line":182,"column":23}},{"start":{"line":182,"column":8},"end":{"line":182,"column":23}}]},"29":{"loc":{"start":{"line":190,"column":8},"end":{"line":190,"column":29}},"type":"if","locations":[{"start":{"line":190,"column":8},"end":{"line":190,"column":29}},{"start":{},"end":{}}]},"30":{"loc":{"start":{"line":193,"column":8},"end":{"line":195,"column":9}},"type":"if","locations":[{"start":{"line":193,"column":8},"end":{"line":195,"column":9}},{"start":{},"end":{}}]},"31":{"loc":{"start":{"line":193,"column":12},"end":{"line":193,"column":50}},"type":"binary-expr","locations":[{"start":{"line":193,"column":12},"end":{"line":193,"column":37}},{"start":{"line":193,"column":41},"end":{"line":193,"column":50}}]},"32":{"loc":{"start":{"line":206,"column":8},"end":{"line":206,"column":66}},"type":"binary-expr","locations":[{"start":{"line":206,"column":8},"end":{"line":206,"column":32}},{"start":{"line":206,"column":36},"end":{"line":206,"column":66}}]},"33":{"loc":{"start":{"line":207,"column":8},"end":{"line":207,"column":48}},"type":"binary-expr","locations":[{"start":{"line":207,"column":8},"end":{"line":207,"column":17}},{"start":{"line":207,"column":21},"end":{"line":207,"column":48}}]},"34":{"loc":{"start":{"line":208,"column":8},"end":{"line":208,"column":47}},"type":"binary-expr","locations":[{"start":{"line":208,"column":8},"end":{"line":208,"column":16}},{"start":{"line":208,"column":20},"end":{"line":208,"column":47}}]},"35":{"loc":{"start":{"line":209,"column":8},"end":{"line":209,"column":41}},"type":"binary-expr","locations":[{"start":{"line":209,"column":8},"end":{"line":209,"column":13}},{"start":{"line":209,"column":17},"end":{"line":209,"column":41}}]},"36":{"loc":{"start":{"line":219,"column":16},"end":{"line":219,"column":77}},"type":"cond-expr","locations":[{"start":{"line":219,"column":56},"end":{"line":219,"column":65}},{"start":{"line":219,"column":68},"end":{"line":219,"column":77}}]},"37":{"loc":{"start":{"line":219,"column":16},"end":{"line":219,"column":53}},"type":"binary-expr","locations":[{"start":{"line":219,"column":16},"end":{"line":219,"column":40}},{"start":{"line":219,"column":44},"end":{"line":219,"column":53}}]},"38":{"loc":{"start":{"line":224,"column":6},"end":{"line":227,"column":7}},"type":"if","locations":[{"start":{"line":224,"column":6},"end":{"line":227,"column":7}},{"start":{},"end":{}}]},"39":{"loc":{"start":{"line":224,"column":10},"end":{"line":224,"column":47}},"type":"binary-expr","locations":[{"start":{"line":224,"column":10},"end":{"line":224,"column":19}},{"start":{"line":224,"column":23},"end":{"line":224,"column":47}}]},"40":{"loc":{"start":{"line":233,"column":22},"end":{"line":233,"column":76}},"type":"cond-expr","locations":[{"start":{"line":233,"column":51},"end":{"line":233,"column":64}},{"start":{"line":233,"column":67},"end":{"line":233,"column":76}}]},"41":{"loc":{"start":{"line":233,"column":22},"end":{"line":233,"column":48}},"type":"binary-expr","locations":[{"start":{"line":233,"column":22},"end":{"line":233,"column":31}},{"start":{"line":233,"column":35},"end":{"line":233,"column":48}}]},"42":{"loc":{"start":{"line":237,"column":6},"end":{"line":237,"column":48}},"type":"if","locations":[{"start":{"line":237,"column":6},"end":{"line":237,"column":48}},{"start":{},"end":{}}]},"43":{"loc":{"start":{"line":238,"column":6},"end":{"line":238,"column":34}},"type":"if","locations":[{"start":{"line":238,"column":6},"end":{"line":238,"column":34}},{"start":{},"end":{}}]},"44":{"loc":{"start":{"line":245,"column":6},"end":{"line":245,"column":53}},"type":"if","locations":[{"start":{"line":245,"column":6},"end":{"line":245,"column":53}},{"start":{},"end":{}}]},"45":{"loc":{"start":{"line":246,"column":6},"end":{"line":246,"column":49}},"type":"if","locations":[{"start":{"line":246,"column":6},"end":{"line":246,"column":49}},{"start":{},"end":{}}]},"46":{"loc":{"start":{"line":247,"column":13},"end":{"line":247,"column":55}},"type":"cond-expr","locations":[{"start":{"line":247,"column":30},"end":{"line":247,"column":43}},{"start":{"line":247,"column":46},"end":{"line":247,"column":55}}]},"47":{"loc":{"start":{"line":252,"column":6},"end":{"line":252,"column":48}},"type":"if","locations":[{"start":{"line":252,"column":6},"end":{"line":252,"column":48}},{"start":{},"end":{}}]},"48":{"loc":{"start":{"line":262,"column":15},"end":{"line":262,"column":26}},"type":"binary-expr","locations":[{"start":{"line":262,"column":15},"end":{"line":262,"column":20}},{"start":{"line":262,"column":24},"end":{"line":262,"column":26}}]},"49":{"loc":{"start":{"line":263,"column":22},"end":{"line":263,"column":52}},"type":"cond-expr","locations":[{"start":{"line":263,"column":31},"end":{"line":263,"column":40}},{"start":{"line":263,"column":43},"end":{"line":263,"column":52}}]},"50":{"loc":{"start":{"line":267,"column":6},"end":{"line":269,"column":7}},"type":"if","locations":[{"start":{"line":267,"column":6},"end":{"line":269,"column":7}},{"start":{},"end":{}}]},"51":{"loc":{"start":{"line":271,"column":6},"end":{"line":273,"column":7}},"type":"if","locations":[{"start":{"line":271,"column":6},"end":{"line":273,"column":7}},{"start":{},"end":{}}]},"52":{"loc":{"start":{"line":281,"column":6},"end":{"line":288,"column":7}},"type":"if","locations":[{"start":{"line":281,"column":6},"end":{"line":288,"column":7}},{"start":{},"end":{}}]},"53":{"loc":{"start":{"line":293,"column":11},"end":{"line":293,"column":73}},"type":"binary-expr","locations":[{"start":{"line":293,"column":11},"end":{"line":293,"column":16}},{"start":{"line":293,"column":20},"end":{"line":293,"column":73}}]},"54":{"loc":{"start":{"line":298,"column":17},"end":{"line":306,"column":null}},"type":"binary-expr","locations":[{"start":{"line":298,"column":17},"end":{"line":298,"column":22}},{"start":{"line":299,"column":18},"end":{"line":305,"column":null}}]},"55":{"loc":{"start":{"line":302,"column":23},"end":{"line":303,"column":null}},"type":"binary-expr","locations":[{"start":{"line":302,"column":23},"end":{"line":302,"column":31}},{"start":{"line":302,"column":35},"end":{"line":302,"column":59}},{"start":{"line":303,"column":24},"end":{"line":303,"column":67}}]},"56":{"loc":{"start":{"line":308,"column":17},"end":{"line":311,"column":null}},"type":"binary-expr","locations":[{"start":{"line":308,"column":17},"end":{"line":308,"column":25}},{"start":{"line":309,"column":18},"end":{"line":310,"column":null}}]},"57":{"loc":{"start":{"line":315,"column":13},"end":{"line":318,"column":null}},"type":"binary-expr","locations":[{"start":{"line":315,"column":13},"end":{"line":315,"column":24}},{"start":{"line":316,"column":14},"end":{"line":317,"column":null}}]},"58":{"loc":{"start":{"line":321,"column":11},"end":{"line":321,"column":54}},"type":"binary-expr","locations":[{"start":{"line":321,"column":11},"end":{"line":321,"column":17}},{"start":{"line":321,"column":21},"end":{"line":321,"column":54}}]},"59":{"loc":{"start":{"line":327,"column":4},"end":{"line":344,"column":5}},"type":"if","locations":[{"start":{"line":327,"column":4},"end":{"line":344,"column":5}},{"start":{},"end":{}}]},"60":{"loc":{"start":{"line":338,"column":22},"end":{"line":338,"column":52}},"type":"cond-expr","locations":[{"start":{"line":338,"column":31},"end":{"line":338,"column":40}},{"start":{"line":338,"column":43},"end":{"line":338,"column":52}}]},"61":{"loc":{"start":{"line":353,"column":27},"end":{"line":353,"column":65}},"type":"cond-expr","locations":[{"start":{"line":353,"column":52},"end":{"line":353,"column":60}},{"start":{"line":353,"column":63},"end":{"line":353,"column":65}}]},"62":{"loc":{"start":{"line":360,"column":20},"end":{"line":360,"column":50}},"type":"cond-expr","locations":[{"start":{"line":360,"column":29},"end":{"line":360,"column":38}},{"start":{"line":360,"column":41},"end":{"line":360,"column":50}}]}},"s":{"0":2,"1":2,"2":2,"3":2,"4":2,"5":1,"6":1,"7":1,"8":91,"9":55,"10":55,"11":2,"12":311,"13":311,"14":311,"15":311,"16":311,"17":311,"18":311,"19":311,"20":311,"21":311,"22":1,"23":311,"24":91,"25":311,"26":24,"27":7,"28":24,"29":24,"30":311,"31":24,"32":0,"33":24,"34":0,"35":24,"36":311,"37":230,"38":311,"39":230,"40":230,"41":38,"42":38,"43":230,"44":311,"45":311,"46":207,"47":0,"48":207,"49":205,"50":2,"51":311,"52":207,"53":207,"54":0,"55":207,"56":174,"57":207,"58":311,"59":311,"60":79,"61":232,"62":232,"63":130,"64":102,"65":102,"66":0,"67":311,"68":311,"69":2,"70":309,"71":311,"72":79,"73":232,"74":2,"75":2,"76":2},"f":{"0":1,"1":91,"2":311,"3":24,"4":24,"5":230,"6":230,"7":207,"8":207,"9":311,"10":311},"b":{"0":[1,0],"1":[1,1,1],"2":[0,1],"3":[1,1],"4":[55,36],"5":[91,91,91],"6":[0,91],"7":[91,91],"8":[6],"9":[308],"10":[297],"11":[43],"12":[42],"13":[44],"14":[44],"15":[311],"16":[311,44],"17":[309,2],"18":[270,41],"19":[269,42],"20":[1,310],"21":[311,232],"22":[91,220],"23":[311,102],"24":[7,17],"25":[2,22],"26":[24,24],"27":[23,1],"28":[24,24],"29":[0,24],"30":[0,24],"31":[24,6],"32":[230,151],"33":[230,38],"34":[230,14],"35":[230,13],"36":[137,93],"37":[230,151],"38":[38,192],"39":[230,38],"40":[0,311],"41":[311,64],"42":[0,207],"43":[205,2],"44":[0,207],"45":[174,33],"46":[174,33],"47":[79,232],"48":[232,1],"49":[1,231],"50":[130,102],"51":[102,0],"52":[2,309],"53":[309,3],"54":[309,308],"55":[308,8,5],"56":[309,1],"57":[309,270],"58":[309,1],"59":[79,232],"60":[1,78],"61":[232,0],"62":[1,231]}}
}
