TN:
SF:packages/@dsai/react/src/components/SelectableCard/SelectableCard.tsx
FN:18,warnMissingValue
FN:35,warnMissingName
FN:98,SelectableCard
FN:172,(anonymous_3)
FN:189,(anonymous_4)
FN:203,(anonymous_5)
FN:217,(anonymous_6)
FN:236,(anonymous_7)
FN:243,(anonymous_8)
FN:251,(anonymous_9)
FN:279,(anonymous_10)
FNF:11
FNH:11
FNDA:1,warnMissingValue
FNDA:91,warnMissingName
FNDA:311,SelectableCard
FNDA:24,(anonymous_3)
FNDA:24,(anonymous_4)
FNDA:230,(anonymous_5)
FNDA:230,(anonymous_6)
FNDA:207,(anonymous_7)
FNDA:207,(anonymous_8)
FNDA:311,(anonymous_9)
FNDA:311,(anonymous_10)
DA:1,2
DA:3,2
DA:4,2
DA:5,2
DA:13,2
DA:19,1
DA:24,1
DA:25,1
DA:36,91
DA:41,55
DA:42,55
DA:97,2
DA:144,311
DA:145,311
DA:146,311
DA:147,311
DA:148,311
DA:151,311
DA:154,311
DA:157,311
DA:160,311
DA:163,311
DA:164,1
DA:166,311
DA:167,91
DA:171,311
DA:174,24
DA:175,7
DA:179,24
DA:182,24
DA:188,311
DA:190,24
DA:193,24
DA:194,0
DA:197,24
DA:203,311
DA:204,230
DA:217,311
DA:218,230
DA:224,230
DA:225,38
DA:226,38
DA:229,230
DA:233,311
DA:236,311
DA:237,207
DA:238,207
DA:239,2
DA:243,311
DA:244,207
DA:245,207
DA:246,207
DA:247,207
DA:251,311
DA:252,311
DA:254,232
DA:267,232
DA:268,130
DA:271,102
DA:272,102
DA:275,0
DA:279,311
DA:281,311
DA:282,2
DA:291,309
DA:327,311
DA:328,79
DA:349,232
DA:370,2
DA:373,2
DA:376,2
LF:71
LH:69
BRDA:19,0,0,1
BRDA:19,0,1,0
BRDA:20,1,0,1
BRDA:20,1,1,1
BRDA:20,1,2,1
BRDA:21,2,0,0
BRDA:21,2,1,1
BRDA:21,3,0,1
BRDA:21,3,1,1
BRDA:36,4,0,55
BRDA:36,4,1,36
BRDA:37,5,0,91
BRDA:37,5,1,91
BRDA:37,5,2,91
BRDA:38,6,0,0
BRDA:38,6,1,91
BRDA:38,7,0,91
BRDA:38,7,1,91
BRDA:105,8,0,6
BRDA:107,9,0,308
BRDA:112,10,0,297
BRDA:113,11,0,43
BRDA:114,12,0,42
BRDA:117,13,0,44
BRDA:119,14,0,44
BRDA:135,15,0,311
BRDA:145,16,0,311
BRDA:145,16,1,44
BRDA:147,17,0,309
BRDA:147,17,1,2
BRDA:148,18,0,270
BRDA:148,18,1,41
BRDA:160,19,0,269
BRDA:160,19,1,42
BRDA:163,20,0,1
BRDA:163,20,1,310
BRDA:163,21,0,311
BRDA:163,21,1,232
BRDA:166,22,0,91
BRDA:166,22,1,220
BRDA:166,23,0,311
BRDA:166,23,1,102
BRDA:174,24,0,7
BRDA:174,24,1,17
BRDA:179,25,0,2
BRDA:179,25,1,22
BRDA:179,26,0,24
BRDA:179,26,1,24
BRDA:182,27,0,23
BRDA:182,27,1,1
BRDA:182,28,0,24
BRDA:182,28,1,24
BRDA:190,29,0,0
BRDA:190,29,1,24
BRDA:193,30,0,0
BRDA:193,30,1,24
BRDA:193,31,0,24
BRDA:193,31,1,6
BRDA:206,32,0,230
BRDA:206,32,1,151
BRDA:207,33,0,230
BRDA:207,33,1,38
BRDA:208,34,0,230
BRDA:208,34,1,14
BRDA:209,35,0,230
BRDA:209,35,1,13
BRDA:219,36,0,137
BRDA:219,36,1,93
BRDA:219,37,0,230
BRDA:219,37,1,151
BRDA:224,38,0,38
BRDA:224,38,1,192
BRDA:224,39,0,230
BRDA:224,39,1,38
BRDA:233,40,0,0
BRDA:233,40,1,311
BRDA:233,41,0,311
BRDA:233,41,1,64
BRDA:237,42,0,0
BRDA:237,42,1,207
BRDA:238,43,0,205
BRDA:238,43,1,2
BRDA:245,44,0,0
BRDA:245,44,1,207
BRDA:246,45,0,174
BRDA:246,45,1,33
BRDA:247,46,0,174
BRDA:247,46,1,33
BRDA:252,47,0,79
BRDA:252,47,1,232
BRDA:262,48,0,232
BRDA:262,48,1,1
BRDA:263,49,0,1
BRDA:263,49,1,231
BRDA:267,50,0,130
BRDA:267,50,1,102
BRDA:271,51,0,102
BRDA:271,51,1,0
BRDA:281,52,0,2
BRDA:281,52,1,309
BRDA:293,53,0,309
BRDA:293,53,1,3
BRDA:298,54,0,309
BRDA:298,54,1,308
BRDA:302,55,0,308
BRDA:302,55,1,8
BRDA:302,55,2,5
BRDA:308,56,0,309
BRDA:308,56,1,1
BRDA:315,57,0,309
BRDA:315,57,1,270
BRDA:321,58,0,309
BRDA:321,58,1,1
BRDA:327,59,0,79
BRDA:327,59,1,232
BRDA:338,60,0,1
BRDA:338,60,1,78
BRDA:353,61,0,232
BRDA:353,61,1,0
BRDA:360,62,0,1
BRDA:360,62,1,231
BRF:121
BRH:111
end_of_record
