{"total": {"lines":{"total":44538,"covered":15996,"skipped":0,"pct":35.91},"statements":{"total":44729,"covered":16161,"skipped":0,"pct":36.13},"functions":{"total":7843,"covered":1401,"skipped":0,"pct":17.86},"branches":{"total":45853,"covered":6719,"skipped":0,"pct":14.65},"branchesTrue":{"total":0,"covered":0,"skipped":0,"pct":100}}
,"/Users/michel/GitHub/dsai/packages/@dsai/react/src/components/Accordion/Accordion.figma.tsx": {"lines":{"total":17,"covered":0,"skipped":0,"pct":0},"functions":{"total":8,"covered":0,"skipped":0,"pct":0},"statements":{"total":17,"covered":0,"skipped":0,"pct":0},"branches":{"total":2,"covered":0,"skipped":0,"pct":0}}
,"/Users/michel/GitHub/dsai/packages/@dsai/react/src/components/Accordion/Accordion.fsm.ts": {"lines":{"total":49,"covered":49,"skipped":0,"pct":100},"functions":{"total":6,"covered":6,"skipped":0,"pct":100},"statements":{"total":49,"covered":49,"skipped":0,"pct":100},"branches":{"total":36,"covered":36,"skipped":0,"pct":100}}
,"/Users/michel/GitHub/dsai/packages/@dsai/react/src/components/Accordion/Accordion.tsx": {"lines":{"total":129,"covered":118,"skipped":0,"pct":91.47},"functions":{"total":30,"covered":25,"skipped":0,"pct":83.33},"statements":{"total":132,"covered":121,"skipped":0,"pct":91.66},"branches":{"total":98,"covered":86,"skipped":0,"pct":87.75}}
,"/Users/michel/GitHub/dsai/packages/@dsai/react/src/components/Alert/Alert.figma.tsx": {"lines":{"total":7,"covered":0,"skipped":0,"pct":0},"functions":{"total":2,"covered":0,"skipped":0,"pct":0},"statements":{"total":7,"covered":0,"skipped":0,"pct":0},"branches":{"total":14,"covered":0,"skipped":0,"pct":0}}
,"/Users/michel/GitHub/dsai/packages/@dsai/react/src/components/Alert/Alert.fsm.ts": {"lines":{"total":13,"covered":10,"skipped":0,"pct":76.92},"functions":{"total":2,"covered":2,"skipped":0,"pct":100},"statements":{"total":13,"covered":10,"skipped":0,"pct":76.92},"branches":{"total":15,"covered":12,"skipped":0,"pct":80}}
,"/Users/michel/GitHub/dsai/packages/@dsai/react/src/components/Alert/Alert.tsx": {"lines":{"total":56,"covered":55,"skipped":0,"pct":98.21},"functions":{"total":12,"covered":12,"skipped":0,"pct":100},"statements":{"total":58,"covered":57,"skipped":0,"pct":98.27},"branches":{"total":62,"covered":54,"skipped":0,"pct":87.09}}
,"/Users/michel/GitHub/dsai/packages/@dsai/react/src/components/Avatar/Avatar.figma.tsx": {"lines":{"total":7,"covered":0,"skipped":0,"pct":0},"functions":{"total":2,"covered":0,"skipped":0,"pct":0},"statements":{"total":7,"covered":0,"skipped":0,"pct":0},"branches":{"total":4,"covered":0,"skipped":0,"pct":0}}
,"/Users/michel/GitHub/dsai/packages/@dsai/react/src/components/Avatar/Avatar.tsx": {"lines":{"total":250,"covered":241,"skipped":0,"pct":96.4},"functions":{"total":31,"covered":31,"skipped":0,"pct":100},"statements":{"total":253,"covered":244,"skipped":0,"pct":96.44},"branches":{"total":282,"covered":261,"skipped":0,"pct":92.55}}
,"/Users/michel/GitHub/dsai/packages/@dsai/react/src/components/Avatar/Avatar.types.ts": {"lines":{"total":9,"covered":9,"skipped":0,"pct":100},"functions":{"total":0,"covered":0,"skipped":0,"pct":100},"statements":{"total":9,"covered":9,"skipped":0,"pct":100},"branches":{"total":0,"covered":0,"skipped":0,"pct":100}}
,"/Users/michel/GitHub/dsai/packages/@dsai/react/src/components/Avatar/AvatarGroup.tsx": {"lines":{"total":78,"covered":64,"skipped":0,"pct":82.05},"functions":{"total":13,"covered":13,"skipped":0,"pct":100},"statements":{"total":78,"covered":64,"skipped":0,"pct":82.05},"branches":{"total":95,"covered":73,"skipped":0,"pct":76.84}}
,"/Users/michel/GitHub/dsai/packages/@dsai/react/src/components/Badge/Badge.figma.tsx": {"lines":{"total":8,"covered":0,"skipped":0,"pct":0},"functions":{"total":1,"covered":0,"skipped":0,"pct":0},"statements":{"total":8,"covered":0,"skipped":0,"pct":0},"branches":{"total":14,"covered":0,"skipped":0,"pct":0}}
,"/Users/michel/GitHub/dsai/packages/@dsai/react/src/components/Badge/Badge.tsx": {"lines":{"total":20,"covered":20,"skipped":0,"pct":100},"functions":{"total":3,"covered":3,"skipped":0,"pct":100},"statements":{"total":20,"covered":20,"skipped":0,"pct":100},"branches":{"total":42,"covered":40,"skipped":0,"pct":95.23}}
,"/Users/michel/GitHub/dsai/packages/@dsai/react/src/components/Breadcrumb/Breadcrumb.figma.tsx": {"lines":{"total":9,"covered":0,"skipped":0,"pct":0},"functions":{"total":2,"covered":0,"skipped":0,"pct":0},"statements":{"total":9,"covered":0,"skipped":0,"pct":0},"branches":{"total":12,"covered":0,"skipped":0,"pct":0}}
,"/Users/michel/GitHub/dsai/packages/@dsai/react/src/components/Breadcrumb/Breadcrumb.fsm.ts": {"lines":{"total":26,"covered":24,"skipped":0,"pct":92.3},"functions":{"total":6,"covered":6,"skipped":0,"pct":100},"statements":{"total":26,"covered":24,"skipped":0,"pct":92.3},"branches":{"total":15,"covered":14,"skipped":0,"pct":93.33}}
,"/Users/michel/GitHub/dsai/packages/@dsai/react/src/components/Breadcrumb/Breadcrumb.tsx": {"lines":{"total":72,"covered":72,"skipped":0,"pct":100},"functions":{"total":16,"covered":16,"skipped":0,"pct":100},"statements":{"total":73,"covered":73,"skipped":0,"pct":100},"branches":{"total":75,"covered":71,"skipped":0,"pct":94.66}}
,"/Users/michel/GitHub/dsai/packages/@dsai/react/src/components/Button/BaseButton.tsx": {"lines":{"total":18,"covered":16,"skipped":0,"pct":88.88},"functions":{"total":3,"covered":3,"skipped":0,"pct":100},"statements":{"total":18,"covered":16,"skipped":0,"pct":88.88},"branches":{"total":47,"covered":42,"skipped":0,"pct":89.36}}
,"/Users/michel/GitHub/dsai/packages/@dsai/react/src/components/Button/Button.figma.tsx": {"lines":{"total":7,"covered":0,"skipped":0,"pct":0},"functions":{"total":1,"covered":0,"skipped":0,"pct":0},"statements":{"total":7,"covered":0,"skipped":0,"pct":0},"branches":{"total":12,"covered":0,"skipped":0,"pct":0}}
,"/Users/michel/GitHub/dsai/packages/@dsai/react/src/components/Button/Button.fsm.ts": {"lines":{"total":50,"covered":46,"skipped":0,"pct":92},"functions":{"total":2,"covered":2,"skipped":0,"pct":100},"statements":{"total":50,"covered":46,"skipped":0,"pct":92},"branches":{"total":93,"covered":82,"skipped":0,"pct":88.17}}
,"/Users/michel/GitHub/dsai/packages/@dsai/react/src/components/Button/Button.tsx": {"lines":{"total":38,"covered":36,"skipped":0,"pct":94.73},"functions":{"total":13,"covered":13,"skipped":0,"pct":100},"statements":{"total":39,"covered":37,"skipped":0,"pct":94.87},"branches":{"total":21,"covered":19,"skipped":0,"pct":90.47}}
,"/Users/michel/GitHub/dsai/packages/@dsai/react/src/components/Card/Card.figma.tsx": {"lines":{"total":12,"covered":0,"skipped":0,"pct":0},"functions":{"total":1,"covered":0,"skipped":0,"pct":0},"statements":{"total":12,"covered":0,"skipped":0,"pct":0},"branches":{"total":45,"covered":0,"skipped":0,"pct":0}}
,"/Users/michel/GitHub/dsai/packages/@dsai/react/src/components/Card/Card.tsx": {"lines":{"total":90,"covered":90,"skipped":0,"pct":100},"functions":{"total":25,"covered":25,"skipped":0,"pct":100},"statements":{"total":97,"covered":97,"skipped":0,"pct":100},"branches":{"total":73,"covered":68,"skipped":0,"pct":93.15}}
,"/Users/michel/GitHub/dsai/packages/@dsai/react/src/components/CardList/CardList.figma.tsx": {"lines":{"total":15,"covered":0,"skipped":0,"pct":0},"functions":{"total":4,"covered":0,"skipped":0,"pct":0},"statements":{"total":16,"covered":0,"skipped":0,"pct":0},"branches":{"total":18,"covered":0,"skipped":0,"pct":0}}
,"/Users/michel/GitHub/dsai/packages/@dsai/react/src/components/CardList/CardList.fsm.ts": {"lines":{"total":69,"covered":67,"skipped":0,"pct":97.1},"functions":{"total":14,"covered":14,"skipped":0,"pct":100},"statements":{"total":69,"covered":67,"skipped":0,"pct":97.1},"branches":{"total":30,"covered":29,"skipped":0,"pct":96.66}}
,"/Users/michel/GitHub/dsai/packages/@dsai/react/src/components/CardList/CardList.tsx": {"lines":{"total":96,"covered":95,"skipped":0,"pct":98.95},"functions":{"total":23,"covered":23,"skipped":0,"pct":100},"statements":{"total":99,"covered":98,"skipped":0,"pct":98.98},"branches":{"total":91,"covered":84,"skipped":0,"pct":92.3}}
,"/Users/michel/GitHub/dsai/packages/@dsai/react/src/components/Carousel/Carousel.figma.tsx": {"lines":{"total":12,"covered":0,"skipped":0,"pct":0},"functions":{"total":4,"covered":0,"skipped":0,"pct":0},"statements":{"total":13,"covered":0,"skipped":0,"pct":0},"branches":{"total":14,"covered":0,"skipped":0,"pct":0}}
,"/Users/michel/GitHub/dsai/packages/@dsai/react/src/components/Carousel/Carousel.fsm.ts": {"lines":{"total":83,"covered":81,"skipped":0,"pct":97.59},"functions":{"total":6,"covered":6,"skipped":0,"pct":100},"statements":{"total":83,"covered":81,"skipped":0,"pct":97.59},"branches":{"total":61,"covered":56,"skipped":0,"pct":91.8}}
,"/Users/michel/GitHub/dsai/packages/@dsai/react/src/components/Carousel/Carousel.tsx": {"lines":{"total":184,"covered":159,"skipped":0,"pct":86.41},"functions":{"total":41,"covered":36,"skipped":0,"pct":87.8},"statements":{"total":191,"covered":164,"skipped":0,"pct":85.86},"branches":{"total":185,"covered":134,"skipped":0,"pct":72.43}}
,"/Users/michel/GitHub/dsai/packages/@dsai/react/src/components/Carousel/CarouselCaption.tsx": {"lines":{"total":9,"covered":9,"skipped":0,"pct":100},"functions":{"total":2,"covered":2,"skipped":0,"pct":100},"statements":{"total":9,"covered":9,"skipped":0,"pct":100},"branches":{"total":9,"covered":9,"skipped":0,"pct":100}}
,"/Users/michel/GitHub/dsai/packages/@dsai/react/src/components/Carousel/CarouselControl.tsx": {"lines":{"total":19,"covered":16,"skipped":0,"pct":84.21},"functions":{"total":6,"covered":5,"skipped":0,"pct":83.33},"statements":{"total":20,"covered":17,"skipped":0,"pct":85},"branches":{"total":14,"covered":8,"skipped":0,"pct":57.14}}
,"/Users/michel/GitHub/dsai/packages/@dsai/react/src/components/Carousel/CarouselIndicators.tsx": {"lines":{"total":29,"covered":27,"skipped":0,"pct":93.1},"functions":{"total":14,"covered":14,"skipped":0,"pct":100},"statements":{"total":34,"covered":32,"skipped":0,"pct":94.11},"branches":{"total":19,"covered":16,"skipped":0,"pct":84.21}}
,"/Users/michel/GitHub/dsai/packages/@dsai/react/src/components/Carousel/CarouselItem.tsx": {"lines":{"total":6,"covered":6,"skipped":0,"pct":100},"functions":{"total":2,"covered":2,"skipped":0,"pct":100},"statements":{"total":7,"covered":7,"skipped":0,"pct":100},"branches":{"total":1,"covered":1,"skipped":0,"pct":100}}
,"/Users/michel/GitHub/dsai/packages/@dsai/react/src/components/Carousel/CarouselPauseButton.tsx": {"lines":{"total":9,"covered":9,"skipped":0,"pct":100},"functions":{"total":2,"covered":2,"skipped":0,"pct":100},"statements":{"total":9,"covered":9,"skipped":0,"pct":100},"branches":{"total":7,"covered":7,"skipped":0,"pct":100}}
,"/Users/michel/GitHub/dsai/packages/@dsai/react/src/components/Checkbox/Checkbox.figma.tsx": {"lines":{"total":14,"covered":0,"skipped":0,"pct":0},"functions":{"total":1,"covered":0,"skipped":0,"pct":0},"statements":{"total":14,"covered":0,"skipped":0,"pct":0},"branches":{"total":25,"covered":0,"skipped":0,"pct":0}}
,"/Users/michel/GitHub/dsai/packages/@dsai/react/src/components/Checkbox/Checkbox.tsx": {"lines":{"total":31,"covered":31,"skipped":0,"pct":100},"functions":{"total":9,"covered":9,"skipped":0,"pct":100},"statements":{"total":35,"covered":35,"skipped":0,"pct":100},"branches":{"total":51,"covered":48,"skipped":0,"pct":94.11}}
,"/Users/michel/GitHub/dsai/packages/@dsai/react/src/components/CheckboxGroup/CheckboxGroup.figma.tsx": {"lines":{"total":12,"covered":0,"skipped":0,"pct":0},"functions":{"total":1,"covered":0,"skipped":0,"pct":0},"statements":{"total":12,"covered":0,"skipped":0,"pct":0},"branches":{"total":29,"covered":0,"skipped":0,"pct":0}}
,"/Users/michel/GitHub/dsai/packages/@dsai/react/src/components/CheckboxGroup/CheckboxGroup.fsm.ts": {"lines":{"total":42,"covered":40,"skipped":0,"pct":95.23},"functions":{"total":10,"covered":10,"skipped":0,"pct":100},"statements":{"total":42,"covered":40,"skipped":0,"pct":95.23},"branches":{"total":14,"covered":13,"skipped":0,"pct":92.85}}
,"/Users/michel/GitHub/dsai/packages/@dsai/react/src/components/CheckboxGroup/CheckboxGroup.tsx": {"lines":{"total":61,"covered":60,"skipped":0,"pct":98.36},"functions":{"total":17,"covered":17,"skipped":0,"pct":100},"statements":{"total":64,"covered":63,"skipped":0,"pct":98.43},"branches":{"total":64,"covered":61,"skipped":0,"pct":95.31}}
,"/Users/michel/GitHub/dsai/packages/@dsai/react/src/components/Dropdown/Dropdown.figma.tsx": {"lines":{"total":15,"covered":0,"skipped":0,"pct":0},"functions":{"total":6,"covered":0,"skipped":0,"pct":0},"statements":{"total":15,"covered":0,"skipped":0,"pct":0},"branches":{"total":4,"covered":0,"skipped":0,"pct":0}}
,"/Users/michel/GitHub/dsai/packages/@dsai/react/src/components/Dropdown/Dropdown.fsm.ts": {"lines":{"total":27,"covered":23,"skipped":0,"pct":85.18},"functions":{"total":3,"covered":3,"skipped":0,"pct":100},"statements":{"total":27,"covered":23,"skipped":0,"pct":85.18},"branches":{"total":27,"covered":23,"skipped":0,"pct":85.18}}
,"/Users/michel/GitHub/dsai/packages/@dsai/react/src/components/Dropdown/Dropdown.tsx": {"lines":{"total":195,"covered":172,"skipped":0,"pct":88.2},"functions":{"total":42,"covered":37,"skipped":0,"pct":88.09},"statements":{"total":202,"covered":179,"skipped":0,"pct":88.61},"branches":{"total":225,"covered":191,"skipped":0,"pct":84.88}}
,"/Users/michel/GitHub/dsai/packages/@dsai/react/src/components/Icon/Icon.figma.tsx": {"lines":{"total":4159,"covered":0,"skipped":0,"pct":0},"functions":{"total":2078,"covered":0,"skipped":0,"pct":0},"statements":{"total":4159,"covered":0,"skipped":0,"pct":0},"branches":{"total":0,"covered":0,"skipped":0,"pct":100}}
,"/Users/michel/GitHub/dsai/packages/@dsai/react/src/components/Icon/components/ActivityIcon.tsx": {"lines":{"total":15,"covered":4,"skipped":0,"pct":26.66},"functions":{"total":2,"covered":0,"skipped":0,"pct":0},"statements":{"total":15,"covered":4,"skipped":0,"pct":26.66},"branches":{"total":18,"covered":0,"skipped":0,"pct":0}}
,"/Users/michel/GitHub/dsai/packages/@dsai/react/src/components/Icon/components/AirplaneEnginesFillIcon.tsx": {"lines":{"total":15,"covered":4,"skipped":0,"pct":26.66},"functions":{"total":2,"covered":0,"skipped":0,"pct":0},"statements":{"total":15,"covered":4,"skipped":0,"pct":26.66},"branches":{"total":18,"covered":0,"skipped":0,"pct":0}}
,"/Users/michel/GitHub/dsai/packages/@dsai/react/src/components/Icon/components/AirplaneEnginesIcon.tsx": {"lines":{"total":15,"covered":4,"skipped":0,"pct":26.66},"functions":{"total":2,"covered":0,"skipped":0,"pct":0},"statements":{"total":15,"covered":4,"skipped":0,"pct":26.66},"branches":{"total":18,"covered":0,"skipped":0,"pct":0}}
,"/Users/michel/GitHub/dsai/packages/@dsai/react/src/components/Icon/components/AirplaneFillIcon.tsx": {"lines":{"total":15,"covered":4,"skipped":0,"pct":26.66},"functions":{"total":2,"covered":0,"skipped":0,"pct":0},"statements":{"total":15,"covered":4,"skipped":0,"pct":26.66},"branches":{"total":18,"covered":0,"skipped":0,"pct":0}}
,"/Users/michel/GitHub/dsai/packages/@dsai/react/src/components/Icon/components/AirplaneIcon.tsx": {"lines":{"total":15,"covered":4,"skipped":0,"pct":26.66},"functions":{"total":2,"covered":0,"skipped":0,"pct":0},"statements":{"total":15,"covered":4,"skipped":0,"pct":26.66},"branches":{"total":18,"covered":0,"skipped":0,"pct":0}}
,"/Users/michel/GitHub/dsai/packages/@dsai/react/src/components/Icon/components/AlarmFillIcon.tsx": {"lines":{"total":15,"covered":4,"skipped":0,"pct":26.66},"functions":{"total":2,"covered":0,"skipped":0,"pct":0},"statements":{"total":15,"covered":4,"skipped":0,"pct":26.66},"branches":{"total":18,"covered":0,"skipped":0,"pct":0}}
,"/Users/michel/GitHub/dsai/packages/@dsai/react/src/components/Icon/components/AlarmIcon.tsx": {"lines":{"total":15,"covered":4,"skipped":0,"pct":26.66},"functions":{"total":2,"covered":0,"skipped":0,"pct":0},"statements":{"total":15,"covered":4,"skipped":0,"pct":26.66},"branches":{"total":18,"covered":0,"skipped":0,"pct":0}}
,"/Users/michel/GitHub/dsai/packages/@dsai/react/src/components/Icon/components/AlexaIcon.tsx": {"lines":{"total":15,"covered":4,"skipped":0,"pct":26.66},"functions":{"total":2,"covered":0,"skipped":0,"pct":0},"statements":{"total":15,"covered":4,"skipped":0,"pct":26.66},"branches":{"total":18,"covered":0,"skipped":0,"pct":0}}
,"/Users/michel/GitHub/dsai/packages/@dsai/react/src/components/Icon/components/AlignBottomIcon.tsx": {"lines":{"total":15,"covered":4,"skipped":0,"pct":26.66},"functions":{"total":2,"covered":0,"skipped":0,"pct":0},"statements":{"total":15,"covered":4,"skipped":0,"pct":26.66},"branches":{"total":18,"covered":0,"skipped":0,"pct":0}}
,"/Users/michel/GitHub/dsai/packages/@dsai/react/src/components/Icon/components/AlignCenterIcon.tsx": {"lines":{"total":15,"covered":4,"skipped":0,"pct":26.66},"functions":{"total":2,"covered":0,"skipped":0,"pct":0},"statements":{"total":15,"covered":4,"skipped":0,"pct":26.66},"branches":{"total":18,"covered":0,"skipped":0,"pct":0}}
,"/Users/michel/GitHub/dsai/packages/@dsai/react/src/components/Icon/components/AlignEndIcon.tsx": {"lines":{"total":15,"covered":4,"skipped":0,"pct":26.66},"functions":{"total":2,"covered":0,"skipped":0,"pct":0},"statements":{"total":15,"covered":4,"skipped":0,"pct":26.66},"branches":{"total":18,"covered":0,"skipped":0,"pct":0}}
,"/Users/michel/GitHub/dsai/packages/@dsai/react/src/components/Icon/components/AlignMiddleIcon.tsx": {"lines":{"total":15,"covered":4,"skipped":0,"pct":26.66},"functions":{"total":2,"covered":0,"skipped":0,"pct":0},"statements":{"total":15,"covered":4,"skipped":0,"pct":26.66},"branches":{"total":18,"covered":0,"skipped":0,"pct":0}}
,"/Users/michel/GitHub/dsai/packages/@dsai/react/src/components/Icon/components/AlignStartIcon.tsx": {"lines":{"total":15,"covered":4,"skipped":0,"pct":26.66},"functions":{"total":2,"covered":0,"skipped":0,"pct":0},"statements":{"total":15,"covered":4,"skipped":0,"pct":26.66},"branches":{"total":18,"covered":0,"skipped":0,"pct":0}}
,"/Users/michel/GitHub/dsai/packages/@dsai/react/src/components/Icon/components/AlignTopIcon.tsx": {"lines":{"total":15,"covered":4,"skipped":0,"pct":26.66},"functions":{"total":2,"covered":0,"skipped":0,"pct":0},"statements":{"total":15,"covered":4,"skipped":0,"pct":26.66},"branches":{"total":18,"covered":0,"skipped":0,"pct":0}}
,"/Users/michel/GitHub/dsai/packages/@dsai/react/src/components/Icon/components/AlipayIcon.tsx": {"lines":{"total":15,"covered":4,"skipped":0,"pct":26.66},"functions":{"total":2,"covered":0,"skipped":0,"pct":0},"statements":{"total":15,"covered":4,"skipped":0,"pct":26.66},"branches":{"total":18,"covered":0,"skipped":0,"pct":0}}
,"/Users/michel/GitHub/dsai/packages/@dsai/react/src/components/Icon/components/AlphabetIcon.tsx": {"lines":{"total":15,"covered":4,"skipped":0,"pct":26.66},"functions":{"total":2,"covered":0,"skipped":0,"pct":0},"statements":{"total":15,"covered":4,"skipped":0,"pct":26.66},"branches":{"total":18,"covered":0,"skipped":0,"pct":0}}
,"/Users/michel/GitHub/dsai/packages/@dsai/react/src/components/Icon/components/AlphabetUppercaseIcon.tsx": {"lines":{"total":15,"covered":4,"skipped":0,"pct":26.66},"functions":{"total":2,"covered":0,"skipped":0,"pct":0},"statements":{"total":15,"covered":4,"skipped":0,"pct":26.66},"branches":{"total":18,"covered":0,"skipped":0,"pct":0}}
,"/Users/michel/GitHub/dsai/packages/@dsai/react/src/components/Icon/components/AltIcon.tsx": {"lines":{"total":15,"covered":4,"skipped":0,"pct":26.66},"functions":{"total":2,"covered":0,"skipped":0,"pct":0},"statements":{"total":15,"covered":4,"skipped":0,"pct":26.66},"branches":{"total":18,"covered":0,"skipped":0,"pct":0}}
,"/Users/michel/GitHub/dsai/packages/@dsai/react/src/components/Icon/components/AmazonIcon.tsx": {"lines":{"total":15,"covered":4,"skipped":0,"pct":26.66},"functions":{"total":2,"covered":0,"skipped":0,"pct":0},"statements":{"total":15,"covered":4,"skipped":0,"pct":26.66},"branches":{"total":18,"covered":0,"skipped":0,"pct":0}}
,"/Users/michel/GitHub/dsai/packages/@dsai/react/src/components/Icon/components/AmdIcon.tsx": {"lines":{"total":15,"covered":4,"skipped":0,"pct":26.66},"functions":{"total":2,"covered":0,"skipped":0,"pct":0},"statements":{"total":15,"covered":4,"skipped":0,"pct":26.66},"branches":{"total":18,"covered":0,"skipped":0,"pct":0}}
,"/Users/michel/GitHub/dsai/packages/@dsai/react/src/components/Icon/components/Android2Icon.tsx": {"lines":{"total":15,"covered":4,"skipped":0,"pct":26.66},"functions":{"total":2,"covered":0,"skipped":0,"pct":0},"statements":{"total":15,"covered":4,"skipped":0,"pct":26.66},"branches":{"total":18,"covered":0,"skipped":0,"pct":0}}
,"/Users/michel/GitHub/dsai/packages/@dsai/react/src/components/Icon/components/AndroidIcon.tsx": {"lines":{"total":15,"covered":4,"skipped":0,"pct":26.66},"functions":{"total":2,"covered":0,"skipped":0,"pct":0},"statements":{"total":15,"covered":4,"skipped":0,"pct":26.66},"branches":{"total":18,"covered":0,"skipped":0,"pct":0}}
,"/Users/michel/GitHub/dsai/packages/@dsai/react/src/components/Icon/components/AnthropicIcon.tsx": {"lines":{"total":15,"covered":4,"skipped":0,"pct":26.66},"functions":{"total":2,"covered":0,"skipped":0,"pct":0},"statements":{"total":15,"covered":4,"skipped":0,"pct":26.66},"branches":{"total":18,"covered":0,"skipped":0,"pct":0}}
,"/Users/michel/GitHub/dsai/packages/@dsai/react/src/components/Icon/components/AppIcon.tsx": {"lines":{"total":15,"covered":4,"skipped":0,"pct":26.66},"functions":{"total":2,"covered":0,"skipped":0,"pct":0},"statements":{"total":15,"covered":4,"skipped":0,"pct":26.66},"branches":{"total":18,"covered":0,"skipped":0,"pct":0}}
,"/Users/michel/GitHub/dsai/packages/@dsai/react/src/components/Icon/components/AppIndicatorIcon.tsx": {"lines":{"total":15,"covered":4,"skipped":0,"pct":26.66},"functions":{"total":2,"covered":0,"skipped":0,"pct":0},"statements":{"total":15,"covered":4,"skipped":0,"pct":26.66},"branches":{"total":18,"covered":0,"skipped":0,"pct":0}}
,"/Users/michel/GitHub/dsai/packages/@dsai/react/src/components/Icon/components/AppleIcon.tsx": {"lines":{"total":15,"covered":4,"skipped":0,"pct":26.66},"functions":{"total":2,"covered":0,"skipped":0,"pct":0},"statements":{"total":15,"covered":4,"skipped":0,"pct":26.66},"branches":{"total":18,"covered":0,"skipped":0,"pct":0}}
,"/Users/michel/GitHub/dsai/packages/@dsai/react/src/components/Icon/components/AppleMusicIcon.tsx": {"lines":{"total":15,"covered":4,"skipped":0,"pct":26.66},"functions":{"total":2,"covered":0,"skipped":0,"pct":0},"statements":{"total":15,"covered":4,"skipped":0,"pct":26.66},"branches":{"total":18,"covered":0,"skipped":0,"pct":0}}
,"/Users/michel/GitHub/dsai/packages/@dsai/react/src/components/Icon/components/ArchiveFillIcon.tsx": {"lines":{"total":15,"covered":4,"skipped":0,"pct":26.66},"functions":{"total":2,"covered":0,"skipped":0,"pct":0},"statements":{"total":15,"covered":4,"skipped":0,"pct":26.66},"branches":{"total":18,"covered":0,"skipped":0,"pct":0}}
,"/Users/michel/GitHub/dsai/packages/@dsai/react/src/components/Icon/components/ArchiveIcon.tsx": {"lines":{"total":15,"covered":4,"skipped":0,"pct":26.66},"functions":{"total":2,"covered":0,"skipped":0,"pct":0},"statements":{"total":15,"covered":4,"skipped":0,"pct":26.66},"branches":{"total":18,"covered":0,"skipped":0,"pct":0}}
,"/Users/michel/GitHub/dsai/packages/@dsai/react/src/components/Icon/components/Arrow90degDownIcon.tsx": {"lines":{"total":15,"covered":4,"skipped":0,"pct":26.66},"functions":{"total":2,"covered":0,"skipped":0,"pct":0},"statements":{"total":15,"covered":4,"skipped":0,"pct":26.66},"branches":{"total":18,"covered":0,"skipped":0,"pct":0}}
,"/Users/michel/GitHub/dsai/packages/@dsai/react/src/components/Icon/components/Arrow90degLeftIcon.tsx": {"lines":{"total":15,"covered":4,"skipped":0,"pct":26.66},"functions":{"total":2,"covered":0,"skipped":0,"pct":0},"statements":{"total":15,"covered":4,"skipped":0,"pct":26.66},"branches":{"total":18,"covered":0,"skipped":0,"pct":0}}
,"/Users/michel/GitHub/dsai/packages/@dsai/react/src/components/Icon/components/Arrow90degRightIcon.tsx": {"lines":{"total":15,"covered":4,"skipped":0,"pct":26.66},"functions":{"total":2,"covered":0,"skipped":0,"pct":0},"statements":{"total":15,"covered":4,"skipped":0,"pct":26.66},"branches":{"total":18,"covered":0,"skipped":0,"pct":0}}
,"/Users/michel/GitHub/dsai/packages/@dsai/react/src/components/Icon/components/Arrow90degUpIcon.tsx": {"lines":{"total":15,"covered":4,"skipped":0,"pct":26.66},"functions":{"total":2,"covered":0,"skipped":0,"pct":0},"statements":{"total":15,"covered":4,"skipped":0,"pct":26.66},"branches":{"total":18,"covered":0,"skipped":0,"pct":0}}
,"/Users/michel/GitHub/dsai/packages/@dsai/react/src/components/Icon/components/ArrowBarDownIcon.tsx": {"lines":{"total":15,"covered":4,"skipped":0,"pct":26.66},"functions":{"total":2,"covered":0,"skipped":0,"pct":0},"statements":{"total":15,"covered":4,"skipped":0,"pct":26.66},"branches":{"total":18,"covered":0,"skipped":0,"pct":0}}
,"/Users/michel/GitHub/dsai/packages/@dsai/react/src/components/Icon/components/ArrowBarLeftIcon.tsx": {"lines":{"total":15,"covered":4,"skipped":0,"pct":26.66},"functions":{"total":2,"covered":0,"skipped":0,"pct":0},"statements":{"total":15,"covered":4,"skipped":0,"pct":26.66},"branches":{"total":18,"covered":0,"skipped":0,"pct":0}}
,"/Users/michel/GitHub/dsai/packages/@dsai/react/src/components/Icon/components/ArrowBarRightIcon.tsx": {"lines":{"total":15,"covered":4,"skipped":0,"pct":26.66},"functions":{"total":2,"covered":0,"skipped":0,"pct":0},"statements":{"total":15,"covered":4,"skipped":0,"pct":26.66},"branches":{"total":18,"covered":0,"skipped":0,"pct":0}}
,"/Users/michel/GitHub/dsai/packages/@dsai/react/src/components/Icon/components/ArrowBarUpIcon.tsx": {"lines":{"total":15,"covered":4,"skipped":0,"pct":26.66},"functions":{"total":2,"covered":0,"skipped":0,"pct":0},"statements":{"total":15,"covered":4,"skipped":0,"pct":26.66},"branches":{"total":18,"covered":0,"skipped":0,"pct":0}}
,"/Users/michel/GitHub/dsai/packages/@dsai/react/src/components/Icon/components/ArrowClockwiseIcon.tsx": {"lines":{"total":15,"covered":4,"skipped":0,"pct":26.66},"functions":{"total":2,"covered":0,"skipped":0,"pct":0},"statements":{"total":15,"covered":4,"skipped":0,"pct":26.66},"branches":{"total":18,"covered":0,"skipped":0,"pct":0}}
,"/Users/michel/GitHub/dsai/packages/@dsai/react/src/components/Icon/components/ArrowCounterclockwiseIcon.tsx": {"lines":{"total":15,"covered":4,"skipped":0,"pct":26.66},"functions":{"total":2,"covered":0,"skipped":0,"pct":0},"statements":{"total":15,"covered":4,"skipped":0,"pct":26.66},"branches":{"total":18,"covered":0,"skipped":0,"pct":0}}
,"/Users/michel/GitHub/dsai/packages/@dsai/react/src/components/Icon/components/ArrowDownCircleFillIcon.tsx": {"lines":{"total":15,"covered":4,"skipped":0,"pct":26.66},"functions":{"total":2,"covered":0,"skipped":0,"pct":0},"statements":{"total":15,"covered":4,"skipped":0,"pct":26.66},"branches":{"total":18,"covered":0,"skipped":0,"pct":0}}
,"/Users/michel/GitHub/dsai/packages/@dsai/react/src/components/Icon/components/ArrowDownCircleIcon.tsx": {"lines":{"total":15,"covered":4,"skipped":0,"pct":26.66},"functions":{"total":2,"covered":0,"skipped":0,"pct":0},"statements":{"total":15,"covered":4,"skipped":0,"pct":26.66},"branches":{"total":18,"covered":0,"skipped":0,"pct":0}}
,"/Users/michel/GitHub/dsai/packages/@dsai/react/src/components/Icon/components/ArrowDownIcon.tsx": {"lines":{"total":15,"covered":4,"skipped":0,"pct":26.66},"functions":{"total":2,"covered":0,"skipped":0,"pct":0},"statements":{"total":15,"covered":4,"skipped":0,"pct":26.66},"branches":{"total":18,"covered":0,"skipped":0,"pct":0}}
,"/Users/michel/GitHub/dsai/packages/@dsai/react/src/components/Icon/components/ArrowDownLeftCircleFillIcon.tsx": {"lines":{"total":15,"covered":4,"skipped":0,"pct":26.66},"functions":{"total":2,"covered":0,"skipped":0,"pct":0},"statements":{"total":15,"covered":4,"skipped":0,"pct":26.66},"branches":{"total":18,"covered":0,"skipped":0,"pct":0}}
,"/Users/michel/GitHub/dsai/packages/@dsai/react/src/components/Icon/components/ArrowDownLeftCircleIcon.tsx": {"lines":{"total":15,"covered":4,"skipped":0,"pct":26.66},"functions":{"total":2,"covered":0,"skipped":0,"pct":0},"statements":{"total":15,"covered":4,"skipped":0,"pct":26.66},"branches":{"total":18,"covered":0,"skipped":0,"pct":0}}
,"/Users/michel/GitHub/dsai/packages/@dsai/react/src/components/Icon/components/ArrowDownLeftIcon.tsx": {"lines":{"total":15,"covered":4,"skipped":0,"pct":26.66},"functions":{"total":2,"covered":0,"skipped":0,"pct":0},"statements":{"total":15,"covered":4,"skipped":0,"pct":26.66},"branches":{"total":18,"covered":0,"skipped":0,"pct":0}}
,"/Users/michel/GitHub/dsai/packages/@dsai/react/src/components/Icon/components/ArrowDownLeftSquareFillIcon.tsx": {"lines":{"total":15,"covered":4,"skipped":0,"pct":26.66},"functions":{"total":2,"covered":0,"skipped":0,"pct":0},"statements":{"total":15,"covered":4,"skipped":0,"pct":26.66},"branches":{"total":18,"covered":0,"skipped":0,"pct":0}}
,"/Users/michel/GitHub/dsai/packages/@dsai/react/src/components/Icon/components/ArrowDownLeftSquareIcon.tsx": {"lines":{"total":15,"covered":4,"skipped":0,"pct":26.66},"functions":{"total":2,"covered":0,"skipped":0,"pct":0},"statements":{"total":15,"covered":4,"skipped":0,"pct":26.66},"branches":{"total":18,"covered":0,"skipped":0,"pct":0}}
,"/Users/michel/GitHub/dsai/packages/@dsai/react/src/components/Icon/components/ArrowDownRightCircleFillIcon.tsx": {"lines":{"total":15,"covered":4,"skipped":0,"pct":26.66},"functions":{"total":2,"covered":0,"skipped":0,"pct":0},"statements":{"total":15,"covered":4,"skipped":0,"pct":26.66},"branches":{"total":18,"covered":0,"skipped":0,"pct":0}}
,"/Users/michel/GitHub/dsai/packages/@dsai/react/src/components/Icon/components/ArrowDownRightCircleIcon.tsx": {"lines":{"total":15,"covered":4,"skipped":0,"pct":26.66},"functions":{"total":2,"covered":0,"skipped":0,"pct":0},"statements":{"total":15,"covered":4,"skipped":0,"pct":26.66},"branches":{"total":18,"covered":0,"skipped":0,"pct":0}}
,"/Users/michel/GitHub/dsai/packages/@dsai/react/src/components/Icon/components/ArrowDownRightIcon.tsx": {"lines":{"total":15,"covered":4,"skipped":0,"pct":26.66},"functions":{"total":2,"covered":0,"skipped":0,"pct":0},"statements":{"total":15,"covered":4,"skipped":0,"pct":26.66},"branches":{"total":18,"covered":0,"skipped":0,"pct":0}}
,"/Users/michel/GitHub/dsai/packages/@dsai/react/src/components/Icon/components/ArrowDownRightSquareFillIcon.tsx": {"lines":{"total":15,"covered":4,"skipped":0,"pct":26.66},"functions":{"total":2,"covered":0,"skipped":0,"pct":0},"statements":{"total":15,"covered":4,"skipped":0,"pct":26.66},"branches":{"total":18,"covered":0,"skipped":0,"pct":0}}
,"/Users/michel/GitHub/dsai/packages/@dsai/react/src/components/Icon/components/ArrowDownRightSquareIcon.tsx": {"lines":{"total":15,"covered":4,"skipped":0,"pct":26.66},"functions":{"total":2,"covered":0,"skipped":0,"pct":0},"statements":{"total":15,"covered":4,"skipped":0,"pct":26.66},"branches":{"total":18,"covered":0,"skipped":0,"pct":0}}
,"/Users/michel/GitHub/dsai/packages/@dsai/react/src/components/Icon/components/ArrowDownShortIcon.tsx": {"lines":{"total":15,"covered":4,"skipped":0,"pct":26.66},"functions":{"total":2,"covered":0,"skipped":0,"pct":0},"statements":{"total":15,"covered":4,"skipped":0,"pct":26.66},"branches":{"total":18,"covered":0,"skipped":0,"pct":0}}
,"/Users/michel/GitHub/dsai/packages/@dsai/react/src/components/Icon/components/ArrowDownSquareFillIcon.tsx": {"lines":{"total":15,"covered":4,"skipped":0,"pct":26.66},"functions":{"total":2,"covered":0,"skipped":0,"pct":0},"statements":{"total":15,"covered":4,"skipped":0,"pct":26.66},"branches":{"total":18,"covered":0,"skipped":0,"pct":0}}
,"/Users/michel/GitHub/dsai/packages/@dsai/react/src/components/Icon/components/ArrowDownSquareIcon.tsx": {"lines":{"total":15,"covered":4,"skipped":0,"pct":26.66},"functions":{"total":2,"covered":0,"skipped":0,"pct":0},"statements":{"total":15,"covered":4,"skipped":0,"pct":26.66},"branches":{"total":18,"covered":0,"skipped":0,"pct":0}}
,"/Users/michel/GitHub/dsai/packages/@dsai/react/src/components/Icon/components/ArrowDownUpIcon.tsx": {"lines":{"total":15,"covered":4,"skipped":0,"pct":26.66},"functions":{"total":2,"covered":0,"skipped":0,"pct":0},"statements":{"total":15,"covered":4,"skipped":0,"pct":26.66},"branches":{"total":18,"covered":0,"skipped":0,"pct":0}}
,"/Users/michel/GitHub/dsai/packages/@dsai/react/src/components/Icon/components/ArrowLeftCircleFillIcon.tsx": {"lines":{"total":15,"covered":4,"skipped":0,"pct":26.66},"functions":{"total":2,"covered":0,"skipped":0,"pct":0},"statements":{"total":15,"covered":4,"skipped":0,"pct":26.66},"branches":{"total":18,"covered":0,"skipped":0,"pct":0}}
,"/Users/michel/GitHub/dsai/packages/@dsai/react/src/components/Icon/components/ArrowLeftCircleIcon.tsx": {"lines":{"total":15,"covered":4,"skipped":0,"pct":26.66},"functions":{"total":2,"covered":0,"skipped":0,"pct":0},"statements":{"total":15,"covered":4,"skipped":0,"pct":26.66},"branches":{"total":18,"covered":0,"skipped":0,"pct":0}}
,"/Users/michel/GitHub/dsai/packages/@dsai/react/src/components/Icon/components/ArrowLeftIcon.tsx": {"lines":{"total":15,"covered":4,"skipped":0,"pct":26.66},"functions":{"total":2,"covered":0,"skipped":0,"pct":0},"statements":{"total":15,"covered":4,"skipped":0,"pct":26.66},"branches":{"total":18,"covered":0,"skipped":0,"pct":0}}
,"/Users/michel/GitHub/dsai/packages/@dsai/react/src/components/Icon/components/ArrowLeftRightIcon.tsx": {"lines":{"total":15,"covered":4,"skipped":0,"pct":26.66},"functions":{"total":2,"covered":0,"skipped":0,"pct":0},"statements":{"total":15,"covered":4,"skipped":0,"pct":26.66},"branches":{"total":18,"covered":0,"skipped":0,"pct":0}}
,"/Users/michel/GitHub/dsai/packages/@dsai/react/src/components/Icon/components/ArrowLeftShortIcon.tsx": {"lines":{"total":15,"covered":4,"skipped":0,"pct":26.66},"functions":{"total":2,"covered":0,"skipped":0,"pct":0},"statements":{"total":15,"covered":4,"skipped":0,"pct":26.66},"branches":{"total":18,"covered":0,"skipped":0,"pct":0}}
,"/Users/michel/GitHub/dsai/packages/@dsai/react/src/components/Icon/components/ArrowLeftSquareFillIcon.tsx": {"lines":{"total":15,"covered":4,"skipped":0,"pct":26.66},"functions":{"total":2,"covered":0,"skipped":0,"pct":0},"statements":{"total":15,"covered":4,"skipped":0,"pct":26.66},"branches":{"total":18,"covered":0,"skipped":0,"pct":0}}
,"/Users/michel/GitHub/dsai/packages/@dsai/react/src/components/Icon/components/ArrowLeftSquareIcon.tsx": {"lines":{"total":15,"covered":4,"skipped":0,"pct":26.66},"functions":{"total":2,"covered":0,"skipped":0,"pct":0},"statements":{"total":15,"covered":4,"skipped":0,"pct":26.66},"branches":{"total":18,"covered":0,"skipped":0,"pct":0}}
,"/Users/michel/GitHub/dsai/packages/@dsai/react/src/components/Icon/components/ArrowRepeatIcon.tsx": {"lines":{"total":15,"covered":4,"skipped":0,"pct":26.66},"functions":{"total":2,"covered":0,"skipped":0,"pct":0},"statements":{"total":15,"covered":4,"skipped":0,"pct":26.66},"branches":{"total":18,"covered":0,"skipped":0,"pct":0}}
,"/Users/michel/GitHub/dsai/packages/@dsai/react/src/components/Icon/components/ArrowReturnLeftIcon.tsx": {"lines":{"total":15,"covered":4,"skipped":0,"pct":26.66},"functions":{"total":2,"covered":0,"skipped":0,"pct":0},"statements":{"total":15,"covered":4,"skipped":0,"pct":26.66},"branches":{"total":18,"covered":0,"skipped":0,"pct":0}}
,"/Users/michel/GitHub/dsai/packages/@dsai/react/src/components/Icon/components/ArrowReturnRightIcon.tsx": {"lines":{"total":15,"covered":4,"skipped":0,"pct":26.66},"functions":{"total":2,"covered":0,"skipped":0,"pct":0},"statements":{"total":15,"covered":4,"skipped":0,"pct":26.66},"branches":{"total":18,"covered":0,"skipped":0,"pct":0}}
,"/Users/michel/GitHub/dsai/packages/@dsai/react/src/components/Icon/components/ArrowRightCircleFillIcon.tsx": {"lines":{"total":15,"covered":4,"skipped":0,"pct":26.66},"functions":{"total":2,"covered":0,"skipped":0,"pct":0},"statements":{"total":15,"covered":4,"skipped":0,"pct":26.66},"branches":{"total":18,"covered":0,"skipped":0,"pct":0}}
,"/Users/michel/GitHub/dsai/packages/@dsai/react/src/components/Icon/components/ArrowRightCircleIcon.tsx": {"lines":{"total":15,"covered":4,"skipped":0,"pct":26.66},"functions":{"total":2,"covered":0,"skipped":0,"pct":0},"statements":{"total":15,"covered":4,"skipped":0,"pct":26.66},"branches":{"total":18,"covered":0,"skipped":0,"pct":0}}
,"/Users/michel/GitHub/dsai/packages/@dsai/react/src/components/Icon/components/ArrowRightIcon.tsx": {"lines":{"total":15,"covered":4,"skipped":0,"pct":26.66},"functions":{"total":2,"covered":0,"skipped":0,"pct":0},"statements":{"total":15,"covered":4,"skipped":0,"pct":26.66},"branches":{"total":18,"covered":0,"skipped":0,"pct":0}}
,"/Users/michel/GitHub/dsai/packages/@dsai/react/src/components/Icon/components/ArrowRightShortIcon.tsx": {"lines":{"total":15,"covered":4,"skipped":0,"pct":26.66},"functions":{"total":2,"covered":0,"skipped":0,"pct":0},"statements":{"total":15,"covered":4,"skipped":0,"pct":26.66},"branches":{"total":18,"covered":0,"skipped":0,"pct":0}}
,"/Users/michel/GitHub/dsai/packages/@dsai/react/src/components/Icon/components/ArrowRightSquareFillIcon.tsx": {"lines":{"total":15,"covered":4,"skipped":0,"pct":26.66},"functions":{"total":2,"covered":0,"skipped":0,"pct":0},"statements":{"total":15,"covered":4,"skipped":0,"pct":26.66},"branches":{"total":18,"covered":0,"skipped":0,"pct":0}}
,"/Users/michel/GitHub/dsai/packages/@dsai/react/src/components/Icon/components/ArrowRightSquareIcon.tsx": {"lines":{"total":15,"covered":4,"skipped":0,"pct":26.66},"functions":{"total":2,"covered":0,"skipped":0,"pct":0},"statements":{"total":15,"covered":4,"skipped":0,"pct":26.66},"branches":{"total":18,"covered":0,"skipped":0,"pct":0}}
,"/Users/michel/GitHub/dsai/packages/@dsai/react/src/components/Icon/components/ArrowThroughHeartFillIcon.tsx": {"lines":{"total":15,"covered":4,"skipped":0,"pct":26.66},"functions":{"total":2,"covered":0,"skipped":0,"pct":0},"statements":{"total":15,"covered":4,"skipped":0,"pct":26.66},"branches":{"total":18,"covered":0,"skipped":0,"pct":0}}
,"/Users/michel/GitHub/dsai/packages/@dsai/react/src/components/Icon/components/ArrowThroughHeartIcon.tsx": {"lines":{"total":15,"covered":4,"skipped":0,"pct":26.66},"functions":{"total":2,"covered":0,"skipped":0,"pct":0},"statements":{"total":15,"covered":4,"skipped":0,"pct":26.66},"branches":{"total":18,"covered":0,"skipped":0,"pct":0}}
,"/Users/michel/GitHub/dsai/packages/@dsai/react/src/components/Icon/components/ArrowUpCircleFillIcon.tsx": {"lines":{"total":15,"covered":4,"skipped":0,"pct":26.66},"functions":{"total":2,"covered":0,"skipped":0,"pct":0},"statements":{"total":15,"covered":4,"skipped":0,"pct":26.66},"branches":{"total":18,"covered":0,"skipped":0,"pct":0}}
,"/Users/michel/GitHub/dsai/packages/@dsai/react/src/components/Icon/components/ArrowUpCircleIcon.tsx": {"lines":{"total":15,"covered":4,"skipped":0,"pct":26.66},"functions":{"total":2,"covered":0,"skipped":0,"pct":0},"statements":{"total":15,"covered":4,"skipped":0,"pct":26.66},"branches":{"total":18,"covered":0,"skipped":0,"pct":0}}
,"/Users/michel/GitHub/dsai/packages/@dsai/react/src/components/Icon/components/ArrowUpIcon.tsx": {"lines":{"total":15,"covered":4,"skipped":0,"pct":26.66},"functions":{"total":2,"covered":0,"skipped":0,"pct":0},"statements":{"total":15,"covered":4,"skipped":0,"pct":26.66},"branches":{"total":18,"covered":0,"skipped":0,"pct":0}}
,"/Users/michel/GitHub/dsai/packages/@dsai/react/src/components/Icon/components/ArrowUpLeftCircleFillIcon.tsx": {"lines":{"total":15,"covered":4,"skipped":0,"pct":26.66},"functions":{"total":2,"covered":0,"skipped":0,"pct":0},"statements":{"total":15,"covered":4,"skipped":0,"pct":26.66},"branches":{"total":18,"covered":0,"skipped":0,"pct":0}}
,"/Users/michel/GitHub/dsai/packages/@dsai/react/src/components/Icon/components/ArrowUpLeftCircleIcon.tsx": {"lines":{"total":15,"covered":4,"skipped":0,"pct":26.66},"functions":{"total":2,"covered":0,"skipped":0,"pct":0},"statements":{"total":15,"covered":4,"skipped":0,"pct":26.66},"branches":{"total":18,"covered":0,"skipped":0,"pct":0}}
,"/Users/michel/GitHub/dsai/packages/@dsai/react/src/components/Icon/components/ArrowUpLeftIcon.tsx": {"lines":{"total":15,"covered":4,"skipped":0,"pct":26.66},"functions":{"total":2,"covered":0,"skipped":0,"pct":0},"statements":{"total":15,"covered":4,"skipped":0,"pct":26.66},"branches":{"total":18,"covered":0,"skipped":0,"pct":0}}
,"/Users/michel/GitHub/dsai/packages/@dsai/react/src/components/Icon/components/ArrowUpLeftSquareFillIcon.tsx": {"lines":{"total":15,"covered":4,"skipped":0,"pct":26.66},"functions":{"total":2,"covered":0,"skipped":0,"pct":0},"statements":{"total":15,"covered":4,"skipped":0,"pct":26.66},"branches":{"total":18,"covered":0,"skipped":0,"pct":0}}
,"/Users/michel/GitHub/dsai/packages/@dsai/react/src/components/Icon/components/ArrowUpLeftSquareIcon.tsx": {"lines":{"total":15,"covered":4,"skipped":0,"pct":26.66},"functions":{"total":2,"covered":0,"skipped":0,"pct":0},"statements":{"total":15,"covered":4,"skipped":0,"pct":26.66},"branches":{"total":18,"covered":0,"skipped":0,"pct":0}}
,"/Users/michel/GitHub/dsai/packages/@dsai/react/src/components/Icon/components/ArrowUpRightCircleFillIcon.tsx": {"lines":{"total":15,"covered":4,"skipped":0,"pct":26.66},"functions":{"total":2,"covered":0,"skipped":0,"pct":0},"statements":{"total":15,"covered":4,"skipped":0,"pct":26.66},"branches":{"total":18,"covered":0,"skipped":0,"pct":0}}
,"/Users/michel/GitHub/dsai/packages/@dsai/react/src/components/Icon/components/ArrowUpRightCircleIcon.tsx": {"lines":{"total":15,"covered":4,"skipped":0,"pct":26.66},"functions":{"total":2,"covered":0,"skipped":0,"pct":0},"statements":{"total":15,"covered":4,"skipped":0,"pct":26.66},"branches":{"total":18,"covered":0,"skipped":0,"pct":0}}
,"/Users/michel/GitHub/dsai/packages/@dsai/react/src/components/Icon/components/ArrowUpRightIcon.tsx": {"lines":{"total":15,"covered":4,"skipped":0,"pct":26.66},"functions":{"total":2,"covered":0,"skipped":0,"pct":0},"statements":{"total":15,"covered":4,"skipped":0,"pct":26.66},"branches":{"total":18,"covered":0,"skipped":0,"pct":0}}
,"/Users/michel/GitHub/dsai/packages/@dsai/react/src/components/Icon/components/ArrowUpRightSquareFillIcon.tsx": {"lines":{"total":15,"covered":4,"skipped":0,"pct":26.66},"functions":{"total":2,"covered":0,"skipped":0,"pct":0},"statements":{"total":15,"covered":4,"skipped":0,"pct":26.66},"branches":{"total":18,"covered":0,"skipped":0,"pct":0}}
,"/Users/michel/GitHub/dsai/packages/@dsai/react/src/components/Icon/components/ArrowUpRightSquareIcon.tsx": {"lines":{"total":15,"covered":4,"skipped":0,"pct":26.66},"functions":{"total":2,"covered":0,"skipped":0,"pct":0},"statements":{"total":15,"covered":4,"skipped":0,"pct":26.66},"branches":{"total":18,"covered":0,"skipped":0,"pct":0}}
,"/Users/michel/GitHub/dsai/packages/@dsai/react/src/components/Icon/components/ArrowUpShortIcon.tsx": {"lines":{"total":15,"covered":4,"skipped":0,"pct":26.66},"functions":{"total":2,"covered":0,"skipped":0,"pct":0},"statements":{"total":15,"covered":4,"skipped":0,"pct":26.66},"branches":{"total":18,"covered":0,"skipped":0,"pct":0}}
,"/Users/michel/GitHub/dsai/packages/@dsai/react/src/components/Icon/components/ArrowUpSquareFillIcon.tsx": {"lines":{"total":15,"covered":4,"skipped":0,"pct":26.66},"functions":{"total":2,"covered":0,"skipped":0,"pct":0},"statements":{"total":15,"covered":4,"skipped":0,"pct":26.66},"branches":{"total":18,"covered":0,"skipped":0,"pct":0}}
,"/Users/michel/GitHub/dsai/packages/@dsai/react/src/components/Icon/components/ArrowUpSquareIcon.tsx": {"lines":{"total":15,"covered":4,"skipped":0,"pct":26.66},"functions":{"total":2,"covered":0,"skipped":0,"pct":0},"statements":{"total":15,"covered":4,"skipped":0,"pct":26.66},"branches":{"total":18,"covered":0,"skipped":0,"pct":0}}
,"/Users/michel/GitHub/dsai/packages/@dsai/react/src/components/Icon/components/ArrowsAngleContractIcon.tsx": {"lines":{"total":15,"covered":4,"skipped":0,"pct":26.66},"functions":{"total":2,"covered":0,"skipped":0,"pct":0},"statements":{"total":15,"covered":4,"skipped":0,"pct":26.66},"branches":{"total":18,"covered":0,"skipped":0,"pct":0}}
,"/Users/michel/GitHub/dsai/packages/@dsai/react/src/components/Icon/components/ArrowsAngleExpandIcon.tsx": {"lines":{"total":15,"covered":4,"skipped":0,"pct":26.66},"functions":{"total":2,"covered":0,"skipped":0,"pct":0},"statements":{"total":15,"covered":4,"skipped":0,"pct":26.66},"branches":{"total":18,"covered":0,"skipped":0,"pct":0}}
,"/Users/michel/GitHub/dsai/packages/@dsai/react/src/components/Icon/components/ArrowsCollapseIcon.tsx": {"lines":{"total":15,"covered":4,"skipped":0,"pct":26.66},"functions":{"total":2,"covered":0,"skipped":0,"pct":0},"statements":{"total":15,"covered":4,"skipped":0,"pct":26.66},"branches":{"total":18,"covered":0,"skipped":0,"pct":0}}
,"/Users/michel/GitHub/dsai/packages/@dsai/react/src/components/Icon/components/ArrowsCollapseVerticalIcon.tsx": {"lines":{"total":15,"covered":4,"skipped":0,"pct":26.66},"functions":{"total":2,"covered":0,"skipped":0,"pct":0},"statements":{"total":15,"covered":4,"skipped":0,"pct":26.66},"branches":{"total":18,"covered":0,"skipped":0,"pct":0}}
,"/Users/michel/GitHub/dsai/packages/@dsai/react/src/components/Icon/components/ArrowsExpandIcon.tsx": {"lines":{"total":15,"covered":4,"skipped":0,"pct":26.66},"functions":{"total":2,"covered":0,"skipped":0,"pct":0},"statements":{"total":15,"covered":4,"skipped":0,"pct":26.66},"branches":{"total":18,"covered":0,"skipped":0,"pct":0}}
,"/Users/michel/GitHub/dsai/packages/@dsai/react/src/components/Icon/components/ArrowsExpandVerticalIcon.tsx": {"lines":{"total":15,"covered":4,"skipped":0,"pct":26.66},"functions":{"total":2,"covered":0,"skipped":0,"pct":0},"statements":{"total":15,"covered":4,"skipped":0,"pct":26.66},"branches":{"total":18,"covered":0,"skipped":0,"pct":0}}
,"/Users/michel/GitHub/dsai/packages/@dsai/react/src/components/Icon/components/ArrowsFullscreenIcon.tsx": {"lines":{"total":15,"covered":4,"skipped":0,"pct":26.66},"functions":{"total":2,"covered":0,"skipped":0,"pct":0},"statements":{"total":15,"covered":4,"skipped":0,"pct":26.66},"branches":{"total":18,"covered":0,"skipped":0,"pct":0}}
,"/Users/michel/GitHub/dsai/packages/@dsai/react/src/components/Icon/components/ArrowsIcon.tsx": {"lines":{"total":15,"covered":4,"skipped":0,"pct":26.66},"functions":{"total":2,"covered":0,"skipped":0,"pct":0},"statements":{"total":15,"covered":4,"skipped":0,"pct":26.66},"branches":{"total":18,"covered":0,"skipped":0,"pct":0}}
,"/Users/michel/GitHub/dsai/packages/@dsai/react/src/components/Icon/components/ArrowsMoveIcon.tsx": {"lines":{"total":15,"covered":4,"skipped":0,"pct":26.66},"functions":{"total":2,"covered":0,"skipped":0,"pct":0},"statements":{"total":15,"covered":4,"skipped":0,"pct":26.66},"branches":{"total":18,"covered":0,"skipped":0,"pct":0}}
,"/Users/michel/GitHub/dsai/packages/@dsai/react/src/components/Icon/components/ArrowsVerticalIcon.tsx": {"lines":{"total":15,"covered":4,"skipped":0,"pct":26.66},"functions":{"total":2,"covered":0,"skipped":0,"pct":0},"statements":{"total":15,"covered":4,"skipped":0,"pct":26.66},"branches":{"total":18,"covered":0,"skipped":0,"pct":0}}
,"/Users/michel/GitHub/dsai/packages/@dsai/react/src/components/Icon/components/AspectRatioFillIcon.tsx": {"lines":{"total":15,"covered":4,"skipped":0,"pct":26.66},"functions":{"total":2,"covered":0,"skipped":0,"pct":0},"statements":{"total":15,"covered":4,"skipped":0,"pct":26.66},"branches":{"total":18,"covered":0,"skipped":0,"pct":0}}
,"/Users/michel/GitHub/dsai/packages/@dsai/react/src/components/Icon/components/AspectRatioIcon.tsx": {"lines":{"total":15,"covered":4,"skipped":0,"pct":26.66},"functions":{"total":2,"covered":0,"skipped":0,"pct":0},"statements":{"total":15,"covered":4,"skipped":0,"pct":26.66},"branches":{"total":18,"covered":0,"skipped":0,"pct":0}}
,"/Users/michel/GitHub/dsai/packages/@dsai/react/src/components/Icon/components/AsteriskIcon.tsx": {"lines":{"total":15,"covered":4,"skipped":0,"pct":26.66},"functions":{"total":2,"covered":0,"skipped":0,"pct":0},"statements":{"total":15,"covered":4,"skipped":0,"pct":26.66},"branches":{"total":18,"covered":0,"skipped":0,"pct":0}}
,"/Users/michel/GitHub/dsai/packages/@dsai/react/src/components/Icon/components/AtIcon.tsx": {"lines":{"total":15,"covered":4,"skipped":0,"pct":26.66},"functions":{"total":2,"covered":0,"skipped":0,"pct":0},"statements":{"total":15,"covered":4,"skipped":0,"pct":26.66},"branches":{"total":18,"covered":0,"skipped":0,"pct":0}}
,"/Users/michel/GitHub/dsai/packages/@dsai/react/src/components/Icon/components/AwardFillIcon.tsx": {"lines":{"total":15,"covered":4,"skipped":0,"pct":26.66},"functions":{"total":2,"covered":0,"skipped":0,"pct":0},"statements":{"total":15,"covered":4,"skipped":0,"pct":26.66},"branches":{"total":18,"covered":0,"skipped":0,"pct":0}}
,"/Users/michel/GitHub/dsai/packages/@dsai/react/src/components/Icon/components/AwardIcon.tsx": {"lines":{"total":15,"covered":4,"skipped":0,"pct":26.66},"functions":{"total":2,"covered":0,"skipped":0,"pct":0},"statements":{"total":15,"covered":4,"skipped":0,"pct":26.66},"branches":{"total":18,"covered":0,"skipped":0,"pct":0}}
,"/Users/michel/GitHub/dsai/packages/@dsai/react/src/components/Icon/components/BackIcon.tsx": {"lines":{"total":15,"covered":4,"skipped":0,"pct":26.66},"functions":{"total":2,"covered":0,"skipped":0,"pct":0},"statements":{"total":15,"covered":4,"skipped":0,"pct":26.66},"branches":{"total":18,"covered":0,"skipped":0,"pct":0}}
,"/Users/michel/GitHub/dsai/packages/@dsai/react/src/components/Icon/components/Backpack2FillIcon.tsx": {"lines":{"total":15,"covered":4,"skipped":0,"pct":26.66},"functions":{"total":2,"covered":0,"skipped":0,"pct":0},"statements":{"total":15,"covered":4,"skipped":0,"pct":26.66},"branches":{"total":18,"covered":0,"skipped":0,"pct":0}}
,"/Users/michel/GitHub/dsai/packages/@dsai/react/src/components/Icon/components/Backpack2Icon.tsx": {"lines":{"total":15,"covered":4,"skipped":0,"pct":26.66},"functions":{"total":2,"covered":0,"skipped":0,"pct":0},"statements":{"total":15,"covered":4,"skipped":0,"pct":26.66},"branches":{"total":18,"covered":0,"skipped":0,"pct":0}}
,"/Users/michel/GitHub/dsai/packages/@dsai/react/src/components/Icon/components/Backpack3FillIcon.tsx": {"lines":{"total":15,"covered":4,"skipped":0,"pct":26.66},"functions":{"total":2,"covered":0,"skipped":0,"pct":0},"statements":{"total":15,"covered":4,"skipped":0,"pct":26.66},"branches":{"total":18,"covered":0,"skipped":0,"pct":0}}
,"/Users/michel/GitHub/dsai/packages/@dsai/react/src/components/Icon/components/Backpack3Icon.tsx": {"lines":{"total":15,"covered":4,"skipped":0,"pct":26.66},"functions":{"total":2,"covered":0,"skipped":0,"pct":0},"statements":{"total":15,"covered":4,"skipped":0,"pct":26.66},"branches":{"total":18,"covered":0,"skipped":0,"pct":0}}
,"/Users/michel/GitHub/dsai/packages/@dsai/react/src/components/Icon/components/Backpack4FillIcon.tsx": {"lines":{"total":15,"covered":4,"skipped":0,"pct":26.66},"functions":{"total":2,"covered":0,"skipped":0,"pct":0},"statements":{"total":15,"covered":4,"skipped":0,"pct":26.66},"branches":{"total":18,"covered":0,"skipped":0,"pct":0}}
,"/Users/michel/GitHub/dsai/packages/@dsai/react/src/components/Icon/components/Backpack4Icon.tsx": {"lines":{"total":15,"covered":4,"skipped":0,"pct":26.66},"functions":{"total":2,"covered":0,"skipped":0,"pct":0},"statements":{"total":15,"covered":4,"skipped":0,"pct":26.66},"branches":{"total":18,"covered":0,"skipped":0,"pct":0}}
,"/Users/michel/GitHub/dsai/packages/@dsai/react/src/components/Icon/components/BackpackFillIcon.tsx": {"lines":{"total":15,"covered":4,"skipped":0,"pct":26.66},"functions":{"total":2,"covered":0,"skipped":0,"pct":0},"statements":{"total":15,"covered":4,"skipped":0,"pct":26.66},"branches":{"total":18,"covered":0,"skipped":0,"pct":0}}
,"/Users/michel/GitHub/dsai/packages/@dsai/react/src/components/Icon/components/BackpackIcon.tsx": {"lines":{"total":15,"covered":4,"skipped":0,"pct":26.66},"functions":{"total":2,"covered":0,"skipped":0,"pct":0},"statements":{"total":15,"covered":4,"skipped":0,"pct":26.66},"branches":{"total":18,"covered":0,"skipped":0,"pct":0}}
,"/Users/michel/GitHub/dsai/packages/@dsai/react/src/components/Icon/components/BackspaceFillIcon.tsx": {"lines":{"total":15,"covered":4,"skipped":0,"pct":26.66},"functions":{"total":2,"covered":0,"skipped":0,"pct":0},"statements":{"total":15,"covered":4,"skipped":0,"pct":26.66},"branches":{"total":18,"covered":0,"skipped":0,"pct":0}}
,"/Users/michel/GitHub/dsai/packages/@dsai/react/src/components/Icon/components/BackspaceIcon.tsx": {"lines":{"total":15,"covered":4,"skipped":0,"pct":26.66},"functions":{"total":2,"covered":0,"skipped":0,"pct":0},"statements":{"total":15,"covered":4,"skipped":0,"pct":26.66},"branches":{"total":18,"covered":0,"skipped":0,"pct":0}}
,"/Users/michel/GitHub/dsai/packages/@dsai/react/src/components/Icon/components/BackspaceReverseFillIcon.tsx": {"lines":{"total":15,"covered":4,"skipped":0,"pct":26.66},"functions":{"total":2,"covered":0,"skipped":0,"pct":0},"statements":{"total":15,"covered":4,"skipped":0,"pct":26.66},"branches":{"total":18,"covered":0,"skipped":0,"pct":0}}
,"/Users/michel/GitHub/dsai/packages/@dsai/react/src/components/Icon/components/BackspaceReverseIcon.tsx": {"lines":{"total":15,"covered":4,"skipped":0,"pct":26.66},"functions":{"total":2,"covered":0,"skipped":0,"pct":0},"statements":{"total":15,"covered":4,"skipped":0,"pct":26.66},"branches":{"total":18,"covered":0,"skipped":0,"pct":0}}
,"/Users/michel/GitHub/dsai/packages/@dsai/react/src/components/Icon/components/Badge3dFillIcon.tsx": {"lines":{"total":15,"covered":4,"skipped":0,"pct":26.66},"functions":{"total":2,"covered":0,"skipped":0,"pct":0},"statements":{"total":15,"covered":4,"skipped":0,"pct":26.66},"branches":{"total":18,"covered":0,"skipped":0,"pct":0}}
,"/Users/michel/GitHub/dsai/packages/@dsai/react/src/components/Icon/components/Badge3dIcon.tsx": {"lines":{"total":15,"covered":4,"skipped":0,"pct":26.66},"functions":{"total":2,"covered":0,"skipped":0,"pct":0},"statements":{"total":15,"covered":4,"skipped":0,"pct":26.66},"branches":{"total":18,"covered":0,"skipped":0,"pct":0}}
,"/Users/michel/GitHub/dsai/packages/@dsai/react/src/components/Icon/components/Badge4kFillIcon.tsx": {"lines":{"total":15,"covered":4,"skipped":0,"pct":26.66},"functions":{"total":2,"covered":0,"skipped":0,"pct":0},"statements":{"total":15,"covered":4,"skipped":0,"pct":26.66},"branches":{"total":18,"covered":0,"skipped":0,"pct":0}}
,"/Users/michel/GitHub/dsai/packages/@dsai/react/src/components/Icon/components/Badge4kIcon.tsx": {"lines":{"total":15,"covered":4,"skipped":0,"pct":26.66},"functions":{"total":2,"covered":0,"skipped":0,"pct":0},"statements":{"total":15,"covered":4,"skipped":0,"pct":26.66},"branches":{"total":18,"covered":0,"skipped":0,"pct":0}}
,"/Users/michel/GitHub/dsai/packages/@dsai/react/src/components/Icon/components/Badge8kFillIcon.tsx": {"lines":{"total":15,"covered":4,"skipped":0,"pct":26.66},"functions":{"total":2,"covered":0,"skipped":0,"pct":0},"statements":{"total":15,"covered":4,"skipped":0,"pct":26.66},"branches":{"total":18,"covered":0,"skipped":0,"pct":0}}
,"/Users/michel/GitHub/dsai/packages/@dsai/react/src/components/Icon/components/Badge8kIcon.tsx": {"lines":{"total":15,"covered":4,"skipped":0,"pct":26.66},"functions":{"total":2,"covered":0,"skipped":0,"pct":0},"statements":{"total":15,"covered":4,"skipped":0,"pct":26.66},"branches":{"total":18,"covered":0,"skipped":0,"pct":0}}
,"/Users/michel/GitHub/dsai/packages/@dsai/react/src/components/Icon/components/BadgeAdFillIcon.tsx": {"lines":{"total":15,"covered":4,"skipped":0,"pct":26.66},"functions":{"total":2,"covered":0,"skipped":0,"pct":0},"statements":{"total":15,"covered":4,"skipped":0,"pct":26.66},"branches":{"total":18,"covered":0,"skipped":0,"pct":0}}
,"/Users/michel/GitHub/dsai/packages/@dsai/react/src/components/Icon/components/BadgeAdIcon.tsx": {"lines":{"total":15,"covered":4,"skipped":0,"pct":26.66},"functions":{"total":2,"covered":0,"skipped":0,"pct":0},"statements":{"total":15,"covered":4,"skipped":0,"pct":26.66},"branches":{"total":18,"covered":0,"skipped":0,"pct":0}}
,"/Users/michel/GitHub/dsai/packages/@dsai/react/src/components/Icon/components/BadgeArFillIcon.tsx": {"lines":{"total":15,"covered":4,"skipped":0,"pct":26.66},"functions":{"total":2,"covered":0,"skipped":0,"pct":0},"statements":{"total":15,"covered":4,"skipped":0,"pct":26.66},"branches":{"total":18,"covered":0,"skipped":0,"pct":0}}
,"/Users/michel/GitHub/dsai/packages/@dsai/react/src/components/Icon/components/BadgeArIcon.tsx": {"lines":{"total":15,"covered":4,"skipped":0,"pct":26.66},"functions":{"total":2,"covered":0,"skipped":0,"pct":0},"statements":{"total":15,"covered":4,"skipped":0,"pct":26.66},"branches":{"total":18,"covered":0,"skipped":0,"pct":0}}
,"/Users/michel/GitHub/dsai/packages/@dsai/react/src/components/Icon/components/BadgeCcFillIcon.tsx": {"lines":{"total":15,"covered":4,"skipped":0,"pct":26.66},"functions":{"total":2,"covered":0,"skipped":0,"pct":0},"statements":{"total":15,"covered":4,"skipped":0,"pct":26.66},"branches":{"total":18,"covered":0,"skipped":0,"pct":0}}
,"/Users/michel/GitHub/dsai/packages/@dsai/react/src/components/Icon/components/BadgeCcIcon.tsx": {"lines":{"total":15,"covered":4,"skipped":0,"pct":26.66},"functions":{"total":2,"covered":0,"skipped":0,"pct":0},"statements":{"total":15,"covered":4,"skipped":0,"pct":26.66},"branches":{"total":18,"covered":0,"skipped":0,"pct":0}}
,"/Users/michel/GitHub/dsai/packages/@dsai/react/src/components/Icon/components/BadgeHdFillIcon.tsx": {"lines":{"total":15,"covered":4,"skipped":0,"pct":26.66},"functions":{"total":2,"covered":0,"skipped":0,"pct":0},"statements":{"total":15,"covered":4,"skipped":0,"pct":26.66},"branches":{"total":18,"covered":0,"skipped":0,"pct":0}}
,"/Users/michel/GitHub/dsai/packages/@dsai/react/src/components/Icon/components/BadgeHdIcon.tsx": {"lines":{"total":15,"covered":4,"skipped":0,"pct":26.66},"functions":{"total":2,"covered":0,"skipped":0,"pct":0},"statements":{"total":15,"covered":4,"skipped":0,"pct":26.66},"branches":{"total":18,"covered":0,"skipped":0,"pct":0}}
,"/Users/michel/GitHub/dsai/packages/@dsai/react/src/components/Icon/components/BadgeSdFillIcon.tsx": {"lines":{"total":15,"covered":4,"skipped":0,"pct":26.66},"functions":{"total":2,"covered":0,"skipped":0,"pct":0},"statements":{"total":15,"covered":4,"skipped":0,"pct":26.66},"branches":{"total":18,"covered":0,"skipped":0,"pct":0}}
,"/Users/michel/GitHub/dsai/packages/@dsai/react/src/components/Icon/components/BadgeSdIcon.tsx": {"lines":{"total":15,"covered":4,"skipped":0,"pct":26.66},"functions":{"total":2,"covered":0,"skipped":0,"pct":0},"statements":{"total":15,"covered":4,"skipped":0,"pct":26.66},"branches":{"total":18,"covered":0,"skipped":0,"pct":0}}
,"/Users/michel/GitHub/dsai/packages/@dsai/react/src/components/Icon/components/BadgeTmFillIcon.tsx": {"lines":{"total":15,"covered":4,"skipped":0,"pct":26.66},"functions":{"total":2,"covered":0,"skipped":0,"pct":0},"statements":{"total":15,"covered":4,"skipped":0,"pct":26.66},"branches":{"total":18,"covered":0,"skipped":0,"pct":0}}
,"/Users/michel/GitHub/dsai/packages/@dsai/react/src/components/Icon/components/BadgeTmIcon.tsx": {"lines":{"total":15,"covered":4,"skipped":0,"pct":26.66},"functions":{"total":2,"covered":0,"skipped":0,"pct":0},"statements":{"total":15,"covered":4,"skipped":0,"pct":26.66},"branches":{"total":18,"covered":0,"skipped":0,"pct":0}}
,"/Users/michel/GitHub/dsai/packages/@dsai/react/src/components/Icon/components/BadgeVoFillIcon.tsx": {"lines":{"total":15,"covered":4,"skipped":0,"pct":26.66},"functions":{"total":2,"covered":0,"skipped":0,"pct":0},"statements":{"total":15,"covered":4,"skipped":0,"pct":26.66},"branches":{"total":18,"covered":0,"skipped":0,"pct":0}}
,"/Users/michel/GitHub/dsai/packages/@dsai/react/src/components/Icon/components/BadgeVoIcon.tsx": {"lines":{"total":15,"covered":4,"skipped":0,"pct":26.66},"functions":{"total":2,"covered":0,"skipped":0,"pct":0},"statements":{"total":15,"covered":4,"skipped":0,"pct":26.66},"branches":{"total":18,"covered":0,"skipped":0,"pct":0}}
,"/Users/michel/GitHub/dsai/packages/@dsai/react/src/components/Icon/components/BadgeVrFillIcon.tsx": {"lines":{"total":15,"covered":4,"skipped":0,"pct":26.66},"functions":{"total":2,"covered":0,"skipped":0,"pct":0},"statements":{"total":15,"covered":4,"skipped":0,"pct":26.66},"branches":{"total":18,"covered":0,"skipped":0,"pct":0}}
,"/Users/michel/GitHub/dsai/packages/@dsai/react/src/components/Icon/components/BadgeVrIcon.tsx": {"lines":{"total":15,"covered":4,"skipped":0,"pct":26.66},"functions":{"total":2,"covered":0,"skipped":0,"pct":0},"statements":{"total":15,"covered":4,"skipped":0,"pct":26.66},"branches":{"total":18,"covered":0,"skipped":0,"pct":0}}
,"/Users/michel/GitHub/dsai/packages/@dsai/react/src/components/Icon/components/BadgeWcFillIcon.tsx": {"lines":{"total":15,"covered":4,"skipped":0,"pct":26.66},"functions":{"total":2,"covered":0,"skipped":0,"pct":0},"statements":{"total":15,"covered":4,"skipped":0,"pct":26.66},"branches":{"total":18,"covered":0,"skipped":0,"pct":0}}
,"/Users/michel/GitHub/dsai/packages/@dsai/react/src/components/Icon/components/BadgeWcIcon.tsx": {"lines":{"total":15,"covered":4,"skipped":0,"pct":26.66},"functions":{"total":2,"covered":0,"skipped":0,"pct":0},"statements":{"total":15,"covered":4,"skipped":0,"pct":26.66},"branches":{"total":18,"covered":0,"skipped":0,"pct":0}}
,"/Users/michel/GitHub/dsai/packages/@dsai/react/src/components/Icon/components/BagCheckFillIcon.tsx": {"lines":{"total":15,"covered":4,"skipped":0,"pct":26.66},"functions":{"total":2,"covered":0,"skipped":0,"pct":0},"statements":{"total":15,"covered":4,"skipped":0,"pct":26.66},"branches":{"total":18,"covered":0,"skipped":0,"pct":0}}
,"/Users/michel/GitHub/dsai/packages/@dsai/react/src/components/Icon/components/BagCheckIcon.tsx": {"lines":{"total":15,"covered":4,"skipped":0,"pct":26.66},"functions":{"total":2,"covered":0,"skipped":0,"pct":0},"statements":{"total":15,"covered":4,"skipped":0,"pct":26.66},"branches":{"total":18,"covered":0,"skipped":0,"pct":0}}
,"/Users/michel/GitHub/dsai/packages/@dsai/react/src/components/Icon/components/BagDashFillIcon.tsx": {"lines":{"total":15,"covered":4,"skipped":0,"pct":26.66},"functions":{"total":2,"covered":0,"skipped":0,"pct":0},"statements":{"total":15,"covered":4,"skipped":0,"pct":26.66},"branches":{"total":18,"covered":0,"skipped":0,"pct":0}}
,"/Users/michel/GitHub/dsai/packages/@dsai/react/src/components/Icon/components/BagDashIcon.tsx": {"lines":{"total":15,"covered":4,"skipped":0,"pct":26.66},"functions":{"total":2,"covered":0,"skipped":0,"pct":0},"statements":{"total":15,"covered":4,"skipped":0,"pct":26.66},"branches":{"total":18,"covered":0,"skipped":0,"pct":0}}
,"/Users/michel/GitHub/dsai/packages/@dsai/react/src/components/Icon/components/BagFillIcon.tsx": {"lines":{"total":15,"covered":4,"skipped":0,"pct":26.66},"functions":{"total":2,"covered":0,"skipped":0,"pct":0},"statements":{"total":15,"covered":4,"skipped":0,"pct":26.66},"branches":{"total":18,"covered":0,"skipped":0,"pct":0}}
,"/Users/michel/GitHub/dsai/packages/@dsai/react/src/components/Icon/components/BagHeartFillIcon.tsx": {"lines":{"total":15,"covered":4,"skipped":0,"pct":26.66},"functions":{"total":2,"covered":0,"skipped":0,"pct":0},"statements":{"total":15,"covered":4,"skipped":0,"pct":26.66},"branches":{"total":18,"covered":0,"skipped":0,"pct":0}}
,"/Users/michel/GitHub/dsai/packages/@dsai/react/src/components/Icon/components/BagHeartIcon.tsx": {"lines":{"total":15,"covered":4,"skipped":0,"pct":26.66},"functions":{"total":2,"covered":0,"skipped":0,"pct":0},"statements":{"total":15,"covered":4,"skipped":0,"pct":26.66},"branches":{"total":18,"covered":0,"skipped":0,"pct":0}}
,"/Users/michel/GitHub/dsai/packages/@dsai/react/src/components/Icon/components/BagIcon.tsx": {"lines":{"total":15,"covered":4,"skipped":0,"pct":26.66},"functions":{"total":2,"covered":0,"skipped":0,"pct":0},"statements":{"total":15,"covered":4,"skipped":0,"pct":26.66},"branches":{"total":18,"covered":0,"skipped":0,"pct":0}}
,"/Users/michel/GitHub/dsai/packages/@dsai/react/src/components/Icon/components/BagPlusFillIcon.tsx": {"lines":{"total":15,"covered":4,"skipped":0,"pct":26.66},"functions":{"total":2,"covered":0,"skipped":0,"pct":0},"statements":{"total":15,"covered":4,"skipped":0,"pct":26.66},"branches":{"total":18,"covered":0,"skipped":0,"pct":0}}
,"/Users/michel/GitHub/dsai/packages/@dsai/react/src/components/Icon/components/BagPlusIcon.tsx": {"lines":{"total":15,"covered":4,"skipped":0,"pct":26.66},"functions":{"total":2,"covered":0,"skipped":0,"pct":0},"statements":{"total":15,"covered":4,"skipped":0,"pct":26.66},"branches":{"total":18,"covered":0,"skipped":0,"pct":0}}
,"/Users/michel/GitHub/dsai/packages/@dsai/react/src/components/Icon/components/BagXFillIcon.tsx": {"lines":{"total":15,"covered":4,"skipped":0,"pct":26.66},"functions":{"total":2,"covered":0,"skipped":0,"pct":0},"statements":{"total":15,"covered":4,"skipped":0,"pct":26.66},"branches":{"total":18,"covered":0,"skipped":0,"pct":0}}
,"/Users/michel/GitHub/dsai/packages/@dsai/react/src/components/Icon/components/BagXIcon.tsx": {"lines":{"total":15,"covered":4,"skipped":0,"pct":26.66},"functions":{"total":2,"covered":0,"skipped":0,"pct":0},"statements":{"total":15,"covered":4,"skipped":0,"pct":26.66},"branches":{"total":18,"covered":0,"skipped":0,"pct":0}}
,"/Users/michel/GitHub/dsai/packages/@dsai/react/src/components/Icon/components/BalloonFillIcon.tsx": {"lines":{"total":15,"covered":4,"skipped":0,"pct":26.66},"functions":{"total":2,"covered":0,"skipped":0,"pct":0},"statements":{"total":15,"covered":4,"skipped":0,"pct":26.66},"branches":{"total":18,"covered":0,"skipped":0,"pct":0}}
,"/Users/michel/GitHub/dsai/packages/@dsai/react/src/components/Icon/components/BalloonHeartFillIcon.tsx": {"lines":{"total":15,"covered":4,"skipped":0,"pct":26.66},"functions":{"total":2,"covered":0,"skipped":0,"pct":0},"statements":{"total":15,"covered":4,"skipped":0,"pct":26.66},"branches":{"total":18,"covered":0,"skipped":0,"pct":0}}
,"/Users/michel/GitHub/dsai/packages/@dsai/react/src/components/Icon/components/BalloonHeartIcon.tsx": {"lines":{"total":15,"covered":4,"skipped":0,"pct":26.66},"functions":{"total":2,"covered":0,"skipped":0,"pct":0},"statements":{"total":15,"covered":4,"skipped":0,"pct":26.66},"branches":{"total":18,"covered":0,"skipped":0,"pct":0}}
,"/Users/michel/GitHub/dsai/packages/@dsai/react/src/components/Icon/components/BalloonIcon.tsx": {"lines":{"total":15,"covered":4,"skipped":0,"pct":26.66},"functions":{"total":2,"covered":0,"skipped":0,"pct":0},"statements":{"total":15,"covered":4,"skipped":0,"pct":26.66},"branches":{"total":18,"covered":0,"skipped":0,"pct":0}}
,"/Users/michel/GitHub/dsai/packages/@dsai/react/src/components/Icon/components/BanFillIcon.tsx": {"lines":{"total":15,"covered":4,"skipped":0,"pct":26.66},"functions":{"total":2,"covered":0,"skipped":0,"pct":0},"statements":{"total":15,"covered":4,"skipped":0,"pct":26.66},"branches":{"total":18,"covered":0,"skipped":0,"pct":0}}
,"/Users/michel/GitHub/dsai/packages/@dsai/react/src/components/Icon/components/BanIcon.tsx": {"lines":{"total":15,"covered":4,"skipped":0,"pct":26.66},"functions":{"total":2,"covered":0,"skipped":0,"pct":0},"statements":{"total":15,"covered":4,"skipped":0,"pct":26.66},"branches":{"total":18,"covered":0,"skipped":0,"pct":0}}
,"/Users/michel/GitHub/dsai/packages/@dsai/react/src/components/Icon/components/BandaidFillIcon.tsx": {"lines":{"total":15,"covered":4,"skipped":0,"pct":26.66},"functions":{"total":2,"covered":0,"skipped":0,"pct":0},"statements":{"total":15,"covered":4,"skipped":0,"pct":26.66},"branches":{"total":18,"covered":0,"skipped":0,"pct":0}}
,"/Users/michel/GitHub/dsai/packages/@dsai/react/src/components/Icon/components/BandaidIcon.tsx": {"lines":{"total":15,"covered":4,"skipped":0,"pct":26.66},"functions":{"total":2,"covered":0,"skipped":0,"pct":0},"statements":{"total":15,"covered":4,"skipped":0,"pct":26.66},"branches":{"total":18,"covered":0,"skipped":0,"pct":0}}
,"/Users/michel/GitHub/dsai/packages/@dsai/react/src/components/Icon/components/Bank2Icon.tsx": {"lines":{"total":15,"covered":4,"skipped":0,"pct":26.66},"functions":{"total":2,"covered":0,"skipped":0,"pct":0},"statements":{"total":15,"covered":4,"skipped":0,"pct":26.66},"branches":{"total":18,"covered":0,"skipped":0,"pct":0}}
,"/Users/michel/GitHub/dsai/packages/@dsai/react/src/components/Icon/components/BankIcon.tsx": {"lines":{"total":15,"covered":4,"skipped":0,"pct":26.66},"functions":{"total":2,"covered":0,"skipped":0,"pct":0},"statements":{"total":15,"covered":4,"skipped":0,"pct":26.66},"branches":{"total":18,"covered":0,"skipped":0,"pct":0}}
,"/Users/michel/GitHub/dsai/packages/@dsai/react/src/components/Icon/components/BarChartFillIcon.tsx": {"lines":{"total":15,"covered":4,"skipped":0,"pct":26.66},"functions":{"total":2,"covered":0,"skipped":0,"pct":0},"statements":{"total":15,"covered":4,"skipped":0,"pct":26.66},"branches":{"total":18,"covered":0,"skipped":0,"pct":0}}
,"/Users/michel/GitHub/dsai/packages/@dsai/react/src/components/Icon/components/BarChartIcon.tsx": {"lines":{"total":15,"covered":4,"skipped":0,"pct":26.66},"functions":{"total":2,"covered":0,"skipped":0,"pct":0},"statements":{"total":15,"covered":4,"skipped":0,"pct":26.66},"branches":{"total":18,"covered":0,"skipped":0,"pct":0}}
,"/Users/michel/GitHub/dsai/packages/@dsai/react/src/components/Icon/components/BarChartLineFillIcon.tsx": {"lines":{"total":15,"covered":4,"skipped":0,"pct":26.66},"functions":{"total":2,"covered":0,"skipped":0,"pct":0},"statements":{"total":15,"covered":4,"skipped":0,"pct":26.66},"branches":{"total":18,"covered":0,"skipped":0,"pct":0}}
,"/Users/michel/GitHub/dsai/packages/@dsai/react/src/components/Icon/components/BarChartLineIcon.tsx": {"lines":{"total":15,"covered":4,"skipped":0,"pct":26.66},"functions":{"total":2,"covered":0,"skipped":0,"pct":0},"statements":{"total":15,"covered":4,"skipped":0,"pct":26.66},"branches":{"total":18,"covered":0,"skipped":0,"pct":0}}
,"/Users/michel/GitHub/dsai/packages/@dsai/react/src/components/Icon/components/BarChartStepsIcon.tsx": {"lines":{"total":15,"covered":4,"skipped":0,"pct":26.66},"functions":{"total":2,"covered":0,"skipped":0,"pct":0},"statements":{"total":15,"covered":4,"skipped":0,"pct":26.66},"branches":{"total":18,"covered":0,"skipped":0,"pct":0}}
,"/Users/michel/GitHub/dsai/packages/@dsai/react/src/components/Icon/components/Basket2FillIcon.tsx": {"lines":{"total":15,"covered":4,"skipped":0,"pct":26.66},"functions":{"total":2,"covered":0,"skipped":0,"pct":0},"statements":{"total":15,"covered":4,"skipped":0,"pct":26.66},"branches":{"total":18,"covered":0,"skipped":0,"pct":0}}
,"/Users/michel/GitHub/dsai/packages/@dsai/react/src/components/Icon/components/Basket2Icon.tsx": {"lines":{"total":15,"covered":4,"skipped":0,"pct":26.66},"functions":{"total":2,"covered":0,"skipped":0,"pct":0},"statements":{"total":15,"covered":4,"skipped":0,"pct":26.66},"branches":{"total":18,"covered":0,"skipped":0,"pct":0}}
,"/Users/michel/GitHub/dsai/packages/@dsai/react/src/components/Icon/components/Basket3FillIcon.tsx": {"lines":{"total":15,"covered":4,"skipped":0,"pct":26.66},"functions":{"total":2,"covered":0,"skipped":0,"pct":0},"statements":{"total":15,"covered":4,"skipped":0,"pct":26.66},"branches":{"total":18,"covered":0,"skipped":0,"pct":0}}
,"/Users/michel/GitHub/dsai/packages/@dsai/react/src/components/Icon/components/Basket3Icon.tsx": {"lines":{"total":15,"covered":4,"skipped":0,"pct":26.66},"functions":{"total":2,"covered":0,"skipped":0,"pct":0},"statements":{"total":15,"covered":4,"skipped":0,"pct":26.66},"branches":{"total":18,"covered":0,"skipped":0,"pct":0}}
,"/Users/michel/GitHub/dsai/packages/@dsai/react/src/components/Icon/components/BasketFillIcon.tsx": {"lines":{"total":15,"covered":4,"skipped":0,"pct":26.66},"functions":{"total":2,"covered":0,"skipped":0,"pct":0},"statements":{"total":15,"covered":4,"skipped":0,"pct":26.66},"branches":{"total":18,"covered":0,"skipped":0,"pct":0}}
,"/Users/michel/GitHub/dsai/packages/@dsai/react/src/components/Icon/components/BasketIcon.tsx": {"lines":{"total":15,"covered":4,"skipped":0,"pct":26.66},"functions":{"total":2,"covered":0,"skipped":0,"pct":0},"statements":{"total":15,"covered":4,"skipped":0,"pct":26.66},"branches":{"total":18,"covered":0,"skipped":0,"pct":0}}
,"/Users/michel/GitHub/dsai/packages/@dsai/react/src/components/Icon/components/BatteryChargingIcon.tsx": {"lines":{"total":15,"covered":4,"skipped":0,"pct":26.66},"functions":{"total":2,"covered":0,"skipped":0,"pct":0},"statements":{"total":15,"covered":4,"skipped":0,"pct":26.66},"branches":{"total":18,"covered":0,"skipped":0,"pct":0}}
,"/Users/michel/GitHub/dsai/packages/@dsai/react/src/components/Icon/components/BatteryFullIcon.tsx": {"lines":{"total":15,"covered":4,"skipped":0,"pct":26.66},"functions":{"total":2,"covered":0,"skipped":0,"pct":0},"statements":{"total":15,"covered":4,"skipped":0,"pct":26.66},"branches":{"total":18,"covered":0,"skipped":0,"pct":0}}
,"/Users/michel/GitHub/dsai/packages/@dsai/react/src/components/Icon/components/BatteryHalfIcon.tsx": {"lines":{"total":15,"covered":4,"skipped":0,"pct":26.66},"functions":{"total":2,"covered":0,"skipped":0,"pct":0},"statements":{"total":15,"covered":4,"skipped":0,"pct":26.66},"branches":{"total":18,"covered":0,"skipped":0,"pct":0}}
,"/Users/michel/GitHub/dsai/packages/@dsai/react/src/components/Icon/components/BatteryIcon.tsx": {"lines":{"total":15,"covered":4,"skipped":0,"pct":26.66},"functions":{"total":2,"covered":0,"skipped":0,"pct":0},"statements":{"total":15,"covered":4,"skipped":0,"pct":26.66},"branches":{"total":18,"covered":0,"skipped":0,"pct":0}}
,"/Users/michel/GitHub/dsai/packages/@dsai/react/src/components/Icon/components/BatteryLowIcon.tsx": {"lines":{"total":15,"covered":4,"skipped":0,"pct":26.66},"functions":{"total":2,"covered":0,"skipped":0,"pct":0},"statements":{"total":15,"covered":4,"skipped":0,"pct":26.66},"branches":{"total":18,"covered":0,"skipped":0,"pct":0}}
,"/Users/michel/GitHub/dsai/packages/@dsai/react/src/components/Icon/components/BeakerFillIcon.tsx": {"lines":{"total":15,"covered":4,"skipped":0,"pct":26.66},"functions":{"total":2,"covered":0,"skipped":0,"pct":0},"statements":{"total":15,"covered":4,"skipped":0,"pct":26.66},"branches":{"total":18,"covered":0,"skipped":0,"pct":0}}
,"/Users/michel/GitHub/dsai/packages/@dsai/react/src/components/Icon/components/BeakerIcon.tsx": {"lines":{"total":15,"covered":4,"skipped":0,"pct":26.66},"functions":{"total":2,"covered":0,"skipped":0,"pct":0},"statements":{"total":15,"covered":4,"skipped":0,"pct":26.66},"branches":{"total":18,"covered":0,"skipped":0,"pct":0}}
,"/Users/michel/GitHub/dsai/packages/@dsai/react/src/components/Icon/components/BehanceIcon.tsx": {"lines":{"total":15,"covered":4,"skipped":0,"pct":26.66},"functions":{"total":2,"covered":0,"skipped":0,"pct":0},"statements":{"total":15,"covered":4,"skipped":0,"pct":26.66},"branches":{"total":18,"covered":0,"skipped":0,"pct":0}}
,"/Users/michel/GitHub/dsai/packages/@dsai/react/src/components/Icon/components/BellFillIcon.tsx": {"lines":{"total":15,"covered":4,"skipped":0,"pct":26.66},"functions":{"total":2,"covered":0,"skipped":0,"pct":0},"statements":{"total":15,"covered":4,"skipped":0,"pct":26.66},"branches":{"total":18,"covered":0,"skipped":0,"pct":0}}
,"/Users/michel/GitHub/dsai/packages/@dsai/react/src/components/Icon/components/BellIcon.tsx": {"lines":{"total":15,"covered":4,"skipped":0,"pct":26.66},"functions":{"total":2,"covered":0,"skipped":0,"pct":0},"statements":{"total":15,"covered":4,"skipped":0,"pct":26.66},"branches":{"total":18,"covered":0,"skipped":0,"pct":0}}
,"/Users/michel/GitHub/dsai/packages/@dsai/react/src/components/Icon/components/BellSlashFillIcon.tsx": {"lines":{"total":15,"covered":4,"skipped":0,"pct":26.66},"functions":{"total":2,"covered":0,"skipped":0,"pct":0},"statements":{"total":15,"covered":4,"skipped":0,"pct":26.66},"branches":{"total":18,"covered":0,"skipped":0,"pct":0}}
,"/Users/michel/GitHub/dsai/packages/@dsai/react/src/components/Icon/components/BellSlashIcon.tsx": {"lines":{"total":15,"covered":4,"skipped":0,"pct":26.66},"functions":{"total":2,"covered":0,"skipped":0,"pct":0},"statements":{"total":15,"covered":4,"skipped":0,"pct":26.66},"branches":{"total":18,"covered":0,"skipped":0,"pct":0}}
,"/Users/michel/GitHub/dsai/packages/@dsai/react/src/components/Icon/components/Bezier2Icon.tsx": {"lines":{"total":15,"covered":4,"skipped":0,"pct":26.66},"functions":{"total":2,"covered":0,"skipped":0,"pct":0},"statements":{"total":15,"covered":4,"skipped":0,"pct":26.66},"branches":{"total":18,"covered":0,"skipped":0,"pct":0}}
,"/Users/michel/GitHub/dsai/packages/@dsai/react/src/components/Icon/components/BezierIcon.tsx": {"lines":{"total":15,"covered":4,"skipped":0,"pct":26.66},"functions":{"total":2,"covered":0,"skipped":0,"pct":0},"statements":{"total":15,"covered":4,"skipped":0,"pct":26.66},"branches":{"total":18,"covered":0,"skipped":0,"pct":0}}
,"/Users/michel/GitHub/dsai/packages/@dsai/react/src/components/Icon/components/BicycleIcon.tsx": {"lines":{"total":15,"covered":4,"skipped":0,"pct":26.66},"functions":{"total":2,"covered":0,"skipped":0,"pct":0},"statements":{"total":15,"covered":4,"skipped":0,"pct":26.66},"branches":{"total":18,"covered":0,"skipped":0,"pct":0}}
,"/Users/michel/GitHub/dsai/packages/@dsai/react/src/components/Icon/components/BingIcon.tsx": {"lines":{"total":15,"covered":4,"skipped":0,"pct":26.66},"functions":{"total":2,"covered":0,"skipped":0,"pct":0},"statements":{"total":15,"covered":4,"skipped":0,"pct":26.66},"branches":{"total":18,"covered":0,"skipped":0,"pct":0}}
,"/Users/michel/GitHub/dsai/packages/@dsai/react/src/components/Icon/components/BinocularsFillIcon.tsx": {"lines":{"total":15,"covered":4,"skipped":0,"pct":26.66},"functions":{"total":2,"covered":0,"skipped":0,"pct":0},"statements":{"total":15,"covered":4,"skipped":0,"pct":26.66},"branches":{"total":18,"covered":0,"skipped":0,"pct":0}}
,"/Users/michel/GitHub/dsai/packages/@dsai/react/src/components/Icon/components/BinocularsIcon.tsx": {"lines":{"total":15,"covered":4,"skipped":0,"pct":26.66},"functions":{"total":2,"covered":0,"skipped":0,"pct":0},"statements":{"total":15,"covered":4,"skipped":0,"pct":26.66},"branches":{"total":18,"covered":0,"skipped":0,"pct":0}}
,"/Users/michel/GitHub/dsai/packages/@dsai/react/src/components/Icon/components/BlockquoteLeftIcon.tsx": {"lines":{"total":15,"covered":4,"skipped":0,"pct":26.66},"functions":{"total":2,"covered":0,"skipped":0,"pct":0},"statements":{"total":15,"covered":4,"skipped":0,"pct":26.66},"branches":{"total":18,"covered":0,"skipped":0,"pct":0}}
,"/Users/michel/GitHub/dsai/packages/@dsai/react/src/components/Icon/components/BlockquoteRightIcon.tsx": {"lines":{"total":15,"covered":4,"skipped":0,"pct":26.66},"functions":{"total":2,"covered":0,"skipped":0,"pct":0},"statements":{"total":15,"covered":4,"skipped":0,"pct":26.66},"branches":{"total":18,"covered":0,"skipped":0,"pct":0}}
,"/Users/michel/GitHub/dsai/packages/@dsai/react/src/components/Icon/components/BlueskyIcon.tsx": {"lines":{"total":15,"covered":4,"skipped":0,"pct":26.66},"functions":{"total":2,"covered":0,"skipped":0,"pct":0},"statements":{"total":15,"covered":4,"skipped":0,"pct":26.66},"branches":{"total":18,"covered":0,"skipped":0,"pct":0}}
[...]
,"/Users/michel/GitHub/dsai/packages/@dsai/react/src/utils/layout/observeResize.ts": {"lines":{"total":44,"covered":36,"skipped":0,"pct":81.81},"functions":{"total":11,"covered":8,"skipped":0,"pct":72.72},"statements":{"total":44,"covered":36,"skipped":0,"pct":81.81},"branches":{"total":24,"covered":18,"skipped":0,"pct":75}}
,"/Users/michel/GitHub/dsai/packages/@dsai/react/src/utils/layout/scheduleFrame.ts": {"lines":{"total":89,"covered":50,"skipped":0,"pct":56.17},"functions":{"total":14,"covered":9,"skipped":0,"pct":64.28},"statements":{"total":89,"covered":50,"skipped":0,"pct":56.17},"branches":{"total":65,"covered":24,"skipped":0,"pct":36.92}}
,"/Users/michel/GitHub/dsai/packages/@dsai/react/src/utils/layout/throttleFrame.ts": {"lines":{"total":91,"covered":31,"skipped":0,"pct":34.06},"functions":{"total":13,"covered":4,"skipped":0,"pct":30.76},"statements":{"total":91,"covered":31,"skipped":0,"pct":34.06},"branches":{"total":61,"covered":11,"skipped":0,"pct":18.03}}
,"/Users/michel/GitHub/dsai/packages/@dsai/react/src/utils/misc/ClearIcon.tsx": {"lines":{"total":4,"covered":4,"skipped":0,"pct":100},"functions":{"total":1,"covered":1,"skipped":0,"pct":100},"statements":{"total":4,"covered":4,"skipped":0,"pct":100},"branches":{"total":0,"covered":0,"skipped":0,"pct":100}}
,"/Users/michel/GitHub/dsai/packages/@dsai/react/src/utils/misc/clearAllEvent.ts": {"lines":{"total":3,"covered":3,"skipped":0,"pct":100},"functions":{"total":1,"covered":1,"skipped":0,"pct":100},"statements":{"total":3,"covered":3,"skipped":0,"pct":100},"branches":{"total":0,"covered":0,"skipped":0,"pct":100}}
,"/Users/michel/GitHub/dsai/packages/@dsai/react/src/utils/misc/getSafeInputProps.ts": {"lines":{"total":10,"covered":10,"skipped":0,"pct":100},"functions":{"total":1,"covered":1,"skipped":0,"pct":100},"statements":{"total":10,"covered":10,"skipped":0,"pct":100},"branches":{"total":2,"covered":2,"skipped":0,"pct":100}}
,"/Users/michel/GitHub/dsai/packages/@dsai/react/src/utils/misc/mapPlacement.ts": {"lines":{"total":3,"covered":3,"skipped":0,"pct":100},"functions":{"total":1,"covered":1,"skipped":0,"pct":100},"statements":{"total":3,"covered":3,"skipped":0,"pct":100},"branches":{"total":0,"covered":0,"skipped":0,"pct":100}}
,"/Users/michel/GitHub/dsai/packages/@dsai/react/src/utils/misc/normalizeTriggers.ts": {"lines":{"total":5,"covered":5,"skipped":0,"pct":100},"functions":{"total":1,"covered":1,"skipped":0,"pct":100},"statements":{"total":5,"covered":5,"skipped":0,"pct":100},"branches":{"total":2,"covered":2,"skipped":0,"pct":100}}
,"/Users/michel/GitHub/dsai/packages/@dsai/react/src/utils/misc/selectAllEvent.ts": {"lines":{"total":5,"covered":5,"skipped":0,"pct":100},"functions":{"total":3,"covered":3,"skipped":0,"pct":100},"statements":{"total":7,"covered":7,"skipped":0,"pct":100},"branches":{"total":0,"covered":0,"skipped":0,"pct":100}}
,"/Users/michel/GitHub/dsai/packages/@dsai/react/src/utils/misc/toggleAllEvent.ts": {"lines":{"total":5,"covered":5,"skipped":0,"pct":100},"functions":{"total":3,"covered":3,"skipped":0,"pct":100},"statements":{"total":7,"covered":7,"skipped":0,"pct":100},"branches":{"total":0,"covered":0,"skipped":0,"pct":100}}
,"/Users/michel/GitHub/dsai/packages/@dsai/react/src/utils/misc/toggleItemEvent.ts": {"lines":{"total":3,"covered":3,"skipped":0,"pct":100},"functions":{"total":1,"covered":1,"skipped":0,"pct":100},"statements":{"total":3,"covered":3,"skipped":0,"pct":100},"branches":{"total":0,"covered":0,"skipped":0,"pct":100}}
,"/Users/michel/GitHub/dsai/packages/@dsai/react/src/utils/motion/angle.ts": {"lines":{"total":7,"covered":7,"skipped":0,"pct":100},"functions":{"total":2,"covered":2,"skipped":0,"pct":100},"statements":{"total":7,"covered":7,"skipped":0,"pct":100},"branches":{"total":6,"covered":6,"skipped":0,"pct":100}}
,"/Users/michel/GitHub/dsai/packages/@dsai/react/src/utils/motion/clampVelocity.ts": {"lines":{"total":11,"covered":11,"skipped":0,"pct":100},"functions":{"total":2,"covered":2,"skipped":0,"pct":100},"statements":{"total":11,"covered":11,"skipped":0,"pct":100},"branches":{"total":10,"covered":10,"skipped":0,"pct":100}}
,"/Users/michel/GitHub/dsai/packages/@dsai/react/src/utils/motion/createSpring.ts": {"lines":{"total":40,"covered":40,"skipped":0,"pct":100},"functions":{"total":2,"covered":2,"skipped":0,"pct":100},"statements":{"total":40,"covered":40,"skipped":0,"pct":100},"branches":{"total":19,"covered":19,"skipped":0,"pct":100}}
,"/Users/michel/GitHub/dsai/packages/@dsai/react/src/utils/motion/distance.ts": {"lines":{"total":7,"covered":7,"skipped":0,"pct":100},"functions":{"total":2,"covered":2,"skipped":0,"pct":100},"statements":{"total":7,"covered":7,"skipped":0,"pct":100},"branches":{"total":6,"covered":6,"skipped":0,"pct":100}}
,"/Users/michel/GitHub/dsai/packages/@dsai/react/src/utils/motion/easeIn.ts": {"lines":{"total":3,"covered":3,"skipped":0,"pct":100},"functions":{"total":1,"covered":1,"skipped":0,"pct":100},"statements":{"total":4,"covered":4,"skipped":0,"pct":100},"branches":{"total":0,"covered":0,"skipped":0,"pct":100}}
,"/Users/michel/GitHub/dsai/packages/@dsai/react/src/utils/motion/easeInOut.ts": {"lines":{"total":3,"covered":3,"skipped":0,"pct":100},"functions":{"total":1,"covered":1,"skipped":0,"pct":100},"statements":{"total":4,"covered":4,"skipped":0,"pct":100},"branches":{"total":2,"covered":2,"skipped":0,"pct":100}}
,"/Users/michel/GitHub/dsai/packages/@dsai/react/src/utils/motion/easeOut.ts": {"lines":{"total":3,"covered":3,"skipped":0,"pct":100},"functions":{"total":1,"covered":1,"skipped":0,"pct":100},"statements":{"total":4,"covered":4,"skipped":0,"pct":100},"branches":{"total":0,"covered":0,"skipped":0,"pct":100}}
,"/Users/michel/GitHub/dsai/packages/@dsai/react/src/utils/motion/interpolate.ts": {"lines":{"total":32,"covered":31,"skipped":0,"pct":96.87},"functions":{"total":1,"covered":1,"skipped":0,"pct":100},"statements":{"total":33,"covered":32,"skipped":0,"pct":96.96},"branches":{"total":46,"covered":40,"skipped":0,"pct":86.95}}
,"/Users/michel/GitHub/dsai/packages/@dsai/react/src/utils/number/clamp.ts": {"lines":{"total":9,"covered":9,"skipped":0,"pct":100},"functions":{"total":1,"covered":1,"skipped":0,"pct":100},"statements":{"total":9,"covered":9,"skipped":0,"pct":100},"branches":{"total":9,"covered":9,"skipped":0,"pct":100}}
,"/Users/michel/GitHub/dsai/packages/@dsai/react/src/utils/number/formatCurrency.ts": {"lines":{"total":70,"covered":36,"skipped":0,"pct":51.42},"functions":{"total":7,"covered":5,"skipped":0,"pct":71.42},"statements":{"total":72,"covered":37,"skipped":0,"pct":51.38},"branches":{"total":83,"covered":24,"skipped":0,"pct":28.91}}
,"/Users/michel/GitHub/dsai/packages/@dsai/react/src/utils/number/formatNumber.ts": {"lines":{"total":67,"covered":45,"skipped":0,"pct":67.16},"functions":{"total":8,"covered":7,"skipped":0,"pct":87.5},"statements":{"total":69,"covered":46,"skipped":0,"pct":66.66},"branches":{"total":86,"covered":46,"skipped":0,"pct":53.48}}
,"/Users/michel/GitHub/dsai/packages/@dsai/react/src/utils/object/deepMerge.ts": {"lines":{"total":62,"covered":59,"skipped":0,"pct":95.16},"functions":{"total":4,"covered":4,"skipped":0,"pct":100},"statements":{"total":62,"covered":59,"skipped":0,"pct":95.16},"branches":{"total":64,"covered":59,"skipped":0,"pct":92.18}}
,"/Users/michel/GitHub/dsai/packages/@dsai/react/src/utils/object/omit.ts": {"lines":{"total":16,"covered":16,"skipped":0,"pct":100},"functions":{"total":1,"covered":1,"skipped":0,"pct":100},"statements":{"total":16,"covered":16,"skipped":0,"pct":100},"branches":{"total":13,"covered":13,"skipped":0,"pct":100}}
,"/Users/michel/GitHub/dsai/packages/@dsai/react/src/utils/object/pick.ts": {"lines":{"total":13,"covered":13,"skipped":0,"pct":100},"functions":{"total":1,"covered":1,"skipped":0,"pct":100},"statements":{"total":13,"covered":13,"skipped":0,"pct":100},"branches":{"total":11,"covered":11,"skipped":0,"pct":100}}
,"/Users/michel/GitHub/dsai/packages/@dsai/react/src/utils/platform/getBrowser.ts": {"lines":{"total":23,"covered":15,"skipped":0,"pct":65.21},"functions":{"total":1,"covered":1,"skipped":0,"pct":100},"statements":{"total":23,"covered":15,"skipped":0,"pct":65.21},"branches":{"total":18,"covered":9,"skipped":0,"pct":50}}
,"/Users/michel/GitHub/dsai/packages/@dsai/react/src/utils/platform/getDevicePixelRatio.ts": {"lines":{"total":5,"covered":4,"skipped":0,"pct":80},"functions":{"total":1,"covered":1,"skipped":0,"pct":100},"statements":{"total":5,"covered":4,"skipped":0,"pct":80},"branches":{"total":4,"covered":1,"skipped":0,"pct":25}}
,"/Users/michel/GitHub/dsai/packages/@dsai/react/src/utils/platform/getOS.ts": {"lines":{"total":22,"covered":16,"skipped":0,"pct":72.72},"functions":{"total":1,"covered":1,"skipped":0,"pct":100},"statements":{"total":22,"covered":16,"skipped":0,"pct":72.72},"branches":{"total":20,"covered":11,"skipped":0,"pct":55}}
,"/Users/michel/GitHub/dsai/packages/@dsai/react/src/utils/platform/getTextDirection.ts": {"lines":{"total":6,"covered":6,"skipped":0,"pct":100},"functions":{"total":1,"covered":1,"skipped":0,"pct":100},"statements":{"total":6,"covered":6,"skipped":0,"pct":100},"branches":{"total":4,"covered":4,"skipped":0,"pct":100}}
,"/Users/michel/GitHub/dsai/packages/@dsai/react/src/utils/platform/hasHover.ts": {"lines":{"total":12,"covered":11,"skipped":0,"pct":91.66},"functions":{"total":1,"covered":1,"skipped":0,"pct":100},"statements":{"total":12,"covered":11,"skipped":0,"pct":91.66},"branches":{"total":14,"covered":11,"skipped":0,"pct":78.57}}
,"/Users/michel/GitHub/dsai/packages/@dsai/react/src/utils/platform/isDesktop.ts": {"lines":{"total":16,"covered":14,"skipped":0,"pct":87.5},"functions":{"total":1,"covered":1,"skipped":0,"pct":100},"statements":{"total":16,"covered":14,"skipped":0,"pct":87.5},"branches":{"total":10,"covered":7,"skipped":0,"pct":70}}
,"/Users/michel/GitHub/dsai/packages/@dsai/react/src/utils/platform/isMobile.ts": {"lines":{"total":15,"covered":15,"skipped":0,"pct":100},"functions":{"total":2,"covered":2,"skipped":0,"pct":100},"statements":{"total":16,"covered":16,"skipped":0,"pct":100},"branches":{"total":10,"covered":8,"skipped":0,"pct":80}}
,"/Users/michel/GitHub/dsai/packages/@dsai/react/src/utils/platform/isRTL.ts": {"lines":{"total":20,"covered":4,"skipped":0,"pct":20},"functions":{"total":1,"covered":1,"skipped":0,"pct":100},"statements":{"total":20,"covered":4,"skipped":0,"pct":20},"branches":{"total":8,"covered":1,"skipped":0,"pct":12.5}}
,"/Users/michel/GitHub/dsai/packages/@dsai/react/src/utils/platform/isTablet.ts": {"lines":{"total":14,"covered":14,"skipped":0,"pct":100},"functions":{"total":2,"covered":2,"skipped":0,"pct":100},"statements":{"total":15,"covered":15,"skipped":0,"pct":100},"branches":{"total":12,"covered":10,"skipped":0,"pct":83.33}}
,"/Users/michel/GitHub/dsai/packages/@dsai/react/src/utils/platform/isTouchDevice.ts": {"lines":{"total":12,"covered":11,"skipped":0,"pct":91.66},"functions":{"total":1,"covered":1,"skipped":0,"pct":100},"statements":{"total":12,"covered":11,"skipped":0,"pct":91.66},"branches":{"total":17,"covered":8,"skipped":0,"pct":47.05}}
,"/Users/michel/GitHub/dsai/packages/@dsai/react/src/utils/safety/copyToClipboard.ts": {"lines":{"total":55,"covered":46,"skipped":0,"pct":83.63},"functions":{"total":7,"covered":6,"skipped":0,"pct":85.71},"statements":{"total":56,"covered":46,"skipped":0,"pct":82.14},"branches":{"total":55,"covered":34,"skipped":0,"pct":61.81}}
,"/Users/michel/GitHub/dsai/packages/@dsai/react/src/utils/safety/generateCryptoId.ts": {"lines":{"total":48,"covered":43,"skipped":0,"pct":89.58},"functions":{"total":9,"covered":9,"skipped":0,"pct":100},"statements":{"total":49,"covered":43,"skipped":0,"pct":87.75},"branches":{"total":26,"covered":22,"skipped":0,"pct":84.61}}
,"/Users/michel/GitHub/dsai/packages/@dsai/react/src/utils/safety/generateToken.ts": {"lines":{"total":49,"covered":41,"skipped":0,"pct":83.67},"functions":{"total":9,"covered":8,"skipped":0,"pct":88.88},"statements":{"total":50,"covered":41,"skipped":0,"pct":82},"branches":{"total":25,"covered":21,"skipped":0,"pct":84}}
,"/Users/michel/GitHub/dsai/packages/@dsai/react/src/utils/safety/readFromClipboard.ts": {"lines":{"total":40,"covered":31,"skipped":0,"pct":77.5},"functions":{"total":7,"covered":6,"skipped":0,"pct":85.71},"statements":{"total":41,"covered":31,"skipped":0,"pct":75.6},"branches":{"total":50,"covered":34,"skipped":0,"pct":68}}
,"/Users/michel/GitHub/dsai/packages/@dsai/react/src/utils/safety/sanitizeHtml.ts": {"lines":{"total":151,"covered":132,"skipped":0,"pct":87.41},"functions":{"total":13,"covered":12,"skipped":0,"pct":92.3},"statements":{"total":157,"covered":137,"skipped":0,"pct":87.26},"branches":{"total":123,"covered":100,"skipped":0,"pct":81.3}}
,"/Users/michel/GitHub/dsai/packages/@dsai/react/src/utils/safety/sanitizeUrl.ts": {"lines":{"total":62,"covered":52,"skipped":0,"pct":83.87},"functions":{"total":8,"covered":7,"skipped":0,"pct":87.5},"statements":{"total":66,"covered":56,"skipped":0,"pct":84.84},"branches":{"total":58,"covered":45,"skipped":0,"pct":77.58}}
,"/Users/michel/GitHub/dsai/packages/@dsai/react/src/utils/string/capitalize.ts": {"lines":{"total":36,"covered":33,"skipped":0,"pct":91.66},"functions":{"total":5,"covered":5,"skipped":0,"pct":100},"statements":{"total":36,"covered":33,"skipped":0,"pct":91.66},"branches":{"total":24,"covered":21,"skipped":0,"pct":87.5}}
,"/Users/michel/GitHub/dsai/packages/@dsai/react/src/utils/string/getVariantClass.ts": {"lines":{"total":15,"covered":14,"skipped":0,"pct":93.33},"functions":{"total":1,"covered":1,"skipped":0,"pct":100},"statements":{"total":15,"covered":14,"skipped":0,"pct":93.33},"branches":{"total":23,"covered":21,"skipped":0,"pct":91.3}}
,"/Users/michel/GitHub/dsai/packages/@dsai/react/src/utils/string/slugify.ts": {"lines":{"total":32,"covered":31,"skipped":0,"pct":96.87},"functions":{"total":1,"covered":1,"skipped":0,"pct":100},"statements":{"total":33,"covered":32,"skipped":0,"pct":96.96},"branches":{"total":22,"covered":21,"skipped":0,"pct":95.45}}
,"/Users/michel/GitHub/dsai/packages/@dsai/react/src/utils/string/truncate.ts": {"lines":{"total":24,"covered":24,"skipped":0,"pct":100},"functions":{"total":1,"covered":1,"skipped":0,"pct":100},"statements":{"total":24,"covered":24,"skipped":0,"pct":100},"branches":{"total":20,"covered":20,"skipped":0,"pct":100}}
,"/Users/michel/GitHub/dsai/packages/@dsai/react/src/utils/telemetry/catchErrors.ts": {"lines":{"total":43,"covered":41,"skipped":0,"pct":95.34},"functions":{"total":6,"covered":6,"skipped":0,"pct":100},"statements":{"total":44,"covered":42,"skipped":0,"pct":95.45},"branches":{"total":32,"covered":30,"skipped":0,"pct":93.75}}
,"/Users/michel/GitHub/dsai/packages/@dsai/react/src/utils/telemetry/config.ts": {"lines":{"total":35,"covered":18,"skipped":0,"pct":51.42},"functions":{"total":8,"covered":5,"skipped":0,"pct":62.5},"statements":{"total":35,"covered":18,"skipped":0,"pct":51.42},"branches":{"total":21,"covered":1,"skipped":0,"pct":4.76}}
,"/Users/michel/GitHub/dsai/packages/@dsai/react/src/utils/telemetry/endTiming.ts": {"lines":{"total":2,"covered":2,"skipped":0,"pct":100},"functions":{"total":1,"covered":1,"skipped":0,"pct":100},"statements":{"total":2,"covered":2,"skipped":0,"pct":100},"branches":{"total":0,"covered":0,"skipped":0,"pct":100}}
,"/Users/michel/GitHub/dsai/packages/@dsai/react/src/utils/telemetry/measurePerformance.ts": {"lines":{"total":66,"covered":66,"skipped":0,"pct":100},"functions":{"total":5,"covered":5,"skipped":0,"pct":100},"statements":{"total":66,"covered":66,"skipped":0,"pct":100},"branches":{"total":72,"covered":61,"skipped":0,"pct":84.72}}
,"/Users/michel/GitHub/dsai/packages/@dsai/react/src/utils/telemetry/startTiming.ts": {"lines":{"total":29,"covered":29,"skipped":0,"pct":100},"functions":{"total":4,"covered":4,"skipped":0,"pct":100},"statements":{"total":29,"covered":29,"skipped":0,"pct":100},"branches":{"total":18,"covered":18,"skipped":0,"pct":100}}
,"/Users/michel/GitHub/dsai/packages/@dsai/react/src/utils/telemetry/types.ts": {"lines":{"total":9,"covered":9,"skipped":0,"pct":100},"functions":{"total":3,"covered":3,"skipped":0,"pct":100},"statements":{"total":9,"covered":9,"skipped":0,"pct":100},"branches":{"total":20,"covered":20,"skipped":0,"pct":100}}
,"/Users/michel/GitHub/dsai/packages/@dsai/react/src/utils/telemetry/wrapWithTelemetry.ts": {"lines":{"total":59,"covered":53,"skipped":0,"pct":89.83},"functions":{"total":5,"covered":5,"skipped":0,"pct":100},"statements":{"total":59,"covered":53,"skipped":0,"pct":89.83},"branches":{"total":42,"covered":38,"skipped":0,"pct":90.47}}
,"/Users/michel/GitHub/dsai/packages/@dsai/react/src/utils/timing/debounce.ts": {"lines":{"total":86,"covered":84,"skipped":0,"pct":97.67},"functions":{"total":13,"covered":13,"skipped":0,"pct":100},"statements":{"total":86,"covered":84,"skipped":0,"pct":97.67},"branches":{"total":88,"covered":81,"skipped":0,"pct":92.04}}
,"/Users/michel/GitHub/dsai/packages/@dsai/react/src/utils/timing/throttle.ts": {"lines":{"total":58,"covered":56,"skipped":0,"pct":96.55},"functions":{"total":10,"covered":10,"skipped":0,"pct":100},"statements":{"total":58,"covered":56,"skipped":0,"pct":96.55},"branches":{"total":37,"covered":35,"skipped":0,"pct":94.59}}
,"/Users/michel/GitHub/dsai/packages/@dsai/react/src/utils/types/isExternalUrl.ts": {"lines":{"total":7,"covered":7,"skipped":0,"pct":100},"functions":{"total":2,"covered":2,"skipped":0,"pct":100},"statements":{"total":8,"covered":8,"skipped":0,"pct":100},"branches":{"total":4,"covered":4,"skipped":0,"pct":100}}
,"/Users/michel/GitHub/dsai/packages/@dsai/react/src/utils/validation/isSafeHref.ts": {"lines":{"total":12,"covered":11,"skipped":0,"pct":91.66},"functions":{"total":3,"covered":3,"skipped":0,"pct":100},"statements":{"total":13,"covered":12,"skipped":0,"pct":92.3},"branches":{"total":6,"covered":6,"skipped":0,"pct":100}}
,"/Users/michel/GitHub/dsai/packages/@dsai/react/src/utils/validation/isValidEmail.ts": {"lines":{"total":21,"covered":16,"skipped":0,"pct":76.19},"functions":{"total":2,"covered":2,"skipped":0,"pct":100},"statements":{"total":21,"covered":16,"skipped":0,"pct":76.19},"branches":{"total":27,"covered":22,"skipped":0,"pct":81.48}}
,"/Users/michel/GitHub/dsai/packages/@dsai/react/src/utils/validation/isValidHref.ts": {"lines":{"total":4,"covered":4,"skipped":0,"pct":100},"functions":{"total":1,"covered":1,"skipped":0,"pct":100},"statements":{"total":4,"covered":4,"skipped":0,"pct":100},"branches":{"total":0,"covered":0,"skipped":0,"pct":100}}
,"/Users/michel/GitHub/dsai/packages/@dsai/react/src/utils/validation/isValidUrl.ts": {"lines":{"total":17,"covered":14,"skipped":0,"pct":82.35},"functions":{"total":1,"covered":1,"skipped":0,"pct":100},"statements":{"total":17,"covered":14,"skipped":0,"pct":82.35},"branches":{"total":18,"covered":11,"skipped":0,"pct":61.11}}
,"/Users/michel/GitHub/dsai/packages/@dsai/tokens/src/token-utils.ts": {"lines":{"total":49,"covered":0,"skipped":0,"pct":0},"functions":{"total":13,"covered":0,"skipped":0,"pct":0},"statements":{"total":49,"covered":0,"skipped":0,"pct":0},"branches":{"total":36,"covered":0,"skipped":0,"pct":0}}
,"/Users/michel/GitHub/dsai/packages/@dsai/tokens/src/tokens-flat.ts": {"lines":{"total":296,"covered":0,"skipped":0,"pct":0},"functions":{"total":0,"covered":0,"skipped":0,"pct":100},"statements":{"total":296,"covered":0,"skipped":0,"pct":0},"branches":{"total":0,"covered":0,"skipped":0,"pct":100}}
,"/Users/michel/GitHub/dsai/packages/@dsai/tokens/src/tokens-grouped.ts": {"lines":{"total":53,"covered":0,"skipped":0,"pct":0},"functions":{"total":6,"covered":0,"skipped":0,"pct":0},"statements":{"total":53,"covered":0,"skipped":0,"pct":0},"branches":{"total":30,"covered":0,"skipped":0,"pct":0}}
}
