{"total": {"lines":{"total":280,"covered":189,"skipped":0,"pct":67.5},"statements":{"total":311,"covered":195,"skipped":0,"pct":62.7},"functions":{"total":68,"covered":34,"skipped":0,"pct":50},"branches":{"total":203,"covered":130,"skipped":0,"pct":64.03},"branchesTrue":{"total":0,"covered":0,"skipped":0,"pct":100}}
,"/Users/michel/GitHub/dsai/packages/@dsai/react/src/utils/index.ts": {"lines":{"total":11,"covered":0,"skipped":0,"pct":0},"functions":{"total":1,"covered":0,"skipped":0,"pct":0},"statements":{"total":11,"covered":0,"skipped":0,"pct":0},"branches":{"total":0,"covered":0,"skipped":0,"pct":100}}
,"/Users/michel/GitHub/dsai/packages/@dsai/react/src/utils/a11y/announceToScreenReader.ts": {"lines":{"total":29,"covered":26,"skipped":0,"pct":89.65},"functions":{"total":4,"covered":2,"skipped":0,"pct":50},"statements":{"total":29,"covered":26,"skipped":0,"pct":89.65},"branches":{"total":22,"covered":12,"skipped":0,"pct":54.54}}
,"/Users/michel/GitHub/dsai/packages/@dsai/react/src/utils/a11y/focusableSelectors.ts": {"lines":{"total":3,"covered":3,"skipped":0,"pct":100},"functions":{"total":0,"covered":0,"skipped":0,"pct":100},"statements":{"total":3,"covered":3,"skipped":0,"pct":100},"branches":{"total":0,"covered":0,"skipped":0,"pct":100}}
,"/Users/michel/GitHub/dsai/packages/@dsai/react/src/utils/a11y/generateId.ts": {"lines":{"total":5,"covered":5,"skipped":0,"pct":100},"functions":{"total":1,"covered":1,"skipped":0,"pct":100},"statements":{"total":5,"covered":5,"skipped":0,"pct":100},"branches":{"total":1,"covered":0,"skipped":0,"pct":0}}
,"/Users/michel/GitHub/dsai/packages/@dsai/react/src/utils/a11y/index.ts": {"lines":{"total":4,"covered":0,"skipped":0,"pct":0},"functions":{"total":5,"covered":0,"skipped":0,"pct":0},"statements":{"total":9,"covered":0,"skipped":0,"pct":0},"branches":{"total":0,"covered":0,"skipped":0,"pct":100}}
,"/Users/michel/GitHub/dsai/packages/@dsai/react/src/utils/a11y/trapFocus.ts": {"lines":{"total":51,"covered":31,"skipped":0,"pct":60.78},"functions":{"total":8,"covered":6,"skipped":0,"pct":75},"statements":{"total":51,"covered":31,"skipped":0,"pct":60.78},"branches":{"total":61,"covered":29,"skipped":0,"pct":47.54}}
,"/Users/michel/GitHub/dsai/packages/@dsai/react/src/utils/browser/index.ts": {"lines":{"total":2,"covered":0,"skipped":0,"pct":0},"functions":{"total":2,"covered":0,"skipped":0,"pct":0},"statements":{"total":4,"covered":0,"skipped":0,"pct":0},"branches":{"total":0,"covered":0,"skipped":0,"pct":100}}
,"/Users/michel/GitHub/dsai/packages/@dsai/react/src/utils/browser/isBrowser.ts": {"lines":{"total":3,"covered":3,"skipped":0,"pct":100},"functions":{"total":1,"covered":1,"skipped":0,"pct":100},"statements":{"total":3,"covered":3,"skipped":0,"pct":100},"branches":{"total":2,"covered":2,"skipped":0,"pct":100}}
,"/Users/michel/GitHub/dsai/packages/@dsai/react/src/utils/browser/prefersReducedMotion.ts": {"lines":{"total":10,"covered":9,"skipped":0,"pct":90},"functions":{"total":1,"covered":1,"skipped":0,"pct":100},"statements":{"total":10,"covered":9,"skipped":0,"pct":90},"branches":{"total":9,"covered":5,"skipped":0,"pct":55.55}}
,"/Users/michel/GitHub/dsai/packages/@dsai/react/src/utils/dom/index.ts": {"lines":{"total":1,"covered":0,"skipped":0,"pct":0},"functions":{"total":1,"covered":0,"skipped":0,"pct":0},"statements":{"total":2,"covered":0,"skipped":0,"pct":0},"branches":{"total":0,"covered":0,"skipped":0,"pct":100}}
,"/Users/michel/GitHub/dsai/packages/@dsai/react/src/utils/dom/mergeRefs.ts": {"lines":{"total":13,"covered":10,"skipped":0,"pct":76.92},"functions":{"total":3,"covered":3,"skipped":0,"pct":100},"statements":{"total":13,"covered":10,"skipped":0,"pct":76.92},"branches":{"total":10,"covered":6,"skipped":0,"pct":60}}
,"/Users/michel/GitHub/dsai/packages/@dsai/react/src/utils/keyboard/index.ts": {"lines":{"total":2,"covered":0,"skipped":0,"pct":0},"functions":{"total":2,"covered":0,"skipped":0,"pct":0},"statements":{"total":4,"covered":0,"skipped":0,"pct":0},"branches":{"total":0,"covered":0,"skipped":0,"pct":100}}
,"/Users/michel/GitHub/dsai/packages/@dsai/react/src/utils/keyboard/isEnterKey.ts": {"lines":{"total":9,"covered":7,"skipped":0,"pct":77.77},"functions":{"total":1,"covered":1,"skipped":0,"pct":100},"statements":{"total":9,"covered":7,"skipped":0,"pct":77.77},"branches":{"total":8,"covered":6,"skipped":0,"pct":75}}
,"/Users/michel/GitHub/dsai/packages/@dsai/react/src/utils/keyboard/isEscapeKey.ts": {"lines":{"total":9,"covered":7,"skipped":0,"pct":77.77},"functions":{"total":1,"covered":1,"skipped":0,"pct":100},"statements":{"total":9,"covered":7,"skipped":0,"pct":77.77},"branches":{"total":8,"covered":6,"skipped":0,"pct":75}}
,"/Users/michel/GitHub/dsai/packages/@dsai/react/src/utils/misc/clearAllEvent.ts": {"lines":{"total":3,"covered":0,"skipped":0,"pct":0},"functions":{"total":1,"covered":0,"skipped":0,"pct":0},"statements":{"total":3,"covered":0,"skipped":0,"pct":0},"branches":{"total":0,"covered":0,"skipped":0,"pct":100}}
,"/Users/michel/GitHub/dsai/packages/@dsai/react/src/utils/misc/getSafeInputProps.ts": {"lines":{"total":10,"covered":10,"skipped":0,"pct":100},"functions":{"total":1,"covered":1,"skipped":0,"pct":100},"statements":{"total":10,"covered":10,"skipped":0,"pct":100},"branches":{"total":2,"covered":2,"skipped":0,"pct":100}}
,"/Users/michel/GitHub/dsai/packages/@dsai/react/src/utils/misc/index.ts": {"lines":{"total":8,"covered":0,"skipped":0,"pct":0},"functions":{"total":8,"covered":0,"skipped":0,"pct":0},"statements":{"total":16,"covered":0,"skipped":0,"pct":0},"branches":{"total":0,"covered":0,"skipped":0,"pct":100}}
,"/Users/michel/GitHub/dsai/packages/@dsai/react/src/utils/misc/mapPlacement.ts": {"lines":{"total":3,"covered":0,"skipped":0,"pct":0},"functions":{"total":1,"covered":0,"skipped":0,"pct":0},"statements":{"total":3,"covered":0,"skipped":0,"pct":0},"branches":{"total":0,"covered":0,"skipped":0,"pct":100}}
,"/Users/michel/GitHub/dsai/packages/@dsai/react/src/utils/misc/normalizeTriggers.ts": {"lines":{"total":5,"covered":0,"skipped":0,"pct":0},"functions":{"total":1,"covered":0,"skipped":0,"pct":0},"statements":{"total":5,"covered":0,"skipped":0,"pct":0},"branches":{"total":2,"covered":0,"skipped":0,"pct":0}}
,"/Users/michel/GitHub/dsai/packages/@dsai/react/src/utils/misc/selectAllEvent.ts": {"lines":{"total":5,"covered":5,"skipped":0,"pct":100},"functions":{"total":3,"covered":3,"skipped":0,"pct":100},"statements":{"total":7,"covered":7,"skipped":0,"pct":100},"branches":{"total":0,"covered":0,"skipped":0,"pct":100}}
,"/Users/michel/GitHub/dsai/packages/@dsai/react/src/utils/misc/toggleAllEvent.ts": {"lines":{"total":5,"covered":5,"skipped":0,"pct":100},"functions":{"total":3,"covered":3,"skipped":0,"pct":100},"statements":{"total":7,"covered":7,"skipped":0,"pct":100},"branches":{"total":0,"covered":0,"skipped":0,"pct":100}}
,"/Users/michel/GitHub/dsai/packages/@dsai/react/src/utils/misc/toggleItemEvent.ts": {"lines":{"total":3,"covered":0,"skipped":0,"pct":0},"functions":{"total":1,"covered":0,"skipped":0,"pct":0},"statements":{"total":3,"covered":0,"skipped":0,"pct":0},"branches":{"total":0,"covered":0,"skipped":0,"pct":100}}
,"/Users/michel/GitHub/dsai/packages/@dsai/react/src/utils/number/clamp.ts": {"lines":{"total":3,"covered":3,"skipped":0,"pct":100},"functions":{"total":1,"covered":1,"skipped":0,"pct":100},"statements":{"total":3,"covered":3,"skipped":0,"pct":100},"branches":{"total":0,"covered":0,"skipped":0,"pct":100}}
,"/Users/michel/GitHub/dsai/packages/@dsai/react/src/utils/number/index.ts": {"lines":{"total":1,"covered":0,"skipped":0,"pct":0},"functions":{"total":1,"covered":0,"skipped":0,"pct":0},"statements":{"total":2,"covered":0,"skipped":0,"pct":0},"branches":{"total":0,"covered":0,"skipped":0,"pct":100}}
,"/Users/michel/GitHub/dsai/packages/@dsai/react/src/utils/string/getVariantClass.ts": {"lines":{"total":15,"covered":13,"skipped":0,"pct":86.66},"functions":{"total":1,"covered":1,"skipped":0,"pct":100},"statements":{"total":15,"covered":13,"skipped":0,"pct":86.66},"branches":{"total":23,"covered":19,"skipped":0,"pct":82.6}}
,"/Users/michel/GitHub/dsai/packages/@dsai/react/src/utils/string/index.ts": {"lines":{"total":1,"covered":0,"skipped":0,"pct":0},"functions":{"total":1,"covered":0,"skipped":0,"pct":0},"statements":{"total":2,"covered":0,"skipped":0,"pct":0},"branches":{"total":0,"covered":0,"skipped":0,"pct":100}}
,"/Users/michel/GitHub/dsai/packages/@dsai/react/src/utils/types/index.ts": {"lines":{"total":1,"covered":0,"skipped":0,"pct":0},"functions":{"total":1,"covered":0,"skipped":0,"pct":0},"statements":{"total":2,"covered":0,"skipped":0,"pct":0},"branches":{"total":0,"covered":0,"skipped":0,"pct":100}}
,"/Users/michel/GitHub/dsai/packages/@dsai/react/src/utils/types/isExternalUrl.ts": {"lines":{"total":7,"covered":7,"skipped":0,"pct":100},"functions":{"total":2,"covered":2,"skipped":0,"pct":100},"statements":{"total":8,"covered":8,"skipped":0,"pct":100},"branches":{"total":4,"covered":4,"skipped":0,"pct":100}}
,"/Users/michel/GitHub/dsai/packages/@dsai/react/src/utils/validation/index.ts": {"lines":{"total":4,"covered":0,"skipped":0,"pct":0},"functions":{"total":4,"covered":0,"skipped":0,"pct":0},"statements":{"total":8,"covered":0,"skipped":0,"pct":0},"branches":{"total":0,"covered":0,"skipped":0,"pct":100}}
,"/Users/michel/GitHub/dsai/packages/@dsai/react/src/utils/validation/isSafeHref.ts": {"lines":{"total":12,"covered":11,"skipped":0,"pct":91.66},"functions":{"total":3,"covered":3,"skipped":0,"pct":100},"statements":{"total":13,"covered":12,"skipped":0,"pct":92.3},"branches":{"total":6,"covered":6,"skipped":0,"pct":100}}
,"/Users/michel/GitHub/dsai/packages/@dsai/react/src/utils/validation/isValidEmail.ts": {"lines":{"total":21,"covered":16,"skipped":0,"pct":76.19},"functions":{"total":2,"covered":2,"skipped":0,"pct":100},"statements":{"total":21,"covered":16,"skipped":0,"pct":76.19},"branches":{"total":27,"covered":22,"skipped":0,"pct":81.48}}
,"/Users/michel/GitHub/dsai/packages/@dsai/react/src/utils/validation/isValidHref.ts": {"lines":{"total":4,"covered":4,"skipped":0,"pct":100},"functions":{"total":1,"covered":1,"skipped":0,"pct":100},"statements":{"total":4,"covered":4,"skipped":0,"pct":100},"branches":{"total":0,"covered":0,"skipped":0,"pct":100}}
,"/Users/michel/GitHub/dsai/packages/@dsai/react/src/utils/validation/isValidUrl.ts": {"lines":{"total":17,"covered":14,"skipped":0,"pct":82.35},"functions":{"total":1,"covered":1,"skipped":0,"pct":100},"statements":{"total":17,"covered":14,"skipped":0,"pct":82.35},"branches":{"total":18,"covered":11,"skipped":0,"pct":61.11}}
}
