TN:
SF:packages/@dsai/react/src/utils/index.ts
FN:22,cn
FNF:1
FNH:0
FNDA:0,cn
DA:22,0
DA:23,0
DA:28,0
DA:29,0
DA:30,0
DA:31,0
DA:32,0
DA:33,0
DA:34,0
DA:35,0
DA:36,0
LF:11
LH:0
BRF:0
BRH:0
end_of_record
TN:
SF:packages/@dsai/react/src/utils/a11y/announceToScreenReader.ts
FN:13,announceToScreenReader
FN:16,(anonymous_1)
FN:40,(anonymous_2)
FN:47,(anonymous_3)
FNF:4
FNH:2
FNDA:6,announceToScreenReader
FNDA:0,(anonymous_1)
FNDA:0,(anonymous_2)
FNDA:5,(anonymous_3)
DA:13,1
DA:15,6
DA:16,0
DA:19,6
DA:21,6
DA:22,6
DA:23,5
DA:24,5
DA:25,5
DA:26,5
DA:27,5
DA:28,5
DA:29,5
DA:30,5
DA:31,5
DA:32,5
DA:33,5
DA:34,5
DA:35,5
DA:38,6
DA:40,6
DA:41,0
DA:42,0
DA:47,6
DA:48,5
DA:49,5
DA:51,5
DA:52,5
DA:57,1
LF:29
LH:26
BRDA:13,0,0,2
BRDA:15,1,0,0
BRDA:15,1,1,6
BRDA:19,2,0,4
BRDA:19,3,0,5
BRDA:19,4,0,3
BRDA:22,5,0,5
BRDA:22,5,1,1
BRDA:41,6,0,0
BRDA:41,6,1,0
BRDA:41,7,0,0
BRDA:41,7,1,0
BRDA:41,8,0,0
BRDA:41,8,1,0
BRDA:48,9,0,5
BRDA:48,9,1,0
BRDA:51,10,0,5
BRDA:51,10,1,0
BRDA:51,11,0,0
BRDA:51,11,1,5
BRDA:51,12,0,5
BRDA:51,12,1,5
BRF:22
BRH:12
end_of_record
TN:
SF:packages/@dsai/react/src/utils/a11y/focusableSelectors.ts
FNF:0
FNH:0
DA:5,1
DA:19,1
DA:21,1
LF:3
LH:3
BRF:0
BRH:0
end_of_record
TN:
SF:packages/@dsai/react/src/utils/a11y/generateId.ts
FN:17,generateId
FNF:1
FNH:1
FNDA:2,generateId
DA:2,1
DA:17,1
DA:18,2
DA:19,2
DA:22,1
LF:5
LH:5
BRDA:17,0,0,0
BRF:1
BRH:0
end_of_record
TN:
SF:packages/@dsai/react/src/utils/a11y/index.ts
FN:1,(anonymous_0)
FN:2,(anonymous_1)
FN:2,(anonymous_2)
FN:3,(anonymous_3)
FN:4,(anonymous_4)
FNF:5
FNH:0
FNDA:0,(anonymous_0)
FNDA:0,(anonymous_1)
FNDA:0,(anonymous_2)
FNDA:0,(anonymous_3)
FNDA:0,(anonymous_4)
DA:1,0
DA:2,0
DA:3,0
DA:4,0
LF:4
LH:0
BRF:0
BRH:0
end_of_record
TN:
SF:packages/@dsai/react/src/utils/a11y/trapFocus.ts
FN:40,isElementVisible
FN:56,trapFocus
FN:59,(anonymous_2)
FN:67,(anonymous_3)
FN:79,(anonymous_4)
FN:86,(anonymous_5)
FN:94,handleKeyDown
FN:125,(anonymous_7)
FNF:8
FNH:6
FNDA:4,isElementVisible
FNDA:7,trapFocus
FNDA:0,(anonymous_2)
FNDA:1,(anonymous_3)
FNDA:1,(anonymous_4)
FNDA:0,(anonymous_5)
FNDA:1,handleKeyDown
FNDA:2,(anonymous_7)
DA:27,1
DA:42,4
DA:43,0
DA:45,4
DA:46,4
DA:47,0
DA:49,4
DA:50,0
DA:53,4
DA:56,1
DA:58,7
DA:59,0
DA:63,7
DA:64,1
DA:65,1
DA:67,1
DA:70,6
DA:71,6
DA:75,6
DA:76,2
DA:77,2
DA:79,2
DA:83,4
DA:84,4
DA:85,4
DA:86,0
DA:90,4
DA:91,1
DA:96,1
DA:97,1
DA:98,1
DA:99,1
DA:102,0
DA:103,0
DA:105,0
DA:106,0
DA:107,0
DA:108,0
DA:109,0
DA:112,0
DA:113,0
DA:114,0
DA:115,0
DA:116,0
DA:117,0
DA:118,0
DA:119,0
DA:123,4
DA:125,4
DA:126,2
DA:130,1
LF:51
LH:31
BRDA:42,0,0,0
BRDA:42,0,1,4
BRDA:46,1,0,0
BRDA:46,1,1,4
BRDA:46,2,0,4
BRDA:46,2,1,4
BRDA:49,3,0,0
BRDA:49,3,1,4
BRDA:56,4,0,4
BRDA:58,5,0,0
BRDA:58,5,1,7
BRDA:58,6,0,7
BRDA:58,6,1,7
BRDA:63,7,0,1
BRDA:63,7,1,6
BRDA:63,8,0,7
BRDA:63,8,1,6
BRDA:64,9,0,1
BRDA:64,9,1,0
BRDA:70,10,0,1
BRDA:70,10,1,5
BRDA:70,11,0,6
BRDA:70,11,1,6
BRDA:75,12,0,2
BRDA:75,12,1,4
BRDA:76,13,0,2
BRDA:76,13,1,0
BRDA:85,14,0,0
BRDA:85,14,1,4
BRDA:85,15,0,4
BRDA:85,15,1,4
BRDA:90,16,0,1
BRDA:90,16,1,3
BRDA:96,17,0,1
BRDA:96,17,1,0
BRDA:96,18,0,1
BRDA:96,18,1,1
BRDA:102,19,0,0
BRDA:102,19,1,0
BRDA:105,20,0,0
BRDA:105,20,1,0
BRDA:108,21,0,0
BRDA:108,21,1,0
BRDA:108,22,0,0
BRDA:108,22,1,0
BRDA:112,23,0,0
BRDA:112,23,1,0
BRDA:112,24,0,0
BRDA:112,24,1,0
BRDA:115,25,0,0
BRDA:115,25,1,0
BRDA:115,26,0,0
BRDA:115,26,1,0
BRDA:116,27,0,0
BRDA:116,27,1,0
BRDA:116,28,0,0
BRDA:116,28,1,0
BRDA:119,29,0,0
BRDA:119,29,1,0
BRDA:119,30,0,0
BRDA:119,30,1,0
BRF:61
BRH:29
end_of_record
TN:
SF:packages/@dsai/react/src/utils/browser/index.ts
FN:1,(anonymous_0)
FN:2,(anonymous_1)
FNF:2
FNH:0
FNDA:0,(anonymous_0)
FNDA:0,(anonymous_1)
DA:1,0
DA:2,0
LF:2
LH:0
BRF:0
BRH:0
end_of_record
TN:
SF:packages/@dsai/react/src/utils/browser/isBrowser.ts
FN:16,isBrowser
FNF:1
FNH:1
FNDA:1,isBrowser
DA:16,1
DA:17,1
DA:20,1
LF:3
LH:3
BRDA:17,0,0,1
BRDA:17,0,1,1
BRF:2
BRH:2
end_of_record
TN:
SF:packages/@dsai/react/src/utils/browser/prefersReducedMotion.ts
FN:5,prefersReducedMotion
FNF:1
FNH:1
FNDA:3,prefersReducedMotion
DA:5,2
DA:6,3
DA:7,0
DA:9,3
DA:10,3
DA:11,2
DA:14,1
DA:15,1
DA:17,1
DA:21,2
LF:10
LH:9
BRDA:6,0,0,0
BRDA:6,0,1,3
BRDA:6,1,0,3
BRDA:6,1,1,3
BRDA:11,2,0,2
BRDA:11,2,1,0
BRDA:11,2,2,0
BRDA:14,3,0,1
BRDA:14,3,1,0
BRF:9
BRH:5
end_of_record
TN:
SF:packages/@dsai/react/src/utils/dom/index.ts
FN:1,(anonymous_0)
FNF:1
FNH:0
FNDA:0,(anonymous_0)
DA:1,0
LF:1
LH:0
BRF:0
BRH:0
end_of_record
TN:
SF:packages/@dsai/react/src/utils/dom/mergeRefs.ts
FN:28,mergeRefs
FN:34,(anonymous_1)
FN:35,(anonymous_2)
FNF:3
FNH:3
FNDA:1,mergeRefs
FNDA:1,(anonymous_1)
FNDA:2,(anonymous_2)
DA:28,1
DA:32,1
DA:34,1
DA:35,1
DA:36,2
DA:37,0
DA:40,2
DA:41,1
DA:43,1
DA:44,1
DA:47,0
DA:48,0
DA:56,1
LF:13
LH:10
BRDA:32,0,0,1
BRDA:32,0,1,0
BRDA:32,1,0,1
BRDA:32,1,1,1
BRDA:36,2,0,0
BRDA:36,2,1,2
BRDA:40,3,0,1
BRDA:40,3,1,1
BRDA:47,4,0,0
BRDA:47,4,1,0
BRF:10
BRH:6
end_of_record
TN:
SF:packages/@dsai/react/src/utils/keyboard/index.ts
FN:1,(anonymous_0)
FN:2,(anonymous_1)
FNF:2
FNH:0
FNDA:0,(anonymous_0)
FNDA:0,(anonymous_1)
DA:1,0
DA:2,0
LF:2
LH:0
BRF:0
BRH:0
end_of_record
TN:
SF:packages/@dsai/react/src/utils/keyboard/isEnterKey.ts
FN:19,isEnterKey
FNF:1
FNH:1
FNDA:2,isEnterKey
DA:19,1
DA:26,2
DA:27,0
DA:31,2
DA:32,0
DA:36,2
DA:37,1
DA:41,1
DA:44,1
LF:9
LH:7
BRDA:26,0,0,0
BRDA:26,0,1,2
BRDA:31,1,0,0
BRDA:31,1,1,2
BRDA:31,2,0,2
BRDA:31,2,1,2
BRDA:36,3,0,1
BRDA:36,3,1,1
BRF:8
BRH:6
end_of_record
TN:
SF:packages/@dsai/react/src/utils/keyboard/isEscapeKey.ts
FN:20,isEscapeKey
FNF:1
FNH:1
FNDA:2,isEscapeKey
DA:20,1
DA:27,2
DA:28,0
DA:32,2
DA:33,0
DA:37,2
DA:38,1
DA:42,1
DA:45,1
LF:9
LH:7
BRDA:27,0,0,0
BRDA:27,0,1,2
BRDA:32,1,0,0
BRDA:32,1,1,2
BRDA:37,2,0,1
BRDA:37,2,1,1
BRDA:37,3,0,2
BRDA:37,3,1,1
BRF:8
BRH:6
end_of_record
TN:
SF:packages/@dsai/react/src/utils/misc/clearAllEvent.ts
FN:30,clearAllEvent
FNF:1
FNH:0
FNDA:0,clearAllEvent
DA:30,0
DA:31,0
DA:34,0
LF:3
LH:0
BRF:0
BRH:0
end_of_record
TN:
SF:packages/@dsai/react/src/utils/misc/getSafeInputProps.ts
FN:145,getSafeInputProps
FNF:1
FNH:1
FNDA:1,getSafeInputProps
DA:18,1
DA:123,1
DA:145,1
DA:146,1
DA:147,1
DA:148,98
DA:149,98
DA:150,3
DA:153,1
DA:156,1
LF:10
LH:10
BRDA:149,0,0,3
BRDA:149,0,1,95
BRF:2
BRH:2
end_of_record
TN:
SF:packages/@dsai/react/src/utils/misc/index.ts
FN:7,(anonymous_0)
FN:8,(anonymous_1)
FN:9,(anonymous_2)
FN:10,(anonymous_3)
FN:11,(anonymous_4)
FN:12,(anonymous_5)
FN:13,(anonymous_6)
FN:14,(anonymous_7)
FNF:8
FNH:0
FNDA:0,(anonymous_0)
FNDA:0,(anonymous_1)
FNDA:0,(anonymous_2)
FNDA:0,(anonymous_3)
FNDA:0,(anonymous_4)
FNDA:0,(anonymous_5)
FNDA:0,(anonymous_6)
FNDA:0,(anonymous_7)
DA:7,0
DA:8,0
DA:9,0
DA:10,0
DA:11,0
DA:12,0
DA:13,0
DA:14,0
LF:8
LH:0
BRF:0
BRH:0
end_of_record
TN:
SF:packages/@dsai/react/src/utils/misc/mapPlacement.ts
FN:43,mapPlacement
FNF:1
FNH:0
FNDA:0,mapPlacement
DA:43,0
DA:44,0
DA:47,0
LF:3
LH:0
BRF:0
BRH:0
end_of_record
TN:
SF:packages/@dsai/react/src/utils/misc/normalizeTriggers.ts
FN:28,normalizeTriggers
FNF:1
FNH:0
FNDA:0,normalizeTriggers
DA:28,0
DA:29,0
DA:30,0
DA:32,0
DA:35,0
LF:5
LH:0
BRDA:29,0,0,0
BRDA:29,0,1,0
BRF:2
BRH:0
end_of_record
TN:
SF:packages/@dsai/react/src/utils/misc/selectAllEvent.ts
FN:38,selectAllEvent
FN:42,(anonymous_1)
FN:43,(anonymous_2)
FNF:3
FNH:3
FNDA:1,selectAllEvent
FNDA:2,(anonymous_1)
FNDA:2,(anonymous_2)
DA:38,1
DA:42,2
DA:43,2
DA:44,1
DA:47,1
LF:5
LH:5
BRF:0
BRH:0
end_of_record
TN:
SF:packages/@dsai/react/src/utils/misc/toggleAllEvent.ts
FN:38,toggleAllEvent
FN:42,(anonymous_1)
FN:43,(anonymous_2)
FNF:3
FNH:3
FNDA:1,toggleAllEvent
FNDA:1,(anonymous_1)
FNDA:1,(anonymous_2)
DA:38,1
DA:42,1
DA:43,1
DA:44,1
DA:47,1
LF:5
LH:5
BRF:0
BRH:0
end_of_record
TN:
SF:packages/@dsai/react/src/utils/misc/toggleItemEvent.ts
FN:34,toggleItemEvent
FNF:1
FNH:0
FNDA:0,toggleItemEvent
DA:34,0
DA:35,0
DA:38,0
LF:3
LH:0
BRF:0
BRH:0
end_of_record
TN:
SF:packages/@dsai/react/src/utils/number/clamp.ts
FN:14,clamp
FNF:1
FNH:1
FNDA:3,clamp
DA:14,1
DA:15,3
DA:18,1
LF:3
LH:3
BRF:0
BRH:0
end_of_record
TN:
SF:packages/@dsai/react/src/utils/number/index.ts
FN:1,(anonymous_0)
FNF:1
FNH:0
FNDA:0,(anonymous_0)
DA:1,0
LF:1
LH:0
BRF:0
BRH:0
end_of_record
TN:
SF:packages/@dsai/react/src/utils/string/getVariantClass.ts
FN:73,getVariantClass
FNF:1
FNH:1
FNDA:9,getVariantClass
DA:29,1
DA:73,1
DA:77,9
DA:80,9
DA:81,4
DA:82,4
DA:84,4
DA:87,5
DA:89,5
DA:90,0
DA:94,5
DA:95,3
DA:96,0
DA:103,5
DA:106,1
LF:15
LH:13
BRDA:75,0,0,7
BRDA:77,1,0,8
BRDA:77,2,0,7
BRDA:80,3,0,4
BRDA:80,3,1,5
BRDA:80,4,0,9
BRDA:80,4,1,6
BRDA:81,5,0,4
BRDA:81,5,1,0
BRDA:87,6,0,1
BRDA:87,6,1,4
BRDA:87,7,0,0
BRDA:87,7,1,1
BRDA:87,8,0,1
BRDA:87,8,1,1
BRDA:89,9,0,0
BRDA:89,9,1,5
BRDA:94,10,0,3
BRDA:94,10,1,2
BRDA:94,11,0,5
BRDA:94,11,1,3
BRDA:95,12,0,0
BRDA:95,12,1,3
BRF:23
BRH:19
end_of_record
TN:
SF:packages/@dsai/react/src/utils/string/index.ts
FN:7,(anonymous_0)
FNF:1
FNH:0
FNDA:0,(anonymous_0)
DA:7,0
LF:1
LH:0
BRF:0
BRH:0
end_of_record
TN:
SF:packages/@dsai/react/src/utils/types/index.ts
FN:7,(anonymous_0)
FNF:1
FNH:0
FNDA:0,(anonymous_0)
DA:7,0
LF:1
LH:0
BRF:0
BRH:0
end_of_record
TN:
SF:packages/@dsai/react/src/utils/types/isExternalUrl.ts
FN:36,isExternalUrl
FN:41,(anonymous_1)
FNF:2
FNH:2
FNDA:16,isExternalUrl
FNDA:54,(anonymous_1)
DA:18,1
DA:36,1
DA:37,16
DA:38,3
DA:40,13
DA:41,54
DA:44,1
LF:7
LH:7
BRDA:37,0,0,3
BRDA:37,0,1,13
BRDA:37,1,0,16
BRDA:37,1,1,13
BRF:4
BRH:4
end_of_record
TN:
SF:packages/@dsai/react/src/utils/validation/index.ts
FN:7,(anonymous_0)
FN:8,(anonymous_1)
FN:9,(anonymous_2)
FN:10,(anonymous_3)
FNF:4
FNH:0
FNDA:0,(anonymous_0)
FNDA:0,(anonymous_1)
FNDA:0,(anonymous_2)
FNDA:0,(anonymous_3)
DA:7,0
DA:8,0
DA:9,0
DA:10,0
LF:4
LH:0
BRF:0
BRH:0
end_of_record
TN:
SF:packages/@dsai/react/src/utils/validation/isSafeHref.ts
FN:27,normalizeHrefForCheck
FN:72,isSafeHref
FN:80,(anonymous_2)
FNF:3
FNH:3
FNDA:14,normalizeHrefForCheck
FNDA:18,isSafeHref
FNDA:45,(anonymous_2)
DA:17,1
DA:28,14
DA:29,14
DA:30,14
DA:32,0
DA:72,1
DA:73,18
DA:75,18
DA:76,4
DA:79,14
DA:80,45
DA:83,1
LF:12
LH:11
BRDA:72,0,0,16
BRDA:73,1,0,16
BRDA:75,2,0,4
BRDA:75,2,1,14
BRDA:75,3,0,18
BRDA:75,3,1,14
BRF:6
BRH:6
end_of_record
TN:
SF:packages/@dsai/react/src/utils/validation/isValidEmail.ts
FN:7,isValidEmail
FN:31,(anonymous_1)
FNF:2
FNH:2
FNDA:3,isValidEmail
FNDA:2,(anonymous_1)
DA:7,1
DA:8,3
DA:9,1
DA:11,2
DA:12,2
DA:13,0
DA:16,2
DA:17,2
DA:18,1
DA:22,1
DA:23,0
DA:26,1
DA:27,1
DA:28,0
DA:31,1
DA:32,2
DA:33,0
DA:35,2
DA:36,0
DA:38,2
DA:42,1
LF:21
LH:16
BRDA:8,0,0,1
BRDA:8,0,1,2
BRDA:8,1,0,3
BRDA:8,1,1,2
BRDA:12,2,0,0
BRDA:12,2,1,2
BRDA:12,3,0,2
BRDA:12,3,1,2
BRDA:17,4,0,1
BRDA:17,4,1,1
BRDA:17,5,0,2
BRDA:17,5,1,2
BRDA:17,5,2,1
BRDA:22,6,0,0
BRDA:22,6,1,1
BRDA:22,7,0,1
BRDA:22,7,1,1
BRDA:27,8,0,0
BRDA:27,8,1,1
BRDA:32,9,0,0
BRDA:32,9,1,2
BRDA:32,10,0,2
BRDA:32,10,1,2
BRDA:35,11,0,0
BRDA:35,11,1,2
BRDA:35,12,0,2
BRDA:35,12,1,2
BRF:27
BRH:22
end_of_record
TN:
SF:packages/@dsai/react/src/utils/validation/isValidHref.ts
FN:11,(anonymous_0)
FNF:1
FNH:1
FNDA:9,(anonymous_0)
DA:10,1
DA:11,10
DA:15,1
DA:16,1
LF:4
LH:4
BRF:0
BRH:0
end_of_record
TN:
SF:packages/@dsai/react/src/utils/validation/isValidUrl.ts
FN:12,isValidUrl
FNF:1
FNH:1
FNDA:4,isValidUrl
DA:12,1
DA:16,4
DA:17,0
DA:19,4
DA:21,4
DA:22,4
DA:23,3
DA:24,3
DA:25,1
DA:27,2
DA:28,2
DA:29,0
DA:31,2
DA:32,0
DA:34,2
DA:36,1
DA:40,1
LF:17
LH:14
BRDA:14,0,0,4
BRDA:16,1,0,0
BRDA:16,1,1,4
BRDA:16,2,0,4
BRDA:16,2,1,4
BRDA:19,3,0,4
BRDA:24,4,0,1
BRDA:24,4,1,2
BRDA:28,5,0,0
BRDA:28,5,1,2
BRDA:28,6,0,2
BRDA:28,6,1,0
BRDA:28,6,2,0
BRDA:31,7,0,0
BRDA:31,7,1,2
BRDA:31,8,0,2
BRDA:31,8,1,0
BRDA:31,8,2,0
BRF:18
BRH:11
end_of_record
