TN:
SF:packages/@dsai/react/src/components/Accordion/Accordion.fsm.ts
FN:58,createInitialAccordionFSMState
FN:105,accordionFSMReducer
FN:188,(anonymous_2)
FN:207,getActiveKeysArray
FN:218,isItemExpanded
FN:231,getAccordionItemVisualState
FNF:6
FNH:6
FNDA:516,createInitialAccordionFSMState
FNDA:167,accordionFSMReducer
FNDA:14,(anonymous_2)
FNDA:172,getActiveKeysArray
FNDA:30,isItemExpanded
FNDA:343,getAccordionItemVisualState
DA:58,4
DA:63,516
DA:65,516
DA:69,516
DA:105,4
DA:109,167
DA:111,143
DA:112,143
DA:114,143
DA:116,13
DA:117,13
DA:118,13
DA:121,130
DA:123,23
DA:126,107
DA:127,107
DA:128,107
DA:134,4
DA:136,4
DA:138,1
DA:141,3
DA:143,2
DA:146,1
DA:147,1
DA:148,1
DA:153,2
DA:155,2
DA:157,1
DA:160,1
DA:161,1
DA:162,1
DA:166,2
DA:168,1
DA:170,1
DA:174,15
DA:177,15
DA:179,15
DA:183,15
DA:186,15
DA:188,14
DA:190,9
DA:193,6
DA:197,1
DA:207,4
DA:208,172
DA:218,4
DA:219,30
DA:231,4
DA:235,343
LF:49
LH:49
BRDA:59,0,0,4
BRDA:60,1,0,5
BRDA:65,2,0,1
BRDA:65,2,1,515
BRDA:65,3,0,516
BRDA:65,3,1,492
BRDA:65,3,2,1
BRDA:109,4,0,143
BRDA:109,4,1,4
BRDA:109,4,2,2
BRDA:109,4,3,2
BRDA:109,4,4,15
BRDA:109,4,5,1
BRDA:114,5,0,13
BRDA:114,5,1,130
BRDA:121,6,0,23
BRDA:121,6,1,107
BRDA:136,7,0,1
BRDA:136,7,1,3
BRDA:141,8,0,2
BRDA:141,8,1,1
BRDA:155,9,0,1
BRDA:155,9,1,1
BRDA:166,10,0,1
BRDA:166,10,1,1
BRDA:179,11,0,1
BRDA:179,11,1,14
BRDA:179,12,0,15
BRDA:179,12,1,8
BRDA:179,12,2,1
BRDA:186,13,0,9
BRDA:186,13,1,6
BRDA:187,14,0,15
BRDA:187,14,1,12
BRDA:235,15,0,66
BRDA:235,15,1,277
BRF:36
BRH:36
end_of_record
TN:
SF:packages/@dsai/react/src/components/Accordion/Accordion.tsx
FN:59,useAccordionContext
FN:70,useAccordionItemContext
FN:112,(anonymous_2)
FN:138,(anonymous_3)
FN:150,(anonymous_4)
FN:159,(anonymous_5)
FN:166,(anonymous_6)
FN:190,(anonymous_7)
FN:197,(anonymous_8)
FN:202,(anonymous_9)
FN:210,(anonymous_10)
FN:222,(anonymous_11)
FN:229,(anonymous_12)
FN:249,(anonymous_13)
FN:262,(anonymous_14)
FN:303,(anonymous_15)
FN:330,(anonymous_16)
FN:341,(anonymous_17)
FN:379,(anonymous_18)
FN:402,(anonymous_19)
FN:407,(anonymous_20)
FN:419,(anonymous_21)
FN:455,(anonymous_22)
FN:501,(anonymous_23)
FN:510,(anonymous_24)
FN:549,(anonymous_25)
FN:550,(anonymous_26)
FN:551,(anonymous_27)
FN:552,(anonymous_28)
FN:553,(anonymous_29)
FNF:30
FNH:25
FNDA:680,useAccordionContext
FNDA:651,useAccordionItemContext
FNDA:162,(anonymous_2)
FNDA:129,(anonymous_3)
FNDA:680,(anonymous_4)
FNDA:617,(anonymous_5)
FNDA:7,(anonymous_6)
FNDA:131,(anonymous_7)
FNDA:152,(anonymous_8)
FNDA:64,(anonymous_9)
FNDA:57,(anonymous_10)
FNDA:26,(anonymous_11)
FNDA:2,(anonymous_12)
FNDA:153,(anonymous_13)
FNDA:129,(anonymous_14)
FNDA:340,(anonymous_15)
FNDA:308,(anonymous_16)
FNDA:283,(anonymous_17)
FNDA:340,(anonymous_18)
FNDA:680,(anonymous_19)
FNDA:26,(anonymous_20)
FNDA:23,(anonymous_21)
FNDA:308,(anonymous_22)
FNDA:311,(anonymous_23)
FNDA:308,(anonymous_24)
FNDA:0,(anonymous_25)
FNDA:0,(anonymous_26)
FNDA:0,(anonymous_27)
FNDA:0,(anonymous_28)
FNDA:0,(anonymous_29)
DA:11,3
DA:23,3
DA:24,3
DA:26,3
DA:49,3
DA:54,3
DA:60,680
DA:61,680
DA:62,0
DA:64,680
DA:71,651
DA:72,651
DA:73,0
DA:75,651
DA:111,3
DA:132,162
DA:135,162
DA:138,129
DA:142,162
DA:145,162
DA:146,162
DA:149,162
DA:151,680
DA:152,340
DA:154,340
DA:155,340
DA:158,340
DA:159,617
DA:166,162
DA:167,7
DA:168,7
DA:169,7
DA:170,0
DA:175,7
DA:180,7
DA:181,10
DA:182,10
DA:183,7
DA:184,7
DA:190,162
DA:191,131
DA:192,9
DA:197,162
DA:198,152
DA:199,152
DA:202,152
DA:203,64
DA:204,16
DA:205,16
DA:210,152
DA:211,57
DA:212,9
DA:213,9
DA:217,152
DA:221,162
DA:223,26
DA:225,4
DA:228,4
DA:229,2
DA:231,3
DA:232,2
DA:234,1
DA:238,4
DA:241,22
DA:248,162
DA:249,153
DA:261,162
DA:262,129
DA:266,162
DA:283,3
DA:302,3
DA:316,340
DA:317,340
DA:318,340
DA:319,340
DA:320,340
DA:322,340
DA:325,340
DA:326,340
DA:329,340
DA:330,308
DA:341,340
DA:343,340
DA:361,3
DA:378,3
DA:392,340
DA:393,340
DA:396,340
DA:399,340
DA:402,680
DA:406,340
DA:408,26
DA:409,0
DA:411,26
DA:412,26
DA:418,340
DA:420,23
DA:421,0
DA:425,23
DA:427,4
DA:428,4
DA:429,4
DA:431,3
DA:432,3
DA:433,3
DA:435,0
DA:437,0
DA:439,0
DA:441,0
DA:443,0
DA:444,0
DA:448,23
DA:454,340
DA:455,308
DA:459,340
DA:481,3
DA:500,3
DA:505,311
DA:509,311
DA:510,308
DA:514,311
DA:530,3
DA:539,3
DA:548,3
DA:549,3
DA:550,3
DA:551,3
DA:552,3
DA:553,3
LF:129
LH:118
BRDA:61,0,0,0
BRDA:61,0,1,680
BRDA:72,1,0,0
BRDA:72,1,1,651
BRDA:115,2,0,153
BRDA:118,3,0,122
BRDA:119,4,0,160
BRDA:123,5,0,160
BRDA:137,6,0,18
BRDA:137,6,1,144
BRDA:151,7,0,340
BRDA:151,7,1,340
BRDA:154,8,0,340
BRDA:154,8,1,0
BRDA:169,9,0,0
BRDA:169,9,1,7
BRDA:169,10,0,7
BRDA:169,10,1,7
BRDA:175,11,0,4
BRDA:175,11,1,3
BRDA:182,12,0,7
BRDA:182,12,1,3
BRDA:182,13,0,10
BRDA:182,13,1,10
BRDA:191,14,0,9
BRDA:191,14,1,122
BRDA:203,15,0,16
BRDA:203,15,1,48
BRDA:204,16,0,14
BRDA:204,16,1,2
BRDA:204,17,0,16
BRDA:204,17,1,16
BRDA:205,18,0,14
BRDA:205,18,1,2
BRDA:205,19,0,16
BRDA:205,19,1,16
BRDA:211,20,0,9
BRDA:211,20,1,48
BRDA:212,21,0,7
BRDA:212,21,1,2
BRDA:212,22,0,9
BRDA:212,22,1,9
BRDA:213,23,0,7
BRDA:213,23,1,2
BRDA:213,24,0,9
BRDA:213,24,1,9
BRDA:223,25,0,4
BRDA:223,25,1,22
BRDA:228,26,0,1
BRDA:228,26,1,3
BRDA:231,27,0,2
BRDA:231,27,1,1
BRDA:238,28,0,0
BRDA:238,28,1,4
BRDA:238,29,0,4
BRDA:238,29,1,4
BRDA:262,30,0,129
BRDA:262,30,1,2
BRDA:307,31,0,330
BRDA:308,32,0,338
BRDA:318,33,0,0
BRDA:318,33,1,340
BRDA:318,34,0,340
BRDA:318,34,1,340
BRDA:325,35,0,65
BRDA:325,35,1,275
BRDA:384,36,0,338
BRDA:408,37,0,0
BRDA:408,37,1,26
BRDA:412,38,0,25
BRDA:412,38,1,1
BRDA:412,39,0,26
BRDA:412,39,1,26
BRDA:420,40,0,0
BRDA:420,40,1,23
BRDA:425,41,0,4
BRDA:425,41,1,3
BRDA:425,41,2,0
BRDA:425,41,3,0
BRDA:448,42,0,22
BRDA:448,42,1,1
BRDA:448,43,0,23
BRDA:448,43,1,23
BRDA:455,44,0,308
BRDA:455,44,1,246
BRDA:463,45,0,0
BRDA:463,45,1,340
BRDA:463,46,0,340
BRDA:463,46,1,340
BRDA:469,47,0,10
BRDA:469,47,1,330
BRDA:502,48,0,309
BRDA:510,49,0,308
BRDA:510,49,1,62
BRDA:517,50,0,0
BRDA:517,50,1,311
BRDA:517,51,0,311
BRDA:517,51,1,311
BRF:98
BRH:86
end_of_record
TN:
SF:packages/@dsai/react/src/components/Alert/Alert.fsm.ts
FN:45,createInitialAlertFSMState
FN:70,alertFSMReducer
FNF:2
FNH:2
FNDA:91,createInitialAlertFSMState
FNDA:109,alertFSMReducer
DA:45,3
DA:46,91
DA:70,3
DA:71,109
DA:73,100
DA:77,12
DA:80,88
DA:82,0
DA:86,9
DA:88,3
DA:93,6
DA:95,0
DA:99,0
LF:13
LH:10
BRDA:47,0,0,88
BRDA:47,0,1,3
BRDA:71,1,0,100
BRDA:71,1,1,9
BRDA:71,1,2,0
BRDA:73,2,0,5
BRDA:73,2,1,9
BRDA:73,2,2,12
BRDA:73,2,3,88
BRDA:73,2,4,0
BRDA:86,3,0,3
BRDA:86,3,1,4
BRDA:86,3,2,5
BRDA:86,3,3,6
BRDA:86,3,4,0
BRF:15
BRH:12
end_of_record
TN:
SF:packages/@dsai/react/src/components/Alert/Alert.tsx
FN:46,AlertLink
FN:69,(anonymous_10)
FN:102,AlertHeading
FN:107,(anonymous_12)
FN:168,(anonymous_13)
FN:193,(anonymous_14)
FN:202,(anonymous_15)
FN:209,(anonymous_16)
FN:218,(anonymous_17)
FN:221,(anonymous_18)
FN:230,(anonymous_19)
FN:243,(anonymous_20)
FNF:12
FNH:12
FNDA:24,AlertLink
FNDA:24,(anonymous_10)
FNDA:9,AlertHeading
FNDA:9,(anonymous_12)
FNDA:182,(anonymous_13)
FNDA:88,(anonymous_14)
FNDA:2,(anonymous_15)
FNDA:2,(anonymous_16)
FNDA:86,(anonymous_17)
FNDA:10,(anonymous_18)
FNDA:86,(anonymous_19)
FNDA:86,(anonymous_20)
DA:1,2
DA:11,2
DA:12,2
DA:13,2
DA:15,2
DA:45,2
DA:61,24
DA:65,24
DA:66,24
DA:69,24
DA:71,24
DA:89,2
DA:102,2
DA:107,9
DA:109,9
DA:112,2
DA:167,2
DA:190,182
DA:193,182
DA:194,88
DA:199,182
DA:202,182
DA:203,2
DA:204,2
DA:208,182
DA:210,2
DA:211,2
DA:212,2
DA:218,182
DA:219,86
DA:220,10
DA:221,10
DA:222,10
DA:225,76
DA:229,182
DA:231,86
DA:241,182
DA:243,182
DA:244,86
DA:245,83
DA:248,3
DA:257,3
DA:258,3
DA:259,3
DA:260,3
DA:261,3
DA:262,3
DA:264,3
DA:272,0
DA:280,182
DA:281,10
DA:284,172
DA:316,2
DA:324,2
DA:325,2
DA:326,2
LF:56
LH:55
BRDA:49,0,0,0
BRDA:51,1,0,24
BRDA:61,2,0,18
BRDA:61,2,1,6
BRDA:66,3,0,2
BRDA:66,3,1,22
BRDA:104,4,0,8
BRDA:105,5,0,9
BRDA:171,6,0,142
BRDA:173,7,0,158
BRDA:176,8,0,170
BRDA:177,9,0,180
BRDA:180,10,0,180
BRDA:181,11,0,180
BRDA:194,12,0,85
BRDA:194,12,1,3
BRDA:199,13,0,14
BRDA:199,13,1,168
BRDA:199,14,0,182
BRDA:199,14,1,174
BRDA:204,15,0,0
BRDA:204,15,1,2
BRDA:204,16,0,2
BRDA:204,16,1,2
BRDA:210,17,0,2
BRDA:210,17,1,0
BRDA:210,18,0,2
BRDA:210,18,1,2
BRDA:210,18,2,2
BRDA:219,19,0,10
BRDA:219,19,1,76
BRDA:219,20,0,86
BRDA:219,20,1,10
BRDA:234,21,0,86
BRDA:234,21,1,10
BRDA:235,22,0,86
BRDA:235,22,1,10
BRDA:244,23,0,83
BRDA:244,23,1,3
BRDA:248,24,0,3
BRDA:248,24,1,0
BRDA:261,25,0,0
BRDA:261,25,1,3
BRDA:261,26,0,3
BRDA:261,26,1,3
BRDA:262,27,0,0
BRDA:262,27,1,3
BRDA:262,28,0,0
BRDA:262,28,1,3
BRDA:262,29,0,3
BRDA:262,29,1,3
BRDA:268,30,0,0
BRDA:268,30,1,3
BRDA:280,31,0,10
BRDA:280,31,1,172
BRDA:291,32,0,8
BRDA:291,32,1,164
BRDA:302,33,0,172
BRDA:302,33,1,8
BRDA:308,34,0,172
BRDA:308,34,1,20
BRDA:308,34,2,20
BRF:62
BRH:54
end_of_record
TN:
SF:packages/@dsai/react/src/components/Avatar/Avatar.tsx
FN:51,getNumericSize
FN:80,hashString
FN:93,getToneFromName
FN:125,getInitialsFromName
FN:152,getShapeClass
FN:165,getSizeValue
FN:187,getFontSize
FN:209,getStatusSize
FN:231,getToneClasses
FN:259,getStatusLabel
FN:278,getStatusColor
FN:326,Avatar
FN:369,(anonymous_12)
FN:380,(anonymous_13)
FN:391,(anonymous_14)
FN:411,(anonymous_15)
FN:422,(anonymous_16)
FN:450,(anonymous_17)
FN:460,(anonymous_18)
FN:490,(anonymous_19)
FN:514,(anonymous_20)
FN:542,(anonymous_21)
FN:578,(anonymous_22)
FN:633,(anonymous_23)
FN:645,(anonymous_24)
FN:651,(anonymous_25)
FN:652,(anonymous_26)
FN:660,(anonymous_27)
FN:661,(anonymous_28)
FN:672,(anonymous_29)
FN:681,(anonymous_30)
FNF:31
FNH:31
FNDA:19,getNumericSize
FNDA:74,hashString
FNDA:74,getToneFromName
FNDA:81,getInitialsFromName
FNDA:134,getShapeClass
FNDA:122,getSizeValue
FNDA:122,getFontSize
FNDA:122,getStatusSize
FNDA:122,getToneClasses
FNDA:11,getStatusLabel
FNDA:11,getStatusColor
FNDA:122,Avatar
FNDA:118,(anonymous_12)
FNDA:118,(anonymous_13)
FNDA:118,(anonymous_14)
FNDA:118,(anonymous_15)
FNDA:121,(anonymous_16)
FNDA:1,(anonymous_17)
FNDA:118,(anonymous_18)
FNDA:118,(anonymous_19)
FNDA:106,(anonymous_20)
FNDA:122,(anonymous_21)
FNDA:122,(anonymous_22)
FNDA:3,(anonymous_23)
FNDA:118,(anonymous_24)
FNDA:1,(anonymous_25)
FNDA:1,(anonymous_26)
FNDA:3,(anonymous_27)
FNDA:3,(anonymous_28)
FNDA:12,(anonymous_29)
FNDA:118,(anonymous_30)
DA:19,1
DA:21,1
DA:22,1
DA:23,1
DA:25,1
DA:41,1
DA:52,19
DA:54,1
DA:56,1
DA:58,14
DA:60,1
DA:62,1
DA:64,1
DA:66,0
DA:68,0
DA:81,74
DA:82,74
DA:83,360
DA:84,360
DA:85,360
DA:87,74
DA:94,74
DA:95,74
DA:96,74
DA:97,74
DA:98,25
DA:100,49
DA:101,0
DA:103,49
DA:104,22
DA:106,27
DA:107,13
DA:109,14
DA:110,1
DA:112,13
DA:113,12
DA:115,1
DA:116,1
DA:118,0
DA:126,81
DA:127,0
DA:130,81
DA:131,81
DA:132,0
DA:135,81
DA:137,81
DA:139,72
DA:143,9
DA:144,9
DA:145,9
DA:146,9
DA:153,134
DA:154,1
DA:156,133
DA:157,2
DA:159,131
DA:166,122
DA:167,1
DA:169,121
DA:170,2
DA:172,119
DA:173,115
DA:175,4
DA:176,2
DA:178,2
DA:179,1
DA:181,1
DA:182,1
DA:184,0
DA:188,122
DA:189,1
DA:191,121
DA:192,2
DA:194,119
DA:195,115
DA:197,4
DA:198,2
DA:200,2
DA:201,1
DA:203,1
DA:204,1
DA:206,0
DA:210,122
DA:211,1
DA:213,121
DA:214,2
DA:216,119
DA:217,115
DA:219,4
DA:220,2
DA:222,2
DA:223,1
DA:225,1
DA:226,1
DA:228,0
DA:232,122
DA:233,40
DA:235,82
DA:236,26
DA:238,56
DA:239,1
DA:241,55
DA:242,23
DA:244,32
DA:245,15
DA:247,17
DA:248,2
DA:250,15
DA:251,13
DA:253,2
DA:254,1
DA:256,1
DA:260,11
DA:261,5
DA:263,6
DA:264,2
DA:266,4
DA:267,1
DA:269,3
DA:270,1
DA:272,2
DA:273,1
DA:275,1
DA:279,11
DA:280,5
DA:282,6
DA:283,2
DA:285,4
DA:286,1
DA:288,3
DA:289,1
DA:291,2
DA:292,1
DA:294,1
DA:325,1
DA:368,122
DA:369,118
DA:371,122
DA:372,122
DA:373,122
DA:374,122
DA:377,122
DA:380,122
DA:381,118
DA:382,5
DA:384,113
DA:385,81
DA:387,32
DA:391,122
DA:392,118
DA:393,9
DA:395,109
DA:396,74
DA:398,35
DA:402,122
DA:405,122
DA:406,122
DA:407,122
DA:410,122
DA:411,118
DA:421,122
DA:423,121
DA:449,122
DA:451,1
DA:452,1
DA:454,1
DA:460,122
DA:461,118
DA:462,37
DA:464,81
DA:465,1
DA:467,80
DA:468,80
DA:469,46
DA:470,34
DA:471,7
DA:473,80
DA:474,11
DA:476,80
DA:477,3
DA:478,77
DA:479,1
DA:481,80
DA:485,122
DA:486,122
DA:487,122
DA:490,122
DA:491,118
DA:493,118
DA:494,37
DA:496,81
DA:497,54
DA:499,81
DA:500,1
DA:502,81
DA:503,1
DA:505,81
DA:506,3
DA:510,118
DA:514,122
DA:516,106
DA:517,1
DA:519,105
DA:520,85
DA:526,20
DA:527,1
DA:533,19
DA:534,19
DA:542,122
DA:543,122
DA:544,111
DA:547,11
DA:559,11
DA:567,11
DA:578,122
DA:579,122
DA:580,118
DA:583,4
DA:595,4
DA:601,4
DA:602,3
DA:604,3
DA:622,1
DA:633,122
DA:634,3
DA:645,122
DA:646,118
DA:647,118
DA:648,106
DA:651,12
DA:652,1
DA:657,1
DA:660,12
DA:661,3
DA:666,3
DA:669,12
DA:670,12
DA:672,12
DA:673,12
DA:674,12
DA:681,122
DA:682,118
DA:683,5
DA:686,113
DA:687,47
DA:689,66
DA:693,122
DA:707,122
DA:716,122
DA:754,1
LF:250
LH:241
BRDA:52,0,0,1
BRDA:52,0,1,1
BRDA:52,0,2,14
BRDA:52,0,3,1
BRDA:52,0,4,1
BRDA:52,0,5,1
BRDA:52,0,6,0
BRDA:52,0,7,0
BRDA:97,1,0,25
BRDA:97,1,1,49
BRDA:100,2,0,0
BRDA:100,2,1,49
BRDA:103,3,0,22
BRDA:103,3,1,27
BRDA:106,4,0,13
BRDA:106,4,1,14
BRDA:109,5,0,1
BRDA:109,5,1,13
BRDA:112,6,0,12
BRDA:112,6,1,1
BRDA:115,7,0,1
BRDA:115,7,1,0
BRDA:126,8,0,0
BRDA:126,8,1,81
BRDA:126,9,0,81
BRDA:126,9,1,81
BRDA:131,10,0,0
BRDA:131,10,1,81
BRDA:135,11,0,0
BRDA:135,12,0,72
BRDA:137,13,0,72
BRDA:137,13,1,9
BRDA:143,14,0,9
BRDA:143,14,1,0
BRDA:143,15,0,9
BRDA:143,15,1,9
BRDA:144,16,0,9
BRDA:144,16,1,0
BRDA:144,17,0,9
BRDA:144,17,1,9
BRDA:145,18,0,9
BRDA:145,18,1,0
BRDA:145,19,0,9
BRDA:145,19,1,9
BRDA:153,20,0,1
BRDA:153,20,1,133
BRDA:156,21,0,2
BRDA:156,21,1,131
BRDA:166,22,0,1
BRDA:166,22,1,121
BRDA:169,23,0,2
BRDA:169,23,1,119
BRDA:172,24,0,115
BRDA:172,24,1,4
BRDA:175,25,0,2
BRDA:175,25,1,2
BRDA:178,26,0,1
BRDA:178,26,1,1
BRDA:181,27,0,1
BRDA:181,27,1,0
BRDA:188,28,0,1
BRDA:188,28,1,121
BRDA:191,29,0,2
BRDA:191,29,1,119
BRDA:194,30,0,115
BRDA:194,30,1,4
BRDA:197,31,0,2
BRDA:197,31,1,2
BRDA:200,32,0,1
BRDA:200,32,1,1
BRDA:203,33,0,1
BRDA:203,33,1,0
BRDA:210,34,0,1
BRDA:210,34,1,121
BRDA:213,35,0,2
BRDA:213,35,1,119
BRDA:216,36,0,115
BRDA:216,36,1,4
BRDA:219,37,0,2
BRDA:219,37,1,2
BRDA:222,38,0,1
BRDA:222,38,1,1
BRDA:225,39,0,1
BRDA:225,39,1,0
BRDA:232,40,0,40
BRDA:232,40,1,82
BRDA:235,41,0,26
BRDA:235,41,1,56
BRDA:238,42,0,1
BRDA:238,42,1,55
BRDA:241,43,0,23
BRDA:241,43,1,32
BRDA:244,44,0,15
BRDA:244,44,1,17
BRDA:247,45,0,2
BRDA:247,45,1,15
BRDA:250,46,0,13
BRDA:250,46,1,2
BRDA:253,47,0,1
BRDA:253,47,1,1
BRDA:260,48,0,5
BRDA:260,48,1,6
BRDA:263,49,0,2
BRDA:263,49,1,4
BRDA:266,50,0,1
BRDA:266,50,1,3
BRDA:269,51,0,1
BRDA:269,51,1,2
BRDA:272,52,0,1
BRDA:272,52,1,1
BRDA:279,53,0,5
BRDA:279,53,1,6
BRDA:282,54,0,2
BRDA:282,54,1,4
BRDA:285,55,0,1
BRDA:285,55,1,3
BRDA:288,56,0,1
BRDA:288,56,1,2
BRDA:291,57,0,1
BRDA:291,57,1,1
BRDA:336,58,0,86
BRDA:337,59,0,82
BRDA:340,60,0,121
BRDA:341,61,0,117
BRDA:342,62,0,121
BRDA:344,63,0,120
BRDA:345,64,0,121
BRDA:346,65,0,119
BRDA:347,66,0,84
BRDA:348,67,0,119
BRDA:372,68,0,17
BRDA:372,68,1,105
BRDA:372,69,0,122
BRDA:372,69,1,122
BRDA:377,70,0,122
BRDA:377,70,1,17
BRDA:377,70,2,14
BRDA:381,71,0,5
BRDA:381,71,1,113
BRDA:384,72,0,81
BRDA:384,72,1,32
BRDA:392,73,0,9
BRDA:392,73,1,109
BRDA:395,74,0,74
BRDA:395,74,1,35
BRDA:432,75,0,121
BRDA:432,75,1,109
BRDA:433,76,0,121
BRDA:433,76,1,109
BRDA:435,77,0,121
BRDA:435,77,1,5
BRDA:436,78,0,121
BRDA:436,78,1,5
BRDA:438,79,0,121
BRDA:438,79,1,1
BRDA:439,80,0,121
BRDA:439,80,1,1
BRDA:440,81,0,121
BRDA:440,81,1,1
BRDA:442,82,0,121
BRDA:442,82,1,3
BRDA:451,83,0,1
BRDA:451,83,1,0
BRDA:451,84,0,1
BRDA:451,84,1,1
BRDA:452,85,0,0
BRDA:452,85,1,1
BRDA:452,86,0,1
BRDA:452,86,1,1
BRDA:454,87,0,1
BRDA:454,87,1,0
BRDA:454,88,0,1
BRDA:454,88,1,1
BRDA:461,89,0,37
BRDA:461,89,1,81
BRDA:464,90,0,1
BRDA:464,90,1,80
BRDA:468,91,0,46
BRDA:468,91,1,34
BRDA:470,92,0,7
BRDA:470,92,1,27
BRDA:473,93,0,11
BRDA:473,93,1,69
BRDA:476,94,0,3
BRDA:476,94,1,77
BRDA:478,95,0,1
BRDA:478,95,1,76
BRDA:481,96,0,53
BRDA:481,96,1,27
BRDA:486,97,0,122
BRDA:486,97,1,121
BRDA:487,98,0,122
BRDA:487,98,1,1
BRDA:493,99,0,37
BRDA:493,99,1,81
BRDA:493,100,0,118
BRDA:493,100,1,81
BRDA:493,100,2,81
BRDA:496,101,0,54
BRDA:496,101,1,27
BRDA:499,102,0,1
BRDA:499,102,1,80
BRDA:502,103,0,1
BRDA:502,103,1,80
BRDA:502,104,0,81
BRDA:502,104,1,6
BRDA:505,105,0,3
BRDA:505,105,1,78
BRDA:516,106,0,1
BRDA:516,106,1,105
BRDA:519,107,0,85
BRDA:519,107,1,20
BRDA:526,108,0,1
BRDA:526,108,1,19
BRDA:543,109,0,111
BRDA:543,109,1,11
BRDA:555,110,0,1
BRDA:555,110,1,10
BRDA:564,111,0,1
BRDA:564,111,1,10
BRDA:579,112,0,118
BRDA:579,112,1,4
BRDA:579,113,0,122
BRDA:579,113,1,119
BRDA:601,114,0,3
BRDA:601,114,1,1
BRDA:602,115,0,1
BRDA:602,115,1,2
BRDA:647,116,0,106
BRDA:647,116,1,12
BRDA:655,117,0,0
BRDA:655,117,1,1
BRDA:657,118,0,0
BRDA:657,118,1,1
BRDA:657,119,0,1
BRDA:657,119,1,1
BRDA:664,120,0,0
BRDA:664,120,1,3
BRDA:666,121,0,2
BRDA:666,121,1,1
BRDA:666,122,0,3
BRDA:666,122,1,3
BRDA:682,123,0,5
BRDA:682,123,1,113
BRDA:682,124,0,118
BRDA:682,124,1,6
BRDA:686,125,0,47
BRDA:686,125,1,66
BRDA:686,126,0,113
BRDA:686,126,1,110
BRDA:686,126,2,110
BRDA:686,126,3,47
BRDA:699,127,0,1
BRDA:699,127,1,121
BRDA:707,128,0,5
BRDA:707,128,1,117
BRDA:711,129,0,0
BRDA:711,129,1,5
BRDA:711,130,0,5
BRDA:711,130,1,5
BRDA:712,131,0,5
BRDA:712,131,1,0
BRDA:712,132,0,5
BRDA:712,132,1,5
BRDA:722,133,0,3
BRDA:722,133,1,119
BRDA:724,134,0,13
BRDA:724,134,1,106
BRDA:728,135,0,1
BRDA:728,135,1,12
BRDA:728,136,0,10
BRDA:728,136,1,2
BRDA:728,137,0,12
BRDA:728,137,1,12
BRDA:728,138,0,9
BRDA:728,138,1,3
BRDA:728,139,0,12
BRDA:728,139,1,12
BRDA:738,140,0,13
BRDA:738,140,1,12
BRDA:740,141,0,1
BRDA:740,141,1,12
BRF:282
BRH:261
end_of_record
TN:
SF:packages/@dsai/react/src/components/Avatar/Avatar.types.ts
FNF:0
FNH:0
DA:19,1
DA:32,1
DA:45,1
DA:86,1
DA:115,1
DA:127,1
DA:332,1
DA:341,1
DA:429,1
LF:9
LH:9
BRF:0
BRH:0
end_of_record
TN:
SF:packages/@dsai/react/src/components/Avatar/AvatarGroup.tsx
FN:35,resolveAvatarSize
FN:56,resolveOverlap
FN:69,resolveInlineGap
FN:89,getHiddenAvatarNames
FN:136,AvatarGroup
FN:168,(anonymous_5)
FN:176,(anonymous_6)
FN:194,(anonymous_7)
FN:207,(anonymous_8)
FN:215,(anonymous_9)
FN:216,(anonymous_10)
FN:256,(anonymous_11)
FN:297,(anonymous_12)
FNF:13
FNH:13
FNDA:22,resolveAvatarSize
FNDA:21,resolveOverlap
FNDA:1,resolveInlineGap
FNDA:6,getHiddenAvatarNames
FNDA:22,AvatarGroup
FNDA:22,(anonymous_5)
FNDA:22,(anonymous_6)
FNDA:22,(anonymous_7)
FNDA:22,(anonymous_8)
FNDA:22,(anonymous_9)
FNDA:34,(anonymous_10)
FNDA:22,(anonymous_11)
FNDA:22,(anonymous_12)
DA:18,1
DA:20,1
DA:22,1
DA:36,22
DA:38,0
DA:40,0
DA:42,20
DA:44,2
DA:46,0
DA:48,0
DA:50,0
DA:52,0
DA:57,21
DA:59,1
DA:61,19
DA:63,1
DA:65,0
DA:70,1
DA:72,0
DA:74,1
DA:76,0
DA:78,0
DA:90,6
DA:91,6
DA:94,6
DA:95,6
DA:96,8
DA:97,8
DA:98,8
DA:99,8
DA:100,0
DA:101,0
DA:106,6
DA:135,1
DA:159,22
DA:160,22
DA:163,22
DA:164,22
DA:165,22
DA:168,22
DA:169,22
DA:170,16
DA:172,6
DA:176,22
DA:177,22
DA:178,0
DA:180,22
DA:181,6
DA:183,16
DA:187,22
DA:188,22
DA:189,22
DA:190,22
DA:193,22
DA:195,22
DA:206,22
DA:207,22
DA:215,22
DA:216,22
DA:217,34
DA:218,0
DA:222,34
DA:232,34
DA:251,34
DA:256,22
DA:257,22
DA:258,16
DA:261,6
DA:274,6
DA:282,6
DA:297,22
DA:298,22
DA:299,1
DA:301,21
DA:302,6
DA:304,15
DA:307,22
DA:338,1
LF:78
LH:64
BRDA:36,0,0,0
BRDA:36,0,1,0
BRDA:36,0,2,20
BRDA:36,0,3,2
BRDA:36,0,4,0
BRDA:36,0,5,0
BRDA:36,0,6,0
BRDA:36,0,7,0
BRDA:57,1,0,1
BRDA:57,1,1,19
BRDA:57,1,2,1
BRDA:57,1,3,0
BRDA:70,2,0,0
BRDA:70,2,1,1
BRDA:70,2,2,0
BRDA:70,2,3,0
BRDA:96,3,0,8
BRDA:96,3,1,0
BRDA:98,4,0,8
BRDA:98,4,1,0
BRDA:100,5,0,0
BRDA:100,5,1,0
BRDA:140,6,0,21
BRDA:141,7,0,20
BRDA:142,8,0,20
BRDA:143,9,0,21
BRDA:146,10,0,22
BRDA:163,11,0,7
BRDA:163,11,1,15
BRDA:169,12,0,16
BRDA:169,12,1,6
BRDA:177,13,0,0
BRDA:177,13,1,22
BRDA:180,14,0,6
BRDA:180,14,1,16
BRDA:180,15,0,22
BRDA:180,15,1,6
BRDA:188,16,0,21
BRDA:188,16,1,1
BRDA:189,17,0,21
BRDA:189,17,1,1
BRDA:190,18,0,1
BRDA:190,18,1,21
BRDA:199,19,0,22
BRDA:199,19,1,21
BRDA:208,20,0,1
BRDA:208,20,1,21
BRDA:217,21,0,0
BRDA:217,21,1,34
BRDA:233,22,0,1
BRDA:233,22,1,33
BRDA:233,23,0,34
BRDA:233,23,1,34
BRDA:234,24,0,0
BRDA:234,24,1,34
BRDA:234,25,0,34
BRDA:234,25,1,34
BRDA:235,26,0,0
BRDA:235,26,1,34
BRDA:235,27,0,34
BRDA:235,27,1,34
BRDA:239,28,0,12
BRDA:239,28,1,22
BRDA:239,29,0,34
BRDA:239,29,1,33
BRDA:241,30,0,33
BRDA:241,30,1,1
BRDA:245,31,0,34
BRDA:245,31,1,33
BRDA:248,32,0,0
BRDA:248,32,1,34
BRDA:248,33,0,34
BRDA:248,33,1,34
BRDA:248,34,0,34
BRDA:248,34,1,22
BRDA:257,35,0,16
BRDA:257,35,1,6
BRDA:269,36,0,6
BRDA:269,36,1,6
BRDA:270,37,0,6
BRDA:270,37,1,0
BRDA:271,38,0,6
BRDA:271,38,1,6
BRDA:278,39,0,6
BRDA:278,39,1,0
BRDA:288,40,0,6
BRDA:288,40,1,0
BRDA:298,41,0,1
BRDA:298,41,1,21
BRDA:301,42,0,6
BRDA:301,42,1,15
BRDA:326,43,0,22
BRDA:326,43,1,21
BRDA:332,44,0,22
BRDA:332,44,1,1
BRF:95
BRH:73
end_of_record
TN:
SF:packages/@dsai/react/src/components/Badge/Badge.tsx
FN:54,BadgeComponent
FN:73,(anonymous_1)
FN:79,(anonymous_2)
FNF:3
FNH:3
FNDA:99,BadgeComponent
FNDA:99,(anonymous_1)
FNDA:98,(anonymous_2)
DA:1,3
DA:3,3
DA:73,99
DA:74,99
DA:78,99
DA:80,98
DA:92,99
DA:95,99
DA:96,3
DA:102,99
DA:105,99
DA:130,99
DA:136,99
DA:137,3
DA:153,96
DA:169,3
DA:172,3
DA:173,3
DA:175,3
DA:176,3
LF:20
LH:20
BRDA:57,0,0,68
BRDA:58,1,0,95
BRDA:59,2,0,67
BRDA:61,3,0,97
BRDA:68,4,0,96
BRDA:74,5,0,99
BRDA:74,5,1,16
BRDA:83,6,0,98
BRDA:83,6,1,4
BRDA:92,7,0,99
BRDA:92,7,1,99
BRDA:92,7,2,99
BRDA:94,8,0,0
BRDA:94,8,1,99
BRDA:94,9,0,99
BRDA:94,9,1,99
BRDA:94,10,0,0
BRDA:94,10,1,99
BRDA:94,11,0,99
BRDA:94,11,1,99
BRDA:95,12,0,3
BRDA:95,12,1,96
BRDA:95,13,0,99
BRDA:95,13,1,99
BRDA:95,13,2,32
BRDA:95,13,3,16
BRDA:102,14,0,16
BRDA:102,14,1,83
BRDA:102,15,0,99
BRDA:102,15,1,32
BRDA:107,16,0,99
BRDA:107,16,1,32
BRDA:115,17,0,16
BRDA:115,17,1,16
BRDA:119,18,0,99
BRDA:119,18,1,15
BRDA:130,19,0,16
BRDA:130,19,1,83
BRDA:132,20,0,3
BRDA:132,20,1,80
BRDA:136,21,0,3
BRDA:136,21,1,96
BRF:42
BRH:40
end_of_record
TN:
SF:packages/@dsai/react/src/components/Breadcrumb/Breadcrumb.fsm.ts
FN:96,createInitialBreadcrumbFSMState
FN:128,breadcrumbFSMReducer
FN:182,isCollapsed
FN:189,isExpanded
FN:200,expandEvent
FN:207,resetFromPropsEvent
FNF:6
FNH:6
FNDA:72,createInitialBreadcrumbFSMState
FNDA:97,breadcrumbFSMReducer
FNDA:2,isCollapsed
FNDA:134,isExpanded
FNDA:10,expandEvent
FNDA:83,resetFromPropsEvent
DA:96,3
DA:99,72
DA:101,72
DA:128,3
DA:132,97
DA:136,14
DA:137,4
DA:141,10
DA:142,2
DA:145,8
DA:152,83
DA:153,83
DA:154,83
DA:157,83
DA:158,69
DA:161,14
DA:169,0
DA:170,0
DA:182,3
DA:183,2
DA:189,3
DA:190,134
DA:200,3
DA:201,10
DA:207,3
DA:208,83
LF:26
LH:24
BRDA:102,0,0,3
BRDA:102,0,1,69
BRDA:132,1,0,14
BRDA:132,1,1,83
BRDA:132,1,2,0
BRDA:136,2,0,4
BRDA:136,2,1,10
BRDA:141,3,0,2
BRDA:141,3,1,8
BRDA:154,4,0,7
BRDA:154,4,1,76
BRDA:157,5,0,69
BRDA:157,5,1,14
BRDA:157,6,0,83
BRDA:157,6,1,73
BRF:15
BRH:14
end_of_record
TN:
SF:packages/@dsai/react/src/components/Breadcrumb/Breadcrumb.tsx
FN:52,BreadcrumbItem
FN:58,(anonymous_1)
FN:68,(anonymous_2)
FN:77,(anonymous_3)
FN:91,(anonymous_4)
FN:145,Breadcrumb
FN:172,(anonymous_6)
FN:180,(anonymous_7)
FN:186,(anonymous_8)
FN:189,(anonymous_9)
FN:206,(anonymous_10)
FN:213,(anonymous_11)
FN:214,(anonymous_12)
FN:232,(anonymous_13)
FN:283,(anonymous_14)
FN:284,(anonymous_15)
FNF:16
FNH:16
FNDA:150,BreadcrumbItem
FNDA:150,(anonymous_1)
FNDA:3,(anonymous_2)
FNDA:150,(anonymous_3)
FNDA:150,(anonymous_4)
FNDA:132,Breadcrumb
FNDA:65,(anonymous_6)
FNDA:2,(anonymous_7)
FNDA:65,(anonymous_8)
FNDA:65,(anonymous_9)
FNDA:65,(anonymous_10)
FNDA:67,(anonymous_11)
FNDA:68,(anonymous_12)
FNDA:236,(anonymous_13)
FNDA:65,(anonymous_14)
FNDA:64,(anonymous_15)
DA:1,2
DA:11,2
DA:12,2
DA:13,2
DA:15,2
DA:51,2
DA:57,150
DA:58,150
DA:63,150
DA:64,150
DA:65,150
DA:68,150
DA:69,3
DA:70,3
DA:71,3
DA:76,150
DA:78,150
DA:91,150
DA:92,150
DA:93,37
DA:96,113
DA:97,110
DA:98,2
DA:109,108
DA:116,3
DA:119,150
DA:132,2
DA:135,2
DA:138,2
DA:144,2
DA:165,132
DA:172,132
DA:173,65
DA:177,132
DA:180,132
DA:181,2
DA:182,2
DA:186,132
DA:189,132
DA:190,65
DA:191,1
DA:194,64
DA:195,1
DA:198,63
DA:199,2
DA:202,61
DA:206,132
DA:207,65
DA:213,132
DA:214,67
DA:215,68
DA:216,2
DA:220,66
DA:222,66
DA:224,66
DA:225,12
DA:226,12
DA:227,12
DA:230,66
DA:233,236
DA:234,12
DA:249,224
DA:250,224
DA:252,224
DA:254,224
DA:270,67
DA:283,132
DA:284,65
DA:285,64
DA:291,65
DA:294,132
DA:310,2
LF:72
LH:72
BRDA:53,0,0,31
BRDA:53,1,0,149
BRDA:58,2,0,150
BRDA:58,2,1,37
BRDA:63,3,0,140
BRDA:63,3,1,10
BRDA:65,4,0,5
BRDA:65,4,1,145
BRDA:69,5,0,3
BRDA:69,5,1,0
BRDA:79,6,0,150
BRDA:79,6,1,5
BRDA:92,7,0,37
BRDA:92,7,1,113
BRDA:96,8,0,110
BRDA:96,8,1,3
BRDA:96,9,0,113
BRDA:96,9,1,5
BRDA:97,10,0,2
BRDA:97,10,1,108
BRDA:100,11,0,2
BRDA:100,11,1,0
BRDA:100,12,0,2
BRDA:100,12,1,2
BRDA:101,13,0,0
BRDA:101,13,1,2
BRDA:110,14,0,106
BRDA:110,14,1,2
BRDA:110,15,0,108
BRDA:110,15,1,108
BRDA:110,16,0,3
BRDA:110,16,1,105
BRDA:124,17,0,37
BRDA:124,17,1,113
BRDA:149,18,0,130
BRDA:151,19,0,130
BRDA:152,20,0,130
BRDA:158,21,0,130
BRDA:182,22,0,1
BRDA:182,22,1,1
BRDA:182,23,0,2
BRDA:182,23,1,2
BRDA:190,24,0,1
BRDA:190,24,1,64
BRDA:194,25,0,1
BRDA:194,25,1,63
BRDA:198,26,0,2
BRDA:198,26,1,61
BRDA:207,27,0,1
BRDA:207,27,1,64
BRDA:215,28,0,2
BRDA:215,28,1,66
BRDA:215,29,0,68
BRDA:215,29,1,68
BRDA:220,30,0,66
BRDA:220,30,1,16
BRDA:220,30,2,16
BRDA:224,31,0,12
BRDA:224,31,1,54
BRDA:233,32,0,12
BRDA:233,32,1,224
BRDA:250,33,0,58
BRDA:250,33,1,166
BRDA:250,34,0,224
BRDA:250,34,1,224
BRDA:252,35,0,220
BRDA:252,35,1,4
BRDA:256,36,0,224
BRDA:256,36,1,0
BRDA:256,37,0,224
BRDA:256,37,1,224
BRDA:299,38,0,132
BRDA:299,38,1,130
BRDA:304,39,0,68
BRDA:304,39,1,64
BRF:75
BRH:71
end_of_record
TN:
SF:packages/@dsai/react/src/components/Button/BaseButton.tsx
FN:53,(anonymous_0)
FN:106,(anonymous_1)
FN:139,(anonymous_2)
FNF:3
FNH:3
FNDA:210,(anonymous_0)
FNDA:132,(anonymous_1)
FNDA:5,(anonymous_2)
DA:1,5
DA:3,5
DA:4,5
DA:41,5
DA:102,210
DA:105,210
DA:107,132
DA:121,210
DA:122,210
DA:125,210
DA:139,210
DA:140,5
DA:141,0
DA:142,0
DA:144,5
DA:149,210
DA:151,210
DA:247,5
LF:18
LH:16
BRDA:56,0,0,166
BRDA:57,1,0,207
BRDA:58,2,0,0
BRDA:59,3,0,0
BRDA:60,4,0,0
BRDA:65,5,0,209
BRDA:66,6,0,207
BRDA:67,7,0,209
BRDA:89,8,0,209
BRDA:102,9,0,210
BRDA:102,9,1,192
BRDA:110,10,0,132
BRDA:110,10,1,1
BRDA:111,11,0,132
BRDA:111,11,1,1
BRDA:113,12,0,132
BRDA:113,12,1,1
BRDA:114,13,0,132
BRDA:114,13,1,7
BRDA:121,14,0,210
BRDA:121,14,1,24
BRDA:122,15,0,1
BRDA:122,15,1,209
BRDA:125,16,0,24
BRDA:125,16,1,186
BRDA:140,17,0,0
BRDA:140,17,1,5
BRDA:144,18,0,0
BRDA:144,18,1,5
BRDA:144,19,0,5
BRDA:144,19,1,5
BRDA:149,20,0,2
BRDA:149,20,1,208
BRDA:177,21,0,40
BRDA:177,21,1,170
BRDA:189,22,0,210
BRDA:189,22,1,186
BRDA:189,22,2,10
BRDA:196,23,0,210
BRDA:196,23,1,186
BRDA:196,23,2,5
BRDA:204,24,0,210
BRDA:204,24,1,7
BRDA:204,24,2,7
BRDA:224,25,0,210
BRDA:224,25,1,24
BRDA:224,25,2,22
BRF:47
BRH:42
end_of_record
TN:
SF:packages/@dsai/react/src/components/Button/Button.fsm.ts
FN:107,buttonFSMReducer
FN:283,createInitialButtonFSMState
FNF:2
FNH:2
FNDA:370,buttonFSMReducer
FNDA:172,createInitialButtonFSMState
DA:107,6
DA:108,370
DA:111,5
DA:123,4
DA:135,140
DA:136,8
DA:142,132
DA:143,8
DA:150,124
DA:151,5
DA:164,119
DA:168,135
DA:169,8
DA:175,127
DA:176,5
DA:183,122
DA:184,3
DA:197,119
DA:201,24
DA:202,5
DA:204,19
DA:212,12
DA:213,0
DA:216,12
DA:217,2
DA:218,1
DA:227,1
DA:233,10
DA:242,25
DA:243,2
DA:245,23
DA:252,17
DA:253,0
DA:255,17
DA:263,8
DA:264,0
DA:266,8
DA:273,0
DA:283,6
DA:288,172
DA:289,172
DA:290,172
DA:292,172
DA:293,172
DA:294,14
DA:295,158
DA:296,17
DA:297,141
DA:298,7
DA:301,172
LF:50
LH:46
BRDA:108,0,0,5
BRDA:108,0,1,4
BRDA:108,0,2,140
BRDA:108,0,3,135
BRDA:108,0,4,24
BRDA:108,0,5,12
BRDA:108,0,6,25
BRDA:108,0,7,17
BRDA:108,0,8,8
BRDA:108,0,9,0
BRDA:124,1,0,1
BRDA:124,1,1,3
BRDA:124,2,0,1
BRDA:124,2,1,2
BRDA:135,3,0,8
BRDA:135,3,1,132
BRDA:142,4,0,8
BRDA:142,4,1,124
BRDA:142,5,0,132
BRDA:142,5,1,20
BRDA:150,6,0,5
BRDA:150,6,1,119
BRDA:150,7,0,124
BRDA:150,7,1,112
BRDA:153,8,0,0
BRDA:153,8,1,5
BRDA:155,9,0,1
BRDA:155,9,1,4
BRDA:157,10,0,0
BRDA:157,10,1,4
BRDA:168,11,0,8
BRDA:168,11,1,127
BRDA:175,12,0,5
BRDA:175,12,1,122
BRDA:175,13,0,127
BRDA:175,13,1,8
BRDA:183,14,0,3
BRDA:183,14,1,119
BRDA:183,15,0,122
BRDA:183,15,1,119
BRDA:186,16,0,0
BRDA:186,16,1,3
BRDA:188,17,0,0
BRDA:188,17,1,3
BRDA:190,18,0,0
BRDA:190,18,1,3
BRDA:201,19,0,5
BRDA:201,19,1,19
BRDA:201,20,0,24
BRDA:201,20,1,22
BRDA:201,20,2,21
BRDA:207,21,0,0
BRDA:207,21,1,19
BRDA:207,22,0,1
BRDA:207,22,1,18
BRDA:212,23,0,0
BRDA:212,23,1,12
BRDA:212,24,0,12
BRDA:212,24,1,12
BRDA:216,25,0,2
BRDA:216,25,1,10
BRDA:217,26,0,1
BRDA:217,26,1,1
BRDA:242,27,0,2
BRDA:242,27,1,23
BRDA:242,28,0,25
BRDA:242,28,1,24
BRDA:242,28,2,23
BRDA:248,29,0,1
BRDA:248,29,1,22
BRDA:252,30,0,0
BRDA:252,30,1,17
BRDA:252,31,0,17
BRDA:252,31,1,17
BRDA:252,31,2,17
BRDA:263,32,0,0
BRDA:263,32,1,8
BRDA:263,33,0,8
BRDA:263,33,1,8
BRDA:263,33,2,8
BRDA:269,34,0,4
BRDA:269,34,1,4
BRDA:269,35,0,4
BRDA:269,35,1,0
BRDA:284,36,0,30
BRDA:285,37,0,33
BRDA:286,38,0,37
BRDA:293,39,0,14
BRDA:293,39,1,158
BRDA:295,40,0,17
BRDA:295,40,1,141
BRDA:297,41,0,7
BRDA:297,41,1,134
BRF:93
BRH:82
end_of_record
TN:
SF:packages/@dsai/react/src/components/Button/Button.tsx
FN:93,(anonymous_1)
FN:98,(anonymous_2)
FN:103,(anonymous_3)
FN:111,(anonymous_4)
FN:115,(anonymous_5)
FN:120,(anonymous_6)
FN:125,(anonymous_7)
FN:129,(anonymous_8)
FN:133,(anonymous_9)
FN:137,(anonymous_10)
FN:141,(anonymous_11)
FN:145,(anonymous_12)
FN:155,(anonymous_13)
FNF:13
FNH:13
FNDA:325,(anonymous_1)
FNDA:127,(anonymous_2)
FNDA:131,(anonymous_3)
FNDA:135,(anonymous_4)
FNDA:132,(anonymous_5)
FNDA:39,(anonymous_6)
FNDA:7,(anonymous_7)
FNDA:2,(anonymous_8)
FNDA:15,(anonymous_9)
FNDA:5,(anonymous_10)
FNDA:4,(anonymous_11)
FNDA:5,(anonymous_12)
FNDA:8,(anonymous_13)
DA:3,5
DA:5,5
DA:6,5
DA:92,5
DA:93,325
DA:95,325
DA:99,127
DA:103,325
DA:104,131
DA:105,1
DA:106,130
DA:107,1
DA:111,325
DA:112,135
DA:115,325
DA:116,132
DA:120,325
DA:121,39
DA:125,325
DA:126,7
DA:129,325
DA:130,2
DA:133,325
DA:134,15
DA:137,325
DA:138,5
DA:141,325
DA:142,4
DA:145,325
DA:147,5
DA:148,0
DA:149,0
DA:151,5
DA:155,325
DA:157,8
DA:158,6
DA:162,325
DA:183,5
LF:38
LH:36
BRDA:93,0,0,306
BRDA:93,1,0,286
BRDA:93,2,0,306
BRDA:104,3,0,1
BRDA:104,3,1,130
BRDA:104,4,0,131
BRDA:104,4,1,10
BRDA:106,5,0,1
BRDA:106,5,1,129
BRDA:106,6,0,130
BRDA:106,6,1,121
BRDA:147,7,0,0
BRDA:147,7,1,5
BRDA:147,8,0,5
BRDA:147,8,1,5
BRDA:151,9,0,0
BRDA:151,9,1,5
BRDA:151,10,0,5
BRDA:151,10,1,5
BRDA:157,11,0,6
BRDA:157,11,1,2
BRF:21
BRH:19
end_of_record
TN:
SF:packages/@dsai/react/src/components/Card/Card.tsx
FN:47,CardHeader
FN:51,(anonymous_1)
FN:71,CardBody
FN:75,(anonymous_3)
FN:95,CardFooter
FN:99,(anonymous_5)
FN:119,CardImage
FN:123,(anonymous_7)
FN:131,(anonymous_8)
FN:133,(anonymous_9)
FN:157,CardTitle
FN:161,(anonymous_11)
FN:181,CardText
FN:186,(anonymous_13)
FN:208,CardLink
FN:217,(anonymous_15)
FN:238,CardImgOverlay
FN:239,(anonymous_17)
FN:264,(anonymous_18)
FN:288,Card
FN:309,(anonymous_20)
FN:325,(anonymous_21)
FN:336,(anonymous_22)
FN:342,(anonymous_23)
FN:360,(anonymous_24)
FNF:25
FNH:25
FNDA:3,CardHeader
FNDA:3,(anonymous_1)
FNDA:547,CardBody
FNDA:287,(anonymous_3)
FNDA:4,CardFooter
FNDA:4,(anonymous_5)
FNDA:10,CardImage
FNDA:10,(anonymous_7)
FNDA:10,(anonymous_8)
FNDA:10,(anonymous_9)
FNDA:473,CardTitle
FNDA:214,(anonymous_11)
FNDA:182,CardText
FNDA:182,(anonymous_13)
FNDA:14,CardLink
FNDA:14,(anonymous_15)
FNDA:1,CardImgOverlay
FNDA:1,(anonymous_17)
FNDA:9,(anonymous_18)
FNDA:237,Card
FNDA:165,(anonymous_20)
FNDA:165,(anonymous_21)
FNDA:3,(anonymous_22)
FNDA:2,(anonymous_23)
FNDA:165,(anonymous_24)
DA:1,4
DA:3,4
DA:4,4
DA:5,4
DA:6,4
DA:7,4
DA:47,4
DA:51,3
DA:53,3
DA:60,4
DA:61,4
DA:62,4
DA:71,4
DA:75,547
DA:77,547
DA:84,4
DA:85,4
DA:86,4
DA:95,4
DA:99,4
DA:101,4
DA:108,4
DA:109,4
DA:110,4
DA:119,4
DA:123,10
DA:124,10
DA:131,10
DA:133,10
DA:134,10
DA:141,10
DA:146,4
DA:147,4
DA:148,4
DA:157,4
DA:161,473
DA:163,473
DA:170,4
DA:171,4
DA:172,4
DA:181,4
DA:185,182
DA:186,182
DA:190,182
DA:197,4
DA:198,4
DA:199,4
DA:208,4
DA:213,14
DA:214,14
DA:215,14
DA:217,14
DA:219,14
DA:226,4
DA:227,4
DA:228,4
DA:237,4
DA:239,1
DA:241,1
DA:249,4
DA:250,4
DA:251,4
DA:264,4
DA:265,9
DA:287,4
DA:306,237
DA:309,237
DA:310,165
DA:325,237
DA:326,165
DA:336,237
DA:337,3
DA:341,237
DA:343,2
DA:344,2
DA:345,2
DA:346,2
DA:354,237
DA:355,237
DA:356,237
DA:359,237
DA:360,165
DA:371,237
DA:372,21
DA:373,1
DA:386,20
DA:400,216
DA:401,8
DA:415,208
DA:423,4
LF:90
LH:90
BRDA:48,0,0,3
BRDA:72,1,0,547
BRDA:96,2,0,4
BRDA:120,3,0,7
BRDA:120,4,0,10
BRDA:120,5,0,10
BRDA:124,6,0,7
BRDA:124,6,1,3
BRDA:126,7,0,1
BRDA:126,7,1,2
BRDA:136,8,0,0
BRDA:136,8,1,10
BRDA:136,9,0,10
BRDA:136,9,1,10
BRDA:137,10,0,0
BRDA:137,10,1,10
BRDA:158,11,0,5
BRDA:158,12,0,473
BRDA:182,13,0,180
BRDA:182,14,0,4
BRDA:186,15,0,182
BRDA:186,15,1,2
BRDA:209,16,0,14
BRDA:213,17,0,7
BRDA:213,17,1,7
BRDA:215,18,0,3
BRDA:215,18,1,11
BRDA:238,19,0,1
BRDA:291,20,0,83
BRDA:293,21,0,85
BRDA:294,22,0,84
BRDA:298,23,0,85
BRDA:306,24,0,237
BRDA:306,24,1,235
BRDA:306,24,2,214
BRDA:313,25,0,165
BRDA:313,25,1,9
BRDA:314,26,0,165
BRDA:314,26,1,1
BRDA:315,27,0,165
BRDA:315,27,1,29
BRDA:316,28,0,165
BRDA:316,28,1,87
BRDA:317,29,0,165
BRDA:317,29,1,77
BRDA:318,30,0,165
BRDA:318,30,1,1
BRDA:319,31,0,165
BRDA:319,31,1,1
BRDA:326,32,0,29
BRDA:326,32,1,136
BRDA:337,33,0,0
BRDA:337,33,1,3
BRDA:337,34,0,3
BRDA:337,34,1,3
BRDA:343,35,0,2
BRDA:343,35,1,0
BRDA:343,36,0,2
BRDA:343,36,1,1
BRDA:344,37,0,2
BRDA:344,37,1,0
BRDA:354,38,0,227
BRDA:354,38,1,10
BRDA:356,39,0,4
BRDA:356,39,1,233
BRDA:371,40,0,21
BRDA:371,40,1,216
BRDA:372,41,0,1
BRDA:372,41,1,20
BRDA:400,42,0,8
BRDA:400,42,1,208
BRDA:400,43,0,216
BRDA:400,43,1,8
BRF:73
BRH:68
end_of_record
TN:
SF:packages/@dsai/react/src/components/CardList/CardList.fsm.ts
FN:118,deriveVisualState
FN:155,createInitialCardListFSMState
FN:204,cardListFSMReducer
FN:306,resetFromPropsEvent
FN:317,selectItemEvent
FN:324,toggleItemEvent
FN:331,clearAllEvent
FN:338,selectAllEvent
FN:349,isNoneSelected
FN:356,isOneSelected
FN:363,isSomeSelected
FN:370,isAllSelected
FN:377,isValueSelected
FN:384,getSelectedCount
FNF:14
FNH:14
FNDA:137,deriveVisualState
FNDA:69,createInitialCardListFSMState
FNDA:120,cardListFSMReducer
FNDA:81,resetFromPropsEvent
FNDA:12,selectItemEvent
FNDA:22,toggleItemEvent
FNDA:6,clearAllEvent
FNDA:4,selectAllEvent
FNDA:2,isNoneSelected
FNDA:2,isOneSelected
FNDA:2,isSomeSelected
FNDA:2,isAllSelected
FNDA:4,isValueSelected
FNDA:2,getSelectedCount
DA:118,2
DA:122,137
DA:125,137
DA:126,54
DA:130,83
DA:131,46
DA:135,37
DA:136,14
DA:140,23
DA:155,2
DA:161,69
DA:162,26
DA:169,43
DA:170,23
DA:171,23
DA:172,23
DA:179,20
DA:180,20
DA:204,2
DA:208,120
DA:210,80
DA:213,80
DA:214,26
DA:221,54
DA:222,26
DA:223,26
DA:224,26
DA:231,28
DA:232,28
DA:239,11
DA:244,11
DA:246,2
DA:249,9
DA:250,9
DA:257,21
DA:258,21
DA:261,21
DA:262,5
DA:264,16
DA:267,21
DA:268,21
DA:275,5
DA:282,3
DA:283,3
DA:285,3
DA:293,0
DA:294,0
DA:306,2
DA:311,81
DA:317,2
DA:318,12
DA:324,2
DA:325,22
DA:331,2
DA:332,6
DA:338,2
DA:339,4
DA:349,2
DA:350,2
DA:356,2
DA:357,2
DA:363,2
DA:364,2
DA:370,2
DA:371,2
DA:377,2
DA:378,4
DA:384,2
DA:385,2
LF:69
LH:67
BRDA:125,0,0,54
BRDA:125,0,1,83
BRDA:130,1,0,46
BRDA:130,1,1,37
BRDA:135,2,0,14
BRDA:135,2,1,23
BRDA:135,3,0,37
BRDA:135,3,1,14
BRDA:161,4,0,26
BRDA:161,4,1,43
BRDA:169,5,0,23
BRDA:169,5,1,20
BRDA:171,6,0,7
BRDA:171,6,1,16
BRDA:208,7,0,80
BRDA:208,7,1,11
BRDA:208,7,2,21
BRDA:208,7,3,5
BRDA:208,7,4,3
BRDA:208,7,5,0
BRDA:213,8,0,26
BRDA:213,8,1,54
BRDA:221,9,0,26
BRDA:221,9,1,28
BRDA:223,10,0,11
BRDA:223,10,1,15
BRDA:244,11,0,2
BRDA:244,11,1,9
BRDA:261,12,0,5
BRDA:261,12,1,16
BRF:30
BRH:29
end_of_record
TN:
SF:packages/@dsai/react/src/components/CardList/CardList.tsx
FN:42,warnMissingListLabel
FN:95,(anonymous_1)
FN:131,(anonymous_2)
FN:140,(anonymous_3)
FN:140,(anonymous_4)
FN:143,(anonymous_5)
FN:143,(anonymous_6)
FN:147,(anonymous_7)
FN:158,(anonymous_8)
FN:163,(anonymous_9)
FN:171,(anonymous_10)
FN:188,(anonymous_11)
FN:192,(anonymous_12)
FN:197,(anonymous_13)
FN:205,(anonymous_14)
FN:216,(anonymous_15)
FN:227,(anonymous_16)
FN:245,(anonymous_17)
FN:260,(anonymous_18)
FN:265,(anonymous_19)
FN:289,(anonymous_20)
FN:320,(anonymous_21)
FN:333,(anonymous_22)
FNF:23
FNH:23
FNDA:1,warnMissingListLabel
FNDA:144,(anonymous_1)
FNDA:59,(anonymous_2)
FNDA:59,(anonymous_3)
FNDA:174,(anonymous_4)
FNDA:59,(anonymous_5)
FNDA:165,(anonymous_6)
FNDA:78,(anonymous_7)
FNDA:65,(anonymous_8)
FNDA:59,(anonymous_9)
FNDA:16,(anonymous_10)
FNDA:59,(anonymous_11)
FNDA:72,(anonymous_12)
FNDA:59,(anonymous_13)
FNDA:5,(anonymous_14)
FNDA:11,(anonymous_15)
FNDA:16,(anonymous_16)
FNDA:59,(anonymous_17)
FNDA:59,(anonymous_18)
FNDA:59,(anonymous_19)
FNDA:59,(anonymous_20)
FNDA:426,(anonymous_21)
FNDA:16,(anonymous_22)
DA:23,1
DA:25,1
DA:26,1
DA:27,1
DA:29,1
DA:40,1
DA:43,1
DA:49,1
DA:50,1
DA:94,1
DA:124,144
DA:125,144
DA:126,144
DA:127,144
DA:128,144
DA:131,144
DA:132,59
DA:133,20
DA:135,39
DA:139,144
DA:140,174
DA:143,165
DA:144,144
DA:147,144
DA:148,78
DA:149,55
DA:151,23
DA:152,15
DA:154,8
DA:157,144
DA:158,65
DA:162,144
DA:163,59
DA:168,144
DA:172,16
DA:174,11
DA:175,5
DA:178,6
DA:185,144
DA:188,59
DA:192,144
DA:193,72
DA:197,144
DA:198,59
DA:199,1
DA:204,144
DA:207,5
DA:209,5
DA:215,144
DA:218,11
DA:220,11
DA:226,144
DA:228,16
DA:230,5
DA:231,5
DA:233,11
DA:234,11
DA:241,144
DA:242,144
DA:245,144
DA:246,59
DA:248,25
DA:250,20
DA:252,14
DA:254,0
DA:259,144
DA:260,59
DA:265,144
DA:266,59
DA:270,59
DA:272,1
DA:273,1
DA:274,1
DA:277,58
DA:278,1
DA:279,1
DA:281,57
DA:282,57
DA:285,59
DA:289,144
DA:290,59
DA:291,59
DA:292,2
DA:294,59
DA:295,3
DA:297,59
DA:302,144
DA:321,426
DA:322,426
DA:323,426
DA:325,426
DA:333,16
DA:361,144
DA:379,1
DA:384,1
DA:389,1
LF:96
LH:95
BRDA:43,0,0,1
BRDA:43,0,1,0
BRDA:44,1,0,1
BRDA:44,1,1,1
BRDA:44,1,2,1
BRDA:46,2,0,0
BRDA:46,2,1,1
BRDA:46,3,0,1
BRDA:46,3,1,1
BRDA:98,4,0,44
BRDA:103,5,0,140
BRDA:104,6,0,136
BRDA:106,7,0,140
BRDA:107,8,0,142
BRDA:109,9,0,144
BRDA:110,10,0,142
BRDA:111,11,0,142
BRDA:117,12,0,142
BRDA:125,13,0,144
BRDA:125,13,1,142
BRDA:132,14,0,20
BRDA:132,14,1,39
BRDA:133,15,0,1
BRDA:133,15,1,19
BRDA:133,16,0,20
BRDA:133,16,1,20
BRDA:140,17,0,174
BRDA:140,17,1,171
BRDA:148,18,0,55
BRDA:148,18,1,23
BRDA:151,19,0,15
BRDA:151,19,1,8
BRDA:158,20,0,19
BRDA:158,20,1,46
BRDA:172,21,0,11
BRDA:172,21,1,5
BRDA:174,22,0,5
BRDA:174,22,1,6
BRDA:175,23,0,5
BRDA:175,23,1,0
BRDA:198,24,0,1
BRDA:198,24,1,58
BRDA:198,25,0,59
BRDA:198,25,1,3
BRDA:198,25,2,1
BRDA:228,26,0,5
BRDA:228,26,1,11
BRDA:230,27,0,5
BRDA:230,27,1,0
BRDA:233,28,0,11
BRDA:233,28,1,0
BRDA:246,29,0,25
BRDA:246,29,1,20
BRDA:246,29,2,14
BRDA:246,29,3,0
BRDA:260,30,0,59
BRDA:260,30,1,4
BRDA:270,31,0,1
BRDA:270,31,1,58
BRDA:273,32,0,1
BRDA:273,32,1,0
BRDA:277,33,0,1
BRDA:277,33,1,57
BRDA:291,34,0,2
BRDA:291,34,1,57
BRDA:294,35,0,3
BRDA:294,35,1,56
BRDA:294,36,0,59
BRDA:294,36,1,4
BRDA:297,37,0,5
BRDA:297,37,1,54
BRDA:304,38,0,144
BRDA:304,38,1,138
BRDA:307,39,0,138
BRDA:307,39,1,4
BRDA:307,39,2,2
BRDA:312,40,0,144
BRDA:312,40,1,4
BRDA:323,41,0,426
BRDA:323,41,1,414
BRDA:330,42,0,144
BRDA:330,42,1,282
BRDA:353,43,0,144
BRDA:353,43,1,8
BRDA:353,43,2,6
BRDA:366,44,0,6
BRDA:366,44,1,138
BRDA:366,45,0,144
BRDA:366,45,1,6
BRDA:368,46,0,144
BRDA:368,46,1,136
BRF:91
BRH:84
end_of_record
TN:
SF:packages/@dsai/react/src/components/Carousel/Carousel.fsm.ts
FN:16,createInitialCarouselFSMState
FN:36,computeNextIndex
FN:49,computePrevIndex
FN:62,deriveVisualState
FN:102,carouselFSMReducer
FN:279,getCarouselVisualState
FNF:6
FNH:6
FNDA:95,createInitialCarouselFSMState
FNDA:11,computeNextIndex
FNDA:6,computePrevIndex
FNDA:40,deriveVisualState
FNDA:49,carouselFSMReducer
FNDA:92,getCarouselVisualState
DA:16,4
DA:21,95
DA:37,11
DA:38,0
DA:40,11
DA:41,10
DA:43,1
DA:50,6
DA:51,0
DA:53,6
DA:54,5
DA:56,1
DA:63,40
DA:64,4
DA:66,36
DA:67,1
DA:69,35
DA:70,5
DA:72,30
DA:73,7
DA:75,23
DA:102,4
DA:107,49
DA:110,12
DA:111,1
DA:114,11
DA:116,11
DA:117,1
DA:120,10
DA:125,10
DA:126,10
DA:130,7
DA:131,1
DA:134,6
DA:135,6
DA:136,1
DA:139,5
DA:144,5
DA:145,5
DA:149,6
DA:150,1
DA:153,5
DA:155,5
DA:156,2
DA:158,3
DA:159,1
DA:162,2
DA:167,2
DA:168,2
DA:172,2
DA:177,2
DA:178,2
DA:182,3
DA:186,3
DA:187,3
DA:191,3
DA:195,3
DA:196,3
DA:200,1
DA:204,1
DA:205,1
DA:209,1
DA:213,1
DA:214,1
DA:218,4
DA:224,4
DA:225,4
DA:229,4
DA:235,4
DA:236,4
DA:240,2
DA:242,2
DA:244,2
DA:250,2
DA:251,2
DA:255,3
DA:256,3
DA:258,3
DA:264,3
DA:265,3
DA:269,1
DA:279,4
DA:280,92
LF:83
LH:81
BRDA:17,0,0,1
BRDA:18,1,0,1
BRDA:19,2,0,1
BRDA:22,3,0,10
BRDA:22,3,1,85
BRDA:37,4,0,0
BRDA:37,4,1,11
BRDA:40,5,0,10
BRDA:40,5,1,1
BRDA:50,6,0,0
BRDA:50,6,1,6
BRDA:53,7,0,5
BRDA:53,7,1,1
BRDA:63,8,0,4
BRDA:63,8,1,36
BRDA:66,9,0,1
BRDA:66,9,1,35
BRDA:69,10,0,5
BRDA:69,10,1,30
BRDA:72,11,0,7
BRDA:72,11,1,23
BRDA:105,12,0,21
BRDA:107,13,0,12
BRDA:107,13,1,7
BRDA:107,13,2,6
BRDA:107,13,3,2
BRDA:107,13,4,3
BRDA:107,13,5,3
BRDA:107,13,6,1
BRDA:107,13,7,1
BRDA:107,13,8,4
BRDA:107,13,9,4
BRDA:107,13,10,2
BRDA:107,13,11,3
BRDA:107,13,12,1
BRDA:110,14,0,1
BRDA:110,14,1,11
BRDA:116,15,0,1
BRDA:116,15,1,10
BRDA:130,16,0,1
BRDA:130,16,1,6
BRDA:135,17,0,1
BRDA:135,17,1,5
BRDA:149,18,0,1
BRDA:149,18,1,5
BRDA:155,19,0,2
BRDA:155,19,1,3
BRDA:155,20,0,5
BRDA:155,20,1,4
BRDA:158,21,0,1
BRDA:158,21,1,2
BRDA:222,22,0,1
BRDA:222,22,1,3
BRDA:233,23,0,1
BRDA:233,23,1,3
BRDA:242,24,0,2
BRDA:242,24,1,0
BRDA:256,25,0,3
BRDA:256,25,1,0
BRDA:262,26,0,3
BRDA:262,26,1,0
BRF:61
BRH:56
end_of_record
TN:
SF:packages/@dsai/react/src/components/Carousel/Carousel.tsx
FN:84,(anonymous_0)
FN:123,(anonymous_1)
FN:125,(anonymous_2)
FN:138,(anonymous_3)
FN:143,(anonymous_4)
FN:154,(anonymous_5)
FN:164,(anonymous_6)
FN:171,(anonymous_7)
FN:180,(anonymous_8)
FN:191,(anonymous_9)
FN:203,(anonymous_10)
FN:212,(anonymous_11)
FN:219,(anonymous_12)
FN:228,(anonymous_13)
FN:232,(anonymous_14)
FN:248,(anonymous_15)
FN:270,(anonymous_16)
FN:276,(anonymous_17)
FN:283,(anonymous_18)
FN:289,(anonymous_19)
FN:297,(anonymous_20)
FN:314,(anonymous_21)
FN:335,(anonymous_22)
FN:364,(anonymous_23)
FN:375,(anonymous_24)
FN:379,(anonymous_25)
FN:383,(anonymous_26)
FN:390,(anonymous_27)
FN:391,(anonymous_28)
FN:410,(anonymous_29)
FN:413,(anonymous_30)
FN:423,(anonymous_31)
FN:427,(anonymous_32)
FN:428,(anonymous_33)
FN:431,(anonymous_34)
FN:438,(anonymous_35)
FN:439,(anonymous_36)
FN:442,(anonymous_37)
FN:452,(anonymous_38)
FN:463,(anonymous_39)
FN:485,(anonymous_40)
FNF:41
FNH:36
FNDA:92,(anonymous_0)
FNDA:70,(anonymous_1)
FNDA:193,(anonymous_2)
FNDA:24,(anonymous_3)
FNDA:69,(anonymous_4)
FNDA:84,(anonymous_5)
FNDA:69,(anonymous_6)
FNDA:69,(anonymous_7)
FNDA:8,(anonymous_8)
FNDA:3,(anonymous_9)
FNDA:1,(anonymous_10)
FNDA:1,(anonymous_11)
FNDA:88,(anonymous_12)
FNDA:3,(anonymous_13)
FNDA:13,(anonymous_14)
FNDA:2,(anonymous_15)
FNDA:2,(anonymous_16)
FNDA:1,(anonymous_17)
FNDA:0,(anonymous_18)
FNDA:0,(anonymous_19)
FNDA:3,(anonymous_20)
FNDA:0,(anonymous_21)
FNDA:3,(anonymous_22)
FNDA:69,(anonymous_23)
FNDA:69,(anonymous_24)
FNDA:184,(anonymous_25)
FNDA:83,(anonymous_26)
FNDA:84,(anonymous_27)
FNDA:233,(anonymous_28)
FNDA:69,(anonymous_29)
FNDA:83,(anonymous_30)
FNDA:81,(anonymous_31)
FNDA:2,(anonymous_32)
FNDA:1,(anonymous_33)
FNDA:12,(anonymous_34)
FNDA:0,(anonymous_35)
FNDA:0,(anonymous_36)
FNDA:12,(anonymous_37)
FNDA:82,(anonymous_38)
FNDA:83,(anonymous_39)
FNDA:69,(anonymous_40)
DA:1,3
DA:14,3
DA:16,3
DA:21,3
DA:22,3
DA:23,3
DA:31,3
DA:36,3
DA:83,3
DA:115,92
DA:118,92
DA:119,92
DA:120,92
DA:123,92
DA:124,70
DA:125,70
DA:126,193
DA:127,193
DA:130,70
DA:133,92
DA:136,92
DA:137,92
DA:141,24
DA:143,69
DA:147,92
DA:148,92
DA:149,92
DA:151,92
DA:154,92
DA:155,84
DA:156,2
DA:164,92
DA:165,69
DA:166,0
DA:171,92
DA:172,69
DA:173,0
DA:174,69
DA:175,0
DA:180,92
DA:181,8
DA:185,8
DA:186,8
DA:187,8
DA:191,92
DA:192,3
DA:196,3
DA:197,3
DA:198,3
DA:202,92
DA:204,1
DA:205,1
DA:206,1
DA:212,92
DA:214,1
DA:215,1
DA:219,92
DA:220,88
DA:221,75
DA:225,13
DA:226,13
DA:228,13
DA:229,3
DA:232,13
DA:233,13
DA:247,92
DA:249,2
DA:250,0
DA:253,2
DA:255,1
DA:256,1
DA:257,1
DA:259,1
DA:260,1
DA:261,1
DA:263,0
DA:270,92
DA:271,2
DA:272,2
DA:276,92
DA:277,1
DA:279,1
DA:283,92
DA:284,0
DA:285,0
DA:289,92
DA:290,0
DA:291,0
DA:296,92
DA:298,3
DA:299,0
DA:302,3
DA:303,3
DA:304,0
DA:306,3
DA:307,3
DA:308,3
DA:313,92
DA:315,0
DA:316,0
DA:320,0
DA:321,0
DA:322,0
DA:324,0
DA:325,0
DA:327,0
DA:328,0
DA:334,92
DA:336,3
DA:337,0
DA:340,3
DA:341,3
DA:342,0
DA:344,3
DA:346,3
DA:348,3
DA:349,2
DA:350,1
DA:352,1
DA:356,3
DA:357,3
DA:363,92
DA:365,69
DA:375,92
DA:376,69
DA:377,2
DA:379,184
DA:383,92
DA:385,83
DA:386,83
DA:390,92
DA:391,84
DA:392,233
DA:393,233
DA:397,233
DA:399,233
DA:407,92
DA:410,92
DA:413,92
DA:414,83
DA:415,83
DA:416,0
DA:419,83
DA:421,83
DA:422,81
DA:423,81
DA:426,83
DA:427,12
DA:428,12
DA:429,12
DA:430,12
DA:431,12
DA:432,12
DA:433,12
DA:437,83
DA:438,12
DA:439,12
DA:440,12
DA:441,12
DA:442,12
DA:443,12
DA:444,12
DA:448,83
DA:449,82
DA:450,82
DA:451,82
DA:452,82
DA:453,82
DA:454,82
DA:455,82
DA:459,83
DA:460,0
DA:463,83
DA:464,83
DA:465,187
DA:485,92
DA:486,69
DA:487,69
DA:488,0
DA:490,69
DA:491,67
DA:493,2
DA:497,92
DA:553,3
LF:184
LH:159
BRDA:88,0,0,80
BRDA:90,1,0,90
BRDA:91,2,0,75
BRDA:92,3,0,83
BRDA:93,4,0,86
BRDA:94,5,0,92
BRDA:95,6,0,90
BRDA:96,7,0,82
BRDA:97,8,0,89
BRDA:98,9,0,90
BRDA:99,10,0,90
BRDA:100,11,0,90
BRDA:101,12,0,90
BRDA:104,13,0,67
BRDA:106,14,0,89
BRDA:119,15,0,1
BRDA:119,15,1,91
BRDA:119,16,0,92
BRDA:119,16,1,92
BRDA:126,17,0,193
BRDA:126,17,1,0
BRDA:136,18,0,6
BRDA:136,18,1,86
BRDA:155,19,0,2
BRDA:155,19,1,82
BRDA:155,20,0,84
BRDA:155,20,1,6
BRDA:165,21,0,0
BRDA:165,21,1,69
BRDA:172,22,0,0
BRDA:172,22,1,69
BRDA:172,23,0,69
BRDA:172,23,1,9
BRDA:174,24,0,0
BRDA:174,24,1,69
BRDA:174,25,0,69
BRDA:174,25,1,60
BRDA:181,26,0,8
BRDA:181,26,1,0
BRDA:185,27,0,8
BRDA:185,27,1,0
BRDA:187,28,0,0
BRDA:187,28,1,8
BRDA:187,29,0,8
BRDA:187,29,1,8
BRDA:192,30,0,3
BRDA:192,30,1,0
BRDA:196,31,0,3
BRDA:196,31,1,0
BRDA:198,32,0,0
BRDA:198,32,1,3
BRDA:198,33,0,3
BRDA:198,33,1,3
BRDA:204,34,0,1
BRDA:204,34,1,0
BRDA:204,35,0,1
BRDA:204,35,1,1
BRDA:204,35,2,1
BRDA:206,36,0,0
BRDA:206,36,1,1
BRDA:206,37,0,1
BRDA:206,37,1,1
BRDA:220,38,0,75
BRDA:220,38,1,13
BRDA:220,39,0,88
BRDA:220,39,1,16
BRDA:220,39,2,13
BRDA:220,39,3,13
BRDA:226,40,0,0
BRDA:226,40,1,13
BRDA:226,41,0,13
BRDA:226,41,1,13
BRDA:226,42,0,0
BRDA:226,42,1,13
BRDA:226,43,0,13
BRDA:226,43,1,13
BRDA:226,44,0,0
BRDA:226,44,1,13
BRDA:226,45,0,13
BRDA:226,45,1,13
BRDA:249,46,0,0
BRDA:249,46,1,2
BRDA:253,47,0,1
BRDA:253,47,1,1
BRDA:253,47,2,0
BRDA:271,48,0,2
BRDA:271,48,1,0
BRDA:271,49,0,2
BRDA:271,49,1,2
BRDA:277,50,0,1
BRDA:277,50,1,0
BRDA:277,51,0,1
BRDA:277,51,1,1
BRDA:277,51,2,1
BRDA:284,52,0,0
BRDA:284,52,1,0
BRDA:284,53,0,0
BRDA:284,53,1,0
BRDA:290,54,0,0
BRDA:290,54,1,0
BRDA:290,55,0,0
BRDA:290,55,1,0
BRDA:290,55,2,0
BRDA:298,56,0,0
BRDA:298,56,1,3
BRDA:303,57,0,0
BRDA:303,57,1,3
BRDA:315,58,0,0
BRDA:315,58,1,0
BRDA:315,59,0,0
BRDA:315,59,1,0
BRDA:321,60,0,0
BRDA:321,60,1,0
BRDA:325,61,0,0
BRDA:325,61,1,0
BRDA:325,62,0,0
BRDA:325,62,1,0
BRDA:327,63,0,0
BRDA:327,63,1,0
BRDA:336,64,0,0
BRDA:336,64,1,3
BRDA:336,65,0,3
BRDA:336,65,1,3
BRDA:341,66,0,0
BRDA:341,66,1,3
BRDA:348,67,0,2
BRDA:348,67,1,1
BRDA:349,68,0,1
BRDA:349,68,1,1
BRDA:367,69,0,2
BRDA:367,69,1,67
BRDA:368,70,0,69
BRDA:368,70,1,2
BRDA:376,71,0,2
BRDA:376,71,1,67
BRDA:376,72,0,69
BRDA:376,72,1,2
BRDA:385,73,0,83
BRDA:385,73,1,0
BRDA:385,74,0,83
BRDA:385,74,1,83
BRDA:393,75,0,233
BRDA:393,75,1,84
BRDA:397,76,0,0
BRDA:397,76,1,233
BRDA:397,77,0,233
BRDA:397,77,1,0
BRDA:407,78,0,0
BRDA:407,78,1,92
BRDA:407,79,0,92
BRDA:407,79,1,92
BRDA:415,80,0,0
BRDA:415,80,1,83
BRDA:421,81,0,81
BRDA:421,81,1,2
BRDA:426,82,0,12
BRDA:426,82,1,71
BRDA:426,83,0,83
BRDA:426,83,1,83
BRDA:437,84,0,12
BRDA:437,84,1,71
BRDA:437,85,0,83
BRDA:437,85,1,83
BRDA:448,86,0,82
BRDA:448,86,1,1
BRDA:459,87,0,0
BRDA:459,87,1,83
BRDA:487,88,0,0
BRDA:487,88,1,69
BRDA:490,89,0,67
BRDA:490,89,1,2
BRDA:504,90,0,1
BRDA:504,90,1,91
BRDA:516,91,0,92
BRDA:516,91,1,90
BRDA:516,91,2,82
BRDA:529,92,0,92
BRDA:529,92,1,90
BRDA:529,92,2,82
BRDA:534,93,0,82
BRDA:534,93,1,3
BRDA:539,94,0,82
BRDA:539,94,1,3
BRDA:546,95,0,92
BRDA:546,95,1,16
BRF:185
BRH:134
end_of_record
TN:
SF:packages/@dsai/react/src/components/Carousel/CarouselCaption.tsx
FN:33,(anonymous_0)
FN:46,(anonymous_1)
FNF:2
FNH:2
FNDA:84,(anonymous_0)
FNDA:84,(anonymous_1)
DA:1,3
DA:3,3
DA:32,3
DA:45,84
DA:46,84
DA:51,84
DA:52,1
DA:55,83
DA:70,3
LF:9
LH:9
BRDA:37,0,0,84
BRDA:51,1,0,1
BRDA:51,1,1,83
BRDA:51,2,0,84
BRDA:51,2,1,2
BRDA:63,3,0,83
BRDA:63,3,1,82
BRDA:64,4,0,83
BRDA:64,4,1,79
BRF:9
BRH:9
end_of_record
TN:
SF:packages/@dsai/react/src/components/Carousel/CarouselControl.tsx
FN:11,getDefaultLabel
FN:42,(anonymous_1)
FN:57,(anonymous_2)
FN:62,(anonymous_3)
FN:67,(anonymous_4)
FN:73,(anonymous_5)
FNF:6
FNH:5
FNDA:166,getDefaultLabel
FNDA:166,(anonymous_1)
FNDA:120,(anonymous_2)
FNDA:120,(anonymous_3)
FNDA:4,(anonymous_4)
FNDA:0,(anonymous_5)
DA:1,3
DA:3,3
DA:12,166
DA:14,83
DA:16,83
DA:41,3
DA:56,166
DA:57,120
DA:62,166
DA:65,166
DA:67,166
DA:68,4
DA:69,4
DA:73,166
DA:75,0
DA:76,0
DA:77,0
DA:81,166
DA:102,3
LF:19
LH:16
BRDA:12,0,0,83
BRDA:12,0,1,83
BRDA:46,1,0,2
BRDA:47,2,0,166
BRDA:65,3,0,0
BRDA:65,3,1,166
BRDA:65,4,0,166
BRDA:65,4,1,166
BRDA:68,5,0,4
BRDA:68,5,1,0
BRDA:75,6,0,0
BRDA:75,6,1,0
BRDA:75,7,0,0
BRDA:75,7,1,0
BRF:14
BRH:8
end_of_record
TN:
SF:packages/@dsai/react/src/components/Carousel/CarouselIndicators.tsx
FN:10,generateIndicatorData
FN:14,(anonymous_1)
FN:23,generateDefaultLabels
FN:24,(anonymous_3)
FN:53,(anonymous_4)
FN:70,(anonymous_5)
FN:73,(anonymous_6)
FN:76,(anonymous_7)
FN:85,(anonymous_8)
FN:85,(anonymous_9)
FN:93,(anonymous_10)
FN:95,(anonymous_11)
FN:104,(anonymous_12)
FN:105,(anonymous_13)
FNF:14
FNH:14
FNDA:60,generateIndicatorData
FNDA:179,(anonymous_1)
FNDA:1,generateDefaultLabels
FNDA:3,(anonymous_3)
FNDA:83,(anonymous_4)
FNDA:60,(anonymous_5)
FNDA:60,(anonymous_6)
FNDA:60,(anonymous_7)
FNDA:219,(anonymous_8)
FNDA:1,(anonymous_9)
FNDA:219,(anonymous_10)
FNDA:435,(anonymous_11)
FNDA:74,(anonymous_12)
FNDA:219,(anonymous_13)
DA:1,3
DA:3,3
DA:14,179
DA:24,3
DA:52,3
DA:67,83
DA:70,83
DA:73,83
DA:76,83
DA:77,60
DA:78,59
DA:80,1
DA:84,83
DA:85,219
DA:86,1
DA:92,83
DA:94,219
DA:95,435
DA:96,219
DA:98,0
DA:104,83
DA:105,74
DA:106,219
DA:107,219
DA:109,219
DA:123,83
DA:124,0
DA:127,83
DA:141,3
LF:29
LH:27
BRDA:58,0,0,83
BRDA:77,1,0,59
BRDA:77,1,1,1
BRDA:77,2,0,60
BRDA:77,2,1,59
BRDA:94,3,0,219
BRDA:94,3,1,0
BRDA:94,4,0,219
BRDA:94,4,1,219
BRDA:96,5,0,219
BRDA:96,5,1,0
BRDA:96,6,0,219
BRDA:96,6,1,219
BRDA:113,7,0,74
BRDA:113,7,1,145
BRDA:116,8,0,74
BRDA:116,8,1,145
BRDA:123,9,0,0
BRDA:123,9,1,83
BRF:19
BRH:16
end_of_record
TN:
SF:packages/@dsai/react/src/components/Carousel/CarouselItem.tsx
FN:30,(anonymous_0)
FN:43,(anonymous_1)
FNF:2
FNH:2
FNDA:240,(anonymous_0)
FNDA:225,(anonymous_1)
DA:1,3
DA:3,3
DA:29,3
DA:43,240
DA:45,240
DA:61,3
LF:6
LH:6
BRDA:33,0,0,5
BRF:1
BRH:1
end_of_record
TN:
SF:packages/@dsai/react/src/components/Carousel/CarouselPauseButton.tsx
FN:33,(anonymous_0)
FN:48,(anonymous_1)
FNF:2
FNH:2
FNDA:17,(anonymous_0)
FNDA:10,(anonymous_1)
DA:1,3
DA:3,3
DA:4,3
DA:32,3
DA:47,17
DA:48,10
DA:53,17
DA:55,17
DA:79,3
LF:9
LH:9
BRDA:37,0,0,17
BRDA:39,1,0,17
BRDA:40,2,0,17
BRDA:53,3,0,3
BRDA:53,3,1,14
BRDA:73,4,0,3
BRDA:73,4,1,14
BRF:7
BRH:7
end_of_record
TN:
SF:packages/@dsai/react/src/components/Checkbox/Checkbox.tsx
FN:19,warnMissingAccessibleName
FN:91,(anonymous_2)
FN:120,(anonymous_3)
FN:128,(anonymous_4)
FN:135,(anonymous_5)
FN:143,(anonymous_6)
FN:155,(anonymous_7)
FN:158,(anonymous_8)
FN:161,(anonymous_9)
FNF:9
FNH:9
FNDA:1,warnMissingAccessibleName
FNDA:879,(anonymous_2)
FNDA:445,(anonymous_3)
FNDA:447,(anonymous_4)
FNDA:446,(anonymous_5)
FNDA:445,(anonymous_6)
FNDA:445,(anonymous_7)
FNDA:445,(anonymous_8)
FNDA:445,(anonymous_9)
DA:1,8
DA:11,8
DA:12,8
DA:17,8
DA:20,1
DA:26,1
DA:27,1
DA:90,8
DA:110,879
DA:111,879
DA:116,879
DA:117,879
DA:120,879
DA:123,879
DA:124,879
DA:128,879
DA:129,447
DA:130,447
DA:135,879
DA:136,446
DA:137,1
DA:142,879
DA:144,445
DA:155,879
DA:158,879
DA:161,879
DA:164,879
DA:166,879
DA:202,8
DA:205,8
DA:208,8
LF:31
LH:31
BRDA:20,0,0,1
BRDA:20,0,1,0
BRDA:21,1,0,1
BRDA:21,1,1,1
BRDA:21,1,2,1
BRDA:23,2,0,0
BRDA:23,2,1,1
BRDA:23,3,0,1
BRDA:23,3,1,1
BRDA:96,4,0,816
BRDA:98,5,0,398
BRDA:99,6,0,873
BRDA:103,7,0,538
BRDA:104,8,0,878
BRDA:105,9,0,876
BRDA:106,10,0,716
BRDA:109,11,0,373
BRDA:117,12,0,879
BRDA:117,12,1,376
BRDA:120,13,0,7
BRDA:120,13,1,438
BRDA:124,14,0,879
BRDA:124,14,1,715
BRDA:129,15,0,447
BRDA:129,15,1,0
BRDA:136,16,0,1
BRDA:136,16,1,445
BRDA:136,17,0,446
BRDA:136,17,1,220
BRDA:146,18,0,445
BRDA:146,18,1,3
BRDA:147,19,0,445
BRDA:147,19,1,4
BRDA:148,20,0,445
BRDA:148,20,1,1
BRDA:155,21,0,445
BRDA:155,21,1,6
BRDA:161,22,0,6
BRDA:161,22,1,439
BRDA:180,23,0,879
BRDA:180,23,1,873
BRDA:182,24,0,441
BRDA:182,24,1,438
BRDA:183,25,0,19
BRDA:183,25,1,860
BRDA:186,26,0,879
BRDA:186,26,1,438
BRDA:189,27,0,438
BRDA:189,27,1,22
BRDA:192,28,0,879
BRDA:192,28,1,7
BRF:51
BRH:48
end_of_record
TN:
SF:packages/@dsai/react/src/components/CheckboxGroup/CheckboxGroup.fsm.ts
FN:87,deriveSelectionState
FN:118,createInitialCheckboxGroupFSMState
FN:147,checkboxGroupFSMReducer
FN:213,resetFromPropsEvent
FN:220,toggleItemEvent
FN:227,toggleAllEvent
FN:238,isNoneSelected
FN:245,isSomeSelected
FN:252,isAllSelected
FN:259,isValueSelected
FNF:10
FNH:10
FNDA:157,deriveSelectionState
FNDA:54,createInitialCheckboxGroupFSMState
FNDA:96,checkboxGroupFSMReducer
FNDA:65,resetFromPropsEvent
FNDA:22,toggleItemEvent
FNDA:12,toggleAllEvent
FNDA:3,isNoneSelected
FNDA:3,isSomeSelected
FNDA:3,isAllSelected
FNDA:4,isValueSelected
DA:87,2
DA:91,157
DA:94,157
DA:95,85
DA:99,72
DA:100,23
DA:104,49
DA:118,2
DA:123,54
DA:125,54
DA:147,2
DA:151,96
DA:154,64
DA:155,64
DA:162,21
DA:163,21
DA:166,21
DA:167,5
DA:169,16
DA:172,21
DA:173,21
DA:180,11
DA:184,11
DA:186,3
DA:189,8
DA:192,11
DA:200,0
DA:201,0
DA:213,2
DA:214,65
DA:220,2
DA:221,22
DA:227,2
DA:228,12
DA:238,2
DA:239,3
DA:245,2
DA:246,3
DA:252,2
DA:253,3
DA:259,2
DA:260,4
LF:42
LH:40
BRDA:94,0,0,85
BRDA:94,0,1,72
BRDA:99,1,0,23
BRDA:99,1,1,49
BRDA:99,2,0,72
BRDA:99,2,1,23
BRDA:151,3,0,64
BRDA:151,3,1,21
BRDA:151,3,2,11
BRDA:151,3,3,0
BRDA:166,4,0,5
BRDA:166,4,1,16
BRDA:184,5,0,3
BRDA:184,5,1,8
BRF:14
BRH:13
end_of_record
TN:
SF:packages/@dsai/react/src/components/CheckboxGroup/CheckboxGroup.tsx
FN:42,warnMissingGroupLabel
FN:87,(anonymous_1)
FN:121,(anonymous_2)
FN:121,(anonymous_3)
FN:124,(anonymous_4)
FN:124,(anonymous_5)
FN:138,(anonymous_6)
FN:142,(anonymous_7)
FN:147,(anonymous_8)
FN:155,(anonymous_9)
FN:168,(anonymous_10)
FN:186,(anonymous_11)
FN:191,(anonymous_12)
FN:196,(anonymous_13)
FN:237,(anonymous_14)
FN:244,(anonymous_15)
FN:257,(anonymous_16)
FNF:17
FNH:17
FNDA:1,warnMissingGroupLabel
FNDA:114,(anonymous_1)
FNDA:47,(anonymous_2)
FNDA:140,(anonymous_3)
FNDA:47,(anonymous_4)
FNDA:131,(anonymous_5)
FNDA:47,(anonymous_6)
FNDA:57,(anonymous_7)
FNDA:47,(anonymous_8)
FNDA:11,(anonymous_9)
FNDA:4,(anonymous_10)
FNDA:47,(anonymous_11)
FNDA:47,(anonymous_12)
FNDA:47,(anonymous_13)
FNDA:64,(anonymous_14)
FNDA:340,(anonymous_15)
FNDA:11,(anonymous_16)
DA:23,1
DA:25,1
DA:26,1
DA:27,1
DA:29,1
DA:40,1
DA:43,1
DA:49,1
DA:50,1
DA:86,1
DA:113,114
DA:114,114
DA:115,114
DA:116,114
DA:117,114
DA:120,114
DA:121,140
DA:124,131
DA:125,114
DA:128,114
DA:135,114
DA:138,47
DA:142,114
DA:143,57
DA:147,114
DA:148,47
DA:149,1
DA:154,114
DA:157,11
DA:162,11
DA:168,114
DA:170,4
DA:175,4
DA:179,114
DA:180,114
DA:181,114
DA:182,114
DA:185,114
DA:186,47
DA:190,114
DA:191,47
DA:196,114
DA:197,47
DA:198,47
DA:199,0
DA:201,47
DA:202,2
DA:204,47
DA:205,2
DA:207,47
DA:212,114
DA:237,64
DA:245,340
DA:246,340
DA:247,340
DA:249,340
DA:257,11
DA:276,114
DA:294,1
DA:297,1
DA:300,1
LF:61
LH:60
BRDA:43,0,0,1
BRDA:43,0,1,0
BRDA:44,1,0,1
BRDA:44,1,1,1
BRDA:44,1,2,1
BRDA:46,2,0,0
BRDA:46,2,1,1
BRDA:46,3,0,1
BRDA:46,3,1,1
BRDA:96,4,0,108
BRDA:97,5,0,92
BRDA:98,6,0,112
BRDA:99,7,0,108
BRDA:101,8,0,112
BRDA:102,9,0,112
BRDA:105,10,0,112
BRDA:114,11,0,114
BRDA:114,11,1,114
BRDA:121,12,0,140
BRDA:121,12,1,134
BRDA:130,13,0,20
BRDA:130,13,1,94
BRDA:130,14,0,114
BRDA:130,14,1,114
BRDA:148,15,0,1
BRDA:148,15,1,46
BRDA:148,16,0,47
BRDA:148,16,1,3
BRDA:148,16,2,1
BRDA:186,17,0,47
BRDA:186,17,1,3
BRDA:191,18,0,47
BRDA:191,18,1,1
BRDA:198,19,0,0
BRDA:198,19,1,47
BRDA:201,20,0,2
BRDA:201,20,1,45
BRDA:204,21,0,2
BRDA:204,21,1,45
BRDA:204,22,0,47
BRDA:204,22,1,3
BRDA:207,23,0,4
BRDA:207,23,1,43
BRDA:214,24,0,114
BRDA:214,24,1,108
BRDA:217,25,0,108
BRDA:217,25,1,6
BRDA:222,26,0,114
BRDA:222,26,1,4
BRDA:229,27,0,114
BRDA:229,27,1,22
BRDA:236,28,0,22
BRDA:236,28,1,22
BRDA:247,29,0,340
BRDA:247,29,1,334
BRDA:268,30,0,114
BRDA:268,30,1,6
BRDA:268,30,2,4
BRDA:281,31,0,6
BRDA:281,31,1,108
BRDA:281,32,0,114
BRDA:281,32,1,6
BRDA:283,33,0,114
BRDA:283,33,1,108
BRF:64
BRH:61
end_of_record
TN:
SF:packages/@dsai/react/src/components/Dropdown/Dropdown.fsm.ts
FN:84,createInitialDropdownFSMState
FN:133,dropdownFSMReducer
FN:244,getDropdownVisualState
FNF:3
FNH:3
FNDA:124,createInitialDropdownFSMState
FNDA:57,dropdownFSMReducer
FNDA:318,getDropdownVisualState
DA:84,4
DA:85,124
DA:87,75
DA:96,49
DA:133,4
DA:137,57
DA:139,17
DA:142,13
DA:152,3
DA:154,1
DA:158,13
DA:161,1
DA:165,5
DA:174,7
DA:182,0
DA:186,15
DA:190,2
DA:194,13
DA:202,0
DA:206,12
DA:210,4
DA:219,1
DA:222,7
DA:230,0
DA:234,0
DA:244,4
DA:245,318
LF:27
LH:23
BRDA:85,0,0,75
BRDA:85,0,1,49
BRDA:137,1,0,17
BRDA:137,1,1,13
BRDA:137,1,2,15
BRDA:137,1,3,12
BRDA:137,1,4,0
BRDA:139,2,0,12
BRDA:139,2,1,13
BRDA:139,2,2,2
BRDA:139,2,3,3
BRDA:139,2,4,1
BRDA:158,3,0,1
BRDA:158,3,1,3
BRDA:158,3,2,5
BRDA:158,3,3,7
BRDA:158,3,4,0
BRDA:186,4,0,1
BRDA:186,4,1,2
BRDA:186,4,2,11
BRDA:186,4,3,13
BRDA:186,4,4,0
BRDA:206,5,0,2
BRDA:206,5,1,4
BRDA:206,5,2,1
BRDA:206,5,3,7
BRDA:206,5,4,0
BRF:27
BRH:23
end_of_record
TN:
SF:packages/@dsai/react/src/components/Dropdown/Dropdown.tsx
FN:66,useDropdownContext
FN:74,extractTextContent
FN:81,(anonymous_2)
FN:147,(anonymous_3)
FN:184,(anonymous_4)
FN:198,(anonymous_5)
FN:259,(anonymous_6)
FN:276,(anonymous_7)
FN:279,(anonymous_8)
FN:282,(anonymous_9)
FN:287,(anonymous_10)
FN:290,(anonymous_11)
FN:297,(anonymous_12)
FN:301,(anonymous_13)
FN:302,(anonymous_14)
FN:306,(anonymous_15)
FN:315,(anonymous_16)
FN:318,(anonymous_17)
FN:325,(anonymous_18)
FN:331,(anonymous_19)
FN:338,(anonymous_20)
FN:348,(anonymous_21)
FN:358,(anonymous_22)
FN:391,(anonymous_23)
FN:408,(anonymous_24)
FN:440,(anonymous_25)
FN:467,(anonymous_26)
FN:468,(anonymous_27)
FN:494,(anonymous_28)
FN:539,(anonymous_29)
FN:558,(anonymous_30)
FN:567,(anonymous_31)
FN:616,(anonymous_32)
FN:648,(anonymous_33)
FN:654,(anonymous_34)
FN:671,(anonymous_35)
FN:770,(anonymous_36)
FN:771,(anonymous_37)
FN:796,(anonymous_38)
FN:800,(anonymous_39)
FN:827,(anonymous_40)
FN:831,(anonymous_41)
FNF:42
FNH:38
FNDA:911,useDropdownContext
FNDA:113,extractTextContent
FNDA:0,(anonymous_2)
FNDA:314,(anonymous_3)
FNDA:111,(anonymous_4)
FNDA:8,(anonymous_5)
FNDA:135,(anonymous_6)
FNDA:132,(anonymous_7)
FNDA:3,(anonymous_8)
FNDA:7,(anonymous_9)
FNDA:3,(anonymous_10)
FNDA:8,(anonymous_11)
FNDA:133,(anonymous_12)
FNDA:3,(anonymous_13)
FNDA:0,(anonymous_14)
FNDA:7,(anonymous_15)
FNDA:1,(anonymous_16)
FNDA:2,(anonymous_17)
FNDA:132,(anonymous_18)
FNDA:132,(anonymous_19)
FNDA:0,(anonymous_20)
FNDA:0,(anonymous_21)
FNDA:4,(anonymous_22)
FNDA:111,(anonymous_23)
FNDA:111,(anonymous_24)
FNDA:306,(anonymous_25)
FNDA:111,(anonymous_26)
FNDA:111,(anonymous_27)
FNDA:112,(anonymous_28)
FNDA:306,(anonymous_29)
FNDA:126,(anonymous_30)
FNDA:222,(anonymous_31)
FNDA:299,(anonymous_32)
FNDA:84,(anonymous_33)
FNDA:6,(anonymous_34)
FNDA:84,(anonymous_35)
FNDA:4,(anonymous_36)
FNDA:4,(anonymous_37)
FNDA:5,(anonymous_38)
FNDA:5,(anonymous_39)
FNDA:4,(anonymous_40)
FNDA:4,(anonymous_41)
DA:1,3
DA:18,3
DA:31,3
DA:33,3
DA:34,3
DA:35,3
DA:37,3
DA:61,3
DA:67,911
DA:68,911
DA:69,6
DA:71,905
DA:75,113
DA:76,105
DA:79,8
DA:80,0
DA:81,0
DA:87,8
DA:88,2
DA:94,2
DA:95,2
DA:97,2
DA:98,0
DA:101,2
DA:102,0
DA:105,2
DA:108,6
DA:146,3
DA:168,314
DA:171,314
DA:172,314
DA:173,314
DA:176,314
DA:183,314
DA:184,111
DA:188,314
DA:189,314
DA:190,314
DA:193,314
DA:196,314
DA:199,8
DA:200,0
DA:202,8
DA:203,5
DA:205,5
DA:207,3
DA:209,3
DA:222,314
DA:227,314
DA:235,314
DA:237,314
DA:244,314
DA:250,314
DA:259,314
DA:260,135
DA:261,62
DA:264,73
DA:265,2
DA:266,71
DA:270,1
DA:276,314
DA:277,132
DA:279,7
DA:280,3
DA:282,7
DA:285,125
DA:287,8
DA:288,3
DA:290,8
DA:293,117
DA:297,314
DA:298,133
DA:301,7
DA:302,3
DA:303,0
DA:306,7
DA:307,7
DA:308,7
DA:309,3
DA:314,126
DA:315,2
DA:316,1
DA:318,2
DA:321,124
DA:325,314
DA:326,132
DA:327,1
DA:331,314
DA:332,132
DA:333,0
DA:338,314
DA:339,0
DA:340,0
DA:342,0
DA:343,0
DA:344,0
DA:348,314
DA:349,0
DA:350,0
DA:352,0
DA:353,0
DA:354,0
DA:358,314
DA:359,4
DA:360,4
DA:361,0
DA:366,314
DA:391,314
DA:392,111
DA:393,1
DA:395,110
DA:396,1
DA:398,109
DA:399,1
DA:401,108
DA:402,1
DA:404,107
DA:407,314
DA:408,111
DA:412,314
DA:432,3
DA:439,3
DA:464,306
DA:466,304
DA:467,304
DA:468,304
DA:469,111
DA:470,111
DA:471,4
DA:473,107
DA:474,105
DA:476,2
DA:480,304
DA:486,2
DA:493,304
DA:495,112
DA:507,304
DA:509,304
DA:531,3
DA:538,3
DA:554,306
DA:557,304
DA:559,126
DA:563,304
DA:566,304
DA:567,222
DA:574,304
DA:575,112
DA:579,192
DA:600,192
DA:601,0
DA:604,192
DA:608,3
DA:615,3
DA:637,299
DA:638,297
DA:641,297
DA:644,297
DA:647,297
DA:648,84
DA:653,297
DA:655,6
DA:656,0
DA:657,0
DA:660,6
DA:663,6
DA:664,4
DA:671,297
DA:672,84
DA:673,73
DA:675,11
DA:676,1
DA:678,10
DA:679,1
DA:681,9
DA:684,297
DA:686,297
DA:691,297
DA:693,297
DA:694,35
DA:728,262
DA:762,3
DA:769,3
DA:771,4
DA:773,4
DA:788,3
DA:795,3
DA:800,5
DA:802,5
DA:819,3
DA:826,3
DA:831,4
DA:833,4
DA:850,3
DA:855,3
LF:195
LH:174
BRDA:68,0,0,6
BRDA:68,0,1,905
BRDA:75,1,0,105
BRDA:75,1,1,8
BRDA:75,2,0,113
BRDA:75,2,1,8
BRDA:79,3,0,0
BRDA:79,3,1,8
BRDA:87,4,0,2
BRDA:87,4,1,6
BRDA:94,5,0,0
BRDA:94,5,1,2
BRDA:95,6,0,0
BRDA:95,6,1,2
BRDA:97,7,0,0
BRDA:97,7,1,2
BRDA:101,8,0,0
BRDA:101,8,1,2
BRDA:152,9,0,262
BRDA:153,10,0,306
BRDA:154,11,0,298
BRDA:155,12,0,314
BRDA:156,13,0,306
BRDA:159,14,0,312
BRDA:172,15,0,6
BRDA:172,15,1,308
BRDA:172,16,0,314
BRDA:172,16,1,314
BRDA:173,17,0,6
BRDA:173,17,1,308
BRDA:173,18,0,314
BRDA:173,18,1,314
BRDA:178,19,0,165
BRDA:178,19,1,149
BRDA:184,20,0,64
BRDA:184,20,1,47
BRDA:193,21,0,314
BRDA:193,21,1,141
BRDA:199,22,0,0
BRDA:199,22,1,8
BRDA:202,23,0,5
BRDA:202,23,1,3
BRDA:205,24,0,4
BRDA:205,24,1,1
BRDA:205,25,0,5
BRDA:205,25,1,5
BRDA:209,26,0,2
BRDA:209,26,1,1
BRDA:209,27,0,3
BRDA:209,27,1,3
BRDA:223,28,0,314
BRDA:223,28,1,306
BRDA:231,29,0,314
BRDA:231,29,1,149
BRDA:231,29,2,16
BRDA:260,30,0,62
BRDA:260,30,1,73
BRDA:264,31,0,2
BRDA:264,31,1,71
BRDA:264,32,0,73
BRDA:264,32,1,68
BRDA:266,33,0,1
BRDA:266,33,1,70
BRDA:267,34,0,71
BRDA:267,34,1,5
BRDA:267,34,2,5
BRDA:277,35,0,7
BRDA:277,35,1,125
BRDA:285,36,0,8
BRDA:285,36,1,117
BRDA:298,37,0,7
BRDA:298,37,1,126
BRDA:298,38,0,133
BRDA:298,38,1,7
BRDA:308,39,0,3
BRDA:308,39,1,4
BRDA:314,40,0,2
BRDA:314,40,1,124
BRDA:314,41,0,126
BRDA:314,41,1,45
BRDA:326,42,0,1
BRDA:326,42,1,131
BRDA:326,43,0,132
BRDA:326,43,1,73
BRDA:332,44,0,0
BRDA:332,44,1,132
BRDA:332,45,0,132
BRDA:332,45,1,44
BRDA:339,46,0,0
BRDA:339,46,1,0
BRDA:343,47,0,0
BRDA:343,47,1,0
BRDA:343,48,0,0
BRDA:343,48,1,0
BRDA:349,49,0,0
BRDA:349,49,1,0
BRDA:353,50,0,0
BRDA:353,50,1,0
BRDA:353,51,0,0
BRDA:353,51,1,0
BRDA:360,52,0,0
BRDA:360,52,1,4
BRDA:360,53,0,4
BRDA:360,53,1,2
BRDA:392,54,0,1
BRDA:392,54,1,110
BRDA:395,55,0,1
BRDA:395,55,1,109
BRDA:398,56,0,1
BRDA:398,56,1,108
BRDA:401,57,0,1
BRDA:401,57,1,107
BRDA:401,58,0,108
BRDA:401,58,1,107
BRDA:443,59,0,304
BRDA:444,60,0,303
BRDA:445,61,0,296
BRDA:446,62,0,302
BRDA:447,63,0,304
BRDA:448,64,0,306
BRDA:466,65,0,304
BRDA:466,65,1,302
BRDA:469,66,0,107
BRDA:469,66,1,4
BRDA:469,67,0,111
BRDA:469,67,1,111
BRDA:470,68,0,4
BRDA:470,68,1,107
BRDA:473,69,0,105
BRDA:473,69,1,2
BRDA:480,70,0,2
BRDA:480,70,1,302
BRDA:481,71,0,304
BRDA:481,71,1,304
BRDA:481,71,2,304
BRDA:481,71,3,10
BRDA:482,72,0,0
BRDA:482,72,1,304
BRDA:482,73,0,304
BRDA:482,73,1,304
BRDA:498,74,0,112
BRDA:498,74,1,1
BRDA:499,75,0,112
BRDA:499,75,1,1
BRDA:500,76,0,112
BRDA:500,76,1,110
BRDA:501,77,0,112
BRDA:501,77,1,5
BRDA:514,78,0,0
BRDA:514,78,1,304
BRDA:514,79,0,304
BRDA:514,79,1,304
BRDA:520,80,0,192
BRDA:520,80,1,112
BRDA:525,81,0,10
BRDA:525,81,1,294
BRDA:542,82,0,304
BRDA:543,83,0,0
BRDA:544,84,0,306
BRDA:544,85,0,306
BRDA:544,85,1,0
BRDA:545,86,0,304
BRDA:559,87,0,126
BRDA:559,87,1,77
BRDA:559,88,0,126
BRDA:559,88,1,1
BRDA:574,89,0,112
BRDA:574,89,1,192
BRDA:587,90,0,0
BRDA:587,90,1,192
BRDA:587,91,0,192
BRDA:587,91,1,192
BRDA:600,92,0,0
BRDA:600,92,1,192
BRDA:600,93,0,192
BRDA:600,93,1,0
BRDA:624,94,0,289
BRDA:625,95,0,277
BRDA:629,96,0,299
BRDA:641,97,0,264
BRDA:641,97,1,33
BRDA:644,98,0,0
BRDA:644,98,1,297
BRDA:644,99,0,297
BRDA:644,99,1,297
BRDA:644,100,0,35
BRDA:644,100,1,262
BRDA:648,101,0,84
BRDA:648,101,1,3
BRDA:648,102,0,84
BRDA:648,102,1,6
BRDA:655,103,0,0
BRDA:655,103,1,6
BRDA:660,104,0,4
BRDA:660,104,1,2
BRDA:660,105,0,6
BRDA:660,105,1,6
BRDA:663,106,0,4
BRDA:663,106,1,2
BRDA:663,107,0,6
BRDA:663,107,1,3
BRDA:672,108,0,73
BRDA:672,108,1,11
BRDA:675,109,0,1
BRDA:675,109,1,10
BRDA:678,110,0,1
BRDA:678,110,1,9
BRDA:693,111,0,35
BRDA:693,111,1,262
BRDA:706,112,0,0
BRDA:706,112,1,35
BRDA:707,113,0,0
BRDA:707,113,1,35
BRDA:712,114,0,35
BRDA:712,114,1,0
BRDA:718,115,0,35
BRDA:718,115,1,0
BRDA:739,116,0,10
BRDA:739,116,1,252
BRDA:740,117,0,13
BRDA:740,117,1,249
BRDA:745,118,0,262
BRDA:745,118,1,6
BRDA:751,119,0,262
BRDA:751,119,1,6
BRDA:770,120,0,4
BRDA:797,121,0,5
BRDA:828,122,0,4
BRF:228
BRH:195
end_of_record
TN:
SF:packages/@dsai/react/src/components/Input/Input.tsx
FN:19,(anonymous_1)
FN:83,Input
FN:130,(anonymous_3)
FN:150,(anonymous_4)
FN:157,(anonymous_5)
FN:165,(anonymous_6)
FN:172,(anonymous_7)
FN:179,(anonymous_8)
FN:192,(anonymous_9)
FN:197,(anonymous_10)
FN:198,(anonymous_11)
FN:200,(anonymous_12)
FN:204,(anonymous_13)
FN:214,(anonymous_14)
FNF:14
FNH:14
FNDA:105,(anonymous_1)
FNDA:161,Input
FNDA:38,(anonymous_3)
FNDA:36,(anonymous_4)
FNDA:15,(anonymous_5)
FNDA:4,(anonymous_6)
FNDA:2,(anonymous_7)
FNDA:105,(anonymous_8)
FNDA:105,(anonymous_9)
FNDA:105,(anonymous_10)
FNDA:105,(anonymous_11)
FNDA:142,(anonymous_12)
FNDA:107,(anonymous_13)
FNDA:105,(anonymous_14)
DA:1,2
DA:13,2
DA:14,2
DA:15,2
DA:19,2
DA:20,105
DA:22,1
DA:24,1
DA:26,103
DA:83,2
DA:112,161
DA:113,161
DA:118,161
DA:119,161
DA:120,161
DA:121,161
DA:124,161
DA:127,161
DA:131,38
DA:132,28
DA:134,10
DA:135,10
DA:136,10
DA:140,0
DA:144,0
DA:149,161
DA:151,36
DA:156,161
DA:158,15
DA:159,15
DA:164,161
DA:166,4
DA:167,4
DA:172,161
DA:173,2
DA:174,2
DA:178,161
DA:180,105
DA:191,161
DA:192,105
DA:197,161
DA:198,161
DA:199,161
DA:200,142
DA:203,161
DA:204,107
DA:209,161
DA:210,161
DA:213,161
DA:214,105
DA:219,161
DA:223,161
DA:246,161
DA:258,161
DA:265,161
DA:274,161
DA:275,3
DA:286,158
DA:287,11
DA:319,147
DA:329,2
DA:332,2
DA:333,2
LF:63
LH:61
BRDA:20,0,0,1
BRDA:20,0,1,1
BRDA:20,0,2,103
BRDA:85,1,0,152
BRDA:86,2,0,159
BRDA:89,3,0,152
BRDA:90,4,0,159
BRDA:93,5,0,153
BRDA:95,6,0,152
BRDA:96,7,0,158
BRDA:97,8,0,160
BRDA:102,9,0,155
BRDA:103,10,0,155
BRDA:104,11,0,158
BRDA:119,12,0,1
BRDA:119,12,1,160
BRDA:119,13,0,161
BRDA:119,13,1,161
BRDA:128,14,0,4
BRDA:128,14,1,157
BRDA:129,15,0,13
BRDA:129,15,1,148
BRDA:129,16,0,161
BRDA:129,16,1,161
BRDA:131,17,0,28
BRDA:131,17,1,10
BRDA:134,18,0,10
BRDA:134,18,1,0
BRDA:159,19,0,13
BRDA:159,19,1,2
BRDA:159,20,0,15
BRDA:159,20,1,15
BRDA:167,21,0,2
BRDA:167,21,1,2
BRDA:167,22,0,4
BRDA:167,22,1,4
BRDA:174,23,0,0
BRDA:174,23,1,2
BRDA:174,24,0,2
BRDA:174,24,1,2
BRDA:181,25,0,1
BRDA:181,25,1,104
BRDA:183,26,0,105
BRDA:183,26,1,9
BRDA:184,27,0,105
BRDA:184,27,1,2
BRDA:184,27,2,1
BRDA:192,28,0,105
BRDA:192,28,1,3
BRDA:200,29,0,142
BRDA:200,29,1,8
BRDA:200,29,2,5
BRDA:200,29,3,4
BRDA:204,30,0,107
BRDA:204,30,1,100
BRDA:204,30,2,99
BRDA:210,31,0,161
BRDA:210,31,1,9
BRDA:214,32,0,105
BRDA:214,32,1,9
BRDA:236,33,0,15
BRDA:236,33,1,146
BRDA:237,34,0,161
BRDA:237,34,1,152
BRDA:238,35,0,161
BRDA:238,35,1,152
BRDA:239,36,0,161
BRDA:239,36,1,155
BRDA:240,37,0,161
BRDA:240,37,1,111
BRDA:246,38,0,161
BRDA:246,38,1,146
BRDA:247,39,0,3
BRDA:247,39,1,143
BRDA:249,40,0,146
BRDA:249,40,1,6
BRDA:258,41,0,161
BRDA:258,41,1,9
BRDA:259,42,0,5
BRDA:259,42,1,4
BRDA:265,43,0,161
BRDA:265,43,1,9
BRDA:274,44,0,3
BRDA:274,44,1,158
BRDA:286,45,0,11
BRDA:286,45,1,147
BRDA:290,46,0,2
BRDA:290,46,1,9
BRDA:291,47,0,11
BRDA:291,47,1,7
BRDA:293,48,0,11
BRDA:293,48,1,3
BRDA:305,49,0,11
BRDA:305,49,1,4
BRDA:306,50,0,11
BRDA:306,50,1,2
BRDA:306,50,2,2
BRDA:312,51,0,11
BRDA:312,51,1,9
BRDA:320,52,0,147
BRDA:320,52,1,146
BRF:101
BRH:99
end_of_record
TN:
SF:packages/@dsai/react/src/components/ListGroup/ListGroup.tsx
FN:36,ListGroupItem
FN:77,(anonymous_1)
FN:86,(anonymous_2)
FN:228,ListGroup
FN:247,(anonymous_4)
FN:267,(anonymous_5)
FN:272,(anonymous_6)
FNF:7
FNH:7
FNDA:104,ListGroupItem
FNDA:4,(anonymous_1)
FNDA:2,(anonymous_2)
FNDA:61,ListGroup
FNDA:61,(anonymous_4)
FNDA:21,(anonymous_5)
FNDA:55,(anonymous_6)
DA:1,2
DA:3,2
DA:4,2
DA:5,2
DA:6,2
DA:36,2
DA:54,104
DA:55,104
DA:57,104
DA:58,98
DA:59,24
DA:60,74
DA:61,8
DA:66,104
DA:77,104
DA:78,4
DA:79,1
DA:80,1
DA:82,3
DA:86,104
DA:87,2
DA:88,0
DA:90,2
DA:91,2
DA:92,2
DA:98,104
DA:106,104
DA:115,104
DA:117,24
DA:118,24
DA:120,24
DA:138,80
DA:139,8
DA:158,72
DA:159,5
DA:177,67
DA:178,1
DA:187,66
DA:194,2
DA:227,2
DA:244,61
DA:247,61
DA:248,61
DA:249,59
DA:251,2
DA:252,1
DA:254,1
DA:258,61
DA:267,61
DA:268,21
DA:269,1
DA:272,55
DA:288,61
DA:303,2
LF:54
LH:53
BRDA:40,0,0,101
BRDA:41,1,0,100
BRDA:47,2,0,103
BRDA:54,3,0,104
BRDA:54,3,1,80
BRDA:55,4,0,6
BRDA:55,4,1,98
BRDA:55,5,0,104
BRDA:55,5,1,104
BRDA:57,6,0,98
BRDA:57,6,1,6
BRDA:58,7,0,24
BRDA:58,7,1,74
BRDA:60,8,0,8
BRDA:60,8,1,66
BRDA:68,9,0,104
BRDA:68,9,1,37
BRDA:69,10,0,104
BRDA:69,10,1,3
BRDA:70,11,0,104
BRDA:70,11,1,4
BRDA:71,12,0,104
BRDA:71,12,1,6
BRDA:72,13,0,104
BRDA:72,13,1,2
BRDA:78,14,0,1
BRDA:78,14,1,3
BRDA:82,15,0,0
BRDA:82,15,1,3
BRDA:82,16,0,3
BRDA:82,16,1,3
BRDA:87,17,0,0
BRDA:87,17,1,2
BRDA:90,18,0,2
BRDA:90,18,1,0
BRDA:90,19,0,2
BRDA:90,19,1,1
BRDA:92,20,0,0
BRDA:92,20,1,2
BRDA:92,21,0,2
BRDA:92,21,1,2
BRDA:99,22,0,104
BRDA:99,22,1,1
BRDA:100,23,0,2
BRDA:100,23,1,102
BRDA:101,24,0,104
BRDA:101,24,1,2
BRDA:109,25,0,3
BRDA:109,25,1,101
BRDA:110,26,0,104
BRDA:110,26,1,100
BRDA:115,27,0,24
BRDA:115,27,1,80
BRDA:117,28,0,15
BRDA:117,28,1,9
BRDA:124,29,0,0
BRDA:124,29,1,24
BRDA:125,30,0,0
BRDA:125,30,1,24
BRDA:126,31,0,0
BRDA:126,31,1,24
BRDA:127,32,0,8
BRDA:127,32,1,16
BRDA:138,33,0,8
BRDA:138,33,1,72
BRDA:158,34,0,5
BRDA:158,34,1,67
BRDA:158,35,0,72
BRDA:158,35,1,5
BRDA:166,36,0,1
BRDA:166,36,1,4
BRDA:166,37,0,0
BRDA:166,37,1,4
BRDA:166,38,0,4
BRDA:166,38,1,4
BRDA:177,39,0,1
BRDA:177,39,1,66
BRDA:232,40,0,59
BRDA:233,41,0,59
BRDA:234,42,0,60
BRDA:235,43,0,60
BRDA:244,44,0,2
BRDA:244,44,1,59
BRDA:244,45,0,61
BRDA:244,45,1,60
BRDA:248,46,0,59
BRDA:248,46,1,2
BRDA:251,47,0,1
BRDA:251,47,1,1
BRDA:260,48,0,61
BRDA:260,48,1,1
BRDA:261,49,0,61
BRDA:261,49,1,1
BRDA:268,50,0,1
BRDA:268,50,1,20
BRDA:268,51,0,21
BRDA:268,51,1,21
BRDA:274,52,0,55
BRDA:274,52,1,0
BRDA:274,53,0,55
BRDA:274,53,1,55
BRDA:297,54,0,21
BRDA:297,54,1,40
BRF:103
BRH:94
end_of_record
TN:
SF:packages/@dsai/react/src/components/Modal/Modal.fsm.ts
FN:81,createInitialModalFSMState
FN:126,modalFSMReducer
FN:230,getModalVisualState
FNF:3
FNH:3
FNDA:96,createInitialModalFSMState
FNDA:37,modalFSMReducer
FNDA:101,getModalVisualState
DA:81,4
DA:82,96
DA:84,88
DA:93,8
DA:126,4
DA:127,37
DA:129,8
DA:131,6
DA:141,2
DA:143,0
DA:147,8
DA:150,1
DA:153,2
DA:162,5
DA:170,0
DA:174,12
DA:178,4
DA:181,8
DA:189,0
DA:193,9
DA:196,2
DA:205,1
DA:208,6
DA:216,0
DA:220,0
DA:230,4
DA:231,101
LF:27
LH:22
BRDA:82,0,0,88
BRDA:82,0,1,8
BRDA:127,1,0,8
BRDA:127,1,1,8
BRDA:127,1,2,12
BRDA:127,1,3,9
BRDA:127,1,4,0
BRDA:129,2,0,6
BRDA:129,2,1,1
BRDA:129,2,2,2
BRDA:129,2,3,0
BRDA:147,3,0,1
BRDA:147,3,1,2
BRDA:147,3,2,5
BRDA:147,3,3,0
BRDA:174,4,0,2
BRDA:174,4,1,4
BRDA:174,4,2,8
BRDA:174,4,3,0
BRDA:193,5,0,2
BRDA:193,5,1,1
BRDA:193,5,2,6
BRDA:193,5,3,0
BRF:23
BRH:18
end_of_record
TN:
SF:packages/@dsai/react/src/components/Modal/Modal.tsx
FN:41,useModalContext
FN:53,ModalTitle
FN:62,(anonymous_11)
FN:78,ModalHeader
FN:93,(anonymous_13)
FN:118,(anonymous_14)
FN:133,ModalBody
FN:139,(anonymous_16)
FN:163,ModalFooter
FN:167,(anonymous_18)
FN:242,(anonymous_19)
FN:291,(anonymous_20)
FN:303,(anonymous_21)
FN:313,(anonymous_22)
FN:315,(anonymous_23)
FN:319,(anonymous_24)
FN:329,(anonymous_25)
FN:332,(anonymous_26)
FN:339,(anonymous_27)
FN:360,(anonymous_28)
FN:365,(anonymous_29)
FN:373,(anonymous_30)
FN:378,(anonymous_31)
FN:387,(anonymous_32)
FN:402,(anonymous_33)
FN:415,(anonymous_34)
FN:434,(anonymous_35)
FN:457,(anonymous_36)
FN:460,(anonymous_37)
FN:464,(anonymous_38)
FN:467,(anonymous_39)
FN:476,(anonymous_40)
FN:479,(anonymous_41)
FN:482,(anonymous_42)
FN:489,(anonymous_43)
FN:494,(anonymous_44)
FN:514,(anonymous_45)
FN:524,(anonymous_46)
FN:532,(anonymous_47)
FNF:39
FNH:33
FNDA:180,useModalContext
FNDA:2,ModalTitle
FNDA:2,(anonymous_11)
FNDA:89,ModalHeader
FNDA:85,(anonymous_13)
FNDA:3,(anonymous_14)
FNDA:89,ModalBody
FNDA:85,(anonymous_16)
FNDA:8,ModalFooter
FNDA:8,(anonymous_18)
FNDA:106,(anonymous_19)
FNDA:86,(anonymous_20)
FNDA:98,(anonymous_21)
FNDA:0,(anonymous_22)
FNDA:0,(anonymous_23)
FNDA:0,(anonymous_24)
FNDA:0,(anonymous_25)
FNDA:0,(anonymous_26)
FNDA:104,(anonymous_27)
FNDA:104,(anonymous_28)
FNDA:4,(anonymous_29)
FNDA:87,(anonymous_30)
FNDA:8,(anonymous_31)
FNDA:1,(anonymous_32)
FNDA:1,(anonymous_33)
FNDA:0,(anonymous_34)
FNDA:98,(anonymous_35)
FNDA:2,(anonymous_36)
FNDA:2,(anonymous_37)
FNDA:4,(anonymous_38)
FNDA:4,(anonymous_39)
FNDA:98,(anonymous_40)
FNDA:82,(anonymous_41)
FNDA:82,(anonymous_42)
FNDA:92,(anonymous_43)
FNDA:86,(anonymous_44)
FNDA:92,(anonymous_45)
FNDA:86,(anonymous_46)
FNDA:92,(anonymous_47)
DA:1,3
DA:13,3
DA:15,3
DA:16,3
DA:17,3
DA:18,3
DA:20,3
DA:35,3
DA:42,180
DA:43,180
DA:44,0
DA:46,180
DA:53,3
DA:59,2
DA:60,2
DA:62,2
DA:64,2
DA:71,3
DA:77,3
DA:90,89
DA:91,89
DA:93,89
DA:96,89
DA:98,89
DA:118,3
DA:126,3
DA:132,3
DA:137,89
DA:139,89
DA:141,89
DA:156,3
DA:162,3
DA:167,8
DA:169,8
DA:183,3
DA:241,3
DA:273,106
DA:274,106
DA:275,106
DA:278,106
DA:279,106
DA:282,106
DA:291,106
DA:296,106
DA:303,106
DA:304,98
DA:306,94
DA:309,4
DA:313,0
DA:315,0
DA:316,0
DA:319,0
DA:320,0
DA:321,0
DA:322,0
DA:328,4
DA:329,0
DA:330,0
DA:332,0
DA:335,4
DA:339,106
DA:340,104
DA:341,2
DA:342,102
DA:343,4
DA:348,106
DA:357,106
DA:360,106
DA:361,104
DA:362,17
DA:365,87
DA:366,4
DA:367,3
DA:368,3
DA:372,87
DA:373,87
DA:377,106
DA:380,8
DA:381,4
DA:384,4
DA:386,2
DA:387,2
DA:388,1
DA:390,2
DA:393,2
DA:394,1
DA:401,106
DA:405,1
DA:406,0
DA:407,0
DA:414,106
DA:417,0
DA:418,0
DA:421,0
DA:423,0
DA:424,0
DA:425,0
DA:426,0
DA:433,106
DA:434,106
DA:435,98
DA:436,98
DA:437,98
DA:439,98
DA:440,4
DA:444,94
DA:445,2
DA:446,2
DA:450,92
DA:451,4
DA:452,4
DA:456,88
DA:457,2
DA:458,2
DA:460,2
DA:463,86
DA:464,4
DA:465,4
DA:467,4
DA:470,82
DA:475,106
DA:476,106
DA:477,98
DA:478,82
DA:479,82
DA:480,82
DA:482,82
DA:484,16
DA:488,106
DA:489,92
DA:494,106
DA:496,86
DA:504,86
DA:513,106
DA:514,92
DA:523,106
DA:524,86
DA:531,106
DA:532,92
DA:542,106
DA:543,9
DA:547,97
DA:549,97
DA:550,0
DA:554,97
DA:590,97
DA:594,3
DA:604,3
DA:605,3
DA:606,3
DA:607,3
DA:608,3
LF:152
LH:131
BRDA:43,0,0,0
BRDA:43,0,1,180
BRDA:55,1,0,1
BRDA:56,2,0,2
BRDA:60,3,0,2
BRDA:60,3,1,2
BRDA:81,4,0,87
BRDA:83,5,0,88
BRDA:91,6,0,89
BRDA:91,6,1,89
BRDA:106,7,0,87
BRDA:106,7,1,2
BRDA:113,8,0,89
BRDA:113,8,1,87
BRDA:118,9,0,0
BRDA:118,9,1,3
BRDA:118,10,0,3
BRDA:118,10,1,3
BRDA:134,11,0,88
BRDA:164,12,0,7
BRDA:247,13,0,98
BRDA:248,14,0,105
BRDA:249,15,0,104
BRDA:250,16,0,104
BRDA:251,17,0,105
BRDA:252,18,0,104
BRDA:253,19,0,105
BRDA:254,20,0,104
BRDA:262,21,0,103
BRDA:263,22,0,1
BRDA:264,23,0,104
BRDA:274,24,0,106
BRDA:274,24,1,104
BRDA:275,25,0,106
BRDA:275,25,1,105
BRDA:291,26,0,86
BRDA:291,26,1,83
BRDA:296,27,0,4
BRDA:296,27,1,102
BRDA:297,28,0,1
BRDA:297,28,1,3
BRDA:297,29,0,4
BRDA:297,29,1,4
BRDA:300,30,0,102
BRDA:300,30,1,100
BRDA:304,31,0,94
BRDA:304,31,1,4
BRDA:309,32,0,0
BRDA:309,32,1,4
BRDA:309,33,0,4
BRDA:309,33,1,0
BRDA:321,34,0,0
BRDA:321,34,1,0
BRDA:328,35,0,0
BRDA:328,35,1,4
BRDA:328,36,0,4
BRDA:328,36,1,1
BRDA:340,37,0,2
BRDA:340,37,1,102
BRDA:340,38,0,104
BRDA:340,38,1,89
BRDA:342,39,0,4
BRDA:342,39,1,98
BRDA:342,40,0,102
BRDA:342,40,1,15
BRDA:342,40,2,11
BRDA:361,41,0,17
BRDA:361,41,1,87
BRDA:361,42,0,104
BRDA:361,42,1,102
BRDA:366,43,0,3
BRDA:366,43,1,1
BRDA:380,44,0,4
BRDA:380,44,1,4
BRDA:384,45,0,2
BRDA:384,45,1,2
BRDA:386,46,0,0
BRDA:386,46,1,2
BRDA:386,47,0,2
BRDA:386,47,1,2
BRDA:388,48,0,0
BRDA:388,48,1,1
BRDA:388,49,0,1
BRDA:388,49,1,1
BRDA:393,50,0,1
BRDA:393,50,1,1
BRDA:405,51,0,0
BRDA:405,51,1,1
BRDA:405,52,0,1
BRDA:405,52,1,0
BRDA:405,52,2,0
BRDA:417,53,0,0
BRDA:417,53,1,0
BRDA:417,54,0,0
BRDA:417,54,1,0
BRDA:423,55,0,0
BRDA:423,55,1,0
BRDA:424,56,0,0
BRDA:424,56,1,0
BRDA:424,57,0,0
BRDA:424,57,1,0
BRDA:425,58,0,0
BRDA:425,58,1,0
BRDA:426,59,0,0
BRDA:426,59,1,0
BRDA:426,60,0,0
BRDA:426,60,1,0
BRDA:439,61,0,4
BRDA:439,61,1,94
BRDA:444,62,0,2
BRDA:444,62,1,92
BRDA:450,63,0,4
BRDA:450,63,1,88
BRDA:456,64,0,2
BRDA:456,64,1,86
BRDA:456,65,0,88
BRDA:456,65,1,2
BRDA:458,66,0,2
BRDA:458,66,1,0
BRDA:458,67,0,2
BRDA:458,67,1,2
BRDA:463,68,0,4
BRDA:463,68,1,82
BRDA:463,69,0,86
BRDA:463,69,1,4
BRDA:465,70,0,2
BRDA:465,70,1,2
BRDA:465,71,0,4
BRDA:465,71,1,4
BRDA:477,72,0,82
BRDA:477,72,1,16
BRDA:477,73,0,98
BRDA:477,73,1,94
BRDA:477,73,2,82
BRDA:480,74,0,80
BRDA:480,74,1,2
BRDA:480,75,0,82
BRDA:480,75,1,82
BRDA:489,76,0,92
BRDA:489,76,1,4
BRDA:489,77,0,92
BRDA:489,77,1,85
BRDA:496,78,0,3
BRDA:496,78,1,83
BRDA:497,79,0,2
BRDA:497,79,1,1
BRDA:500,80,0,4
BRDA:500,80,1,79
BRDA:507,81,0,86
BRDA:507,81,1,2
BRDA:508,82,0,86
BRDA:508,82,1,2
BRDA:515,83,0,85
BRDA:515,83,1,7
BRDA:542,84,0,9
BRDA:542,84,1,97
BRDA:547,85,0,97
BRDA:547,85,1,97
BRDA:547,86,0,97
BRDA:547,86,1,0
BRDA:549,87,0,0
BRDA:549,87,1,97
BRDA:556,88,0,97
BRDA:556,88,1,96
BRDA:558,89,0,92
BRDA:558,89,1,4
BRDA:578,90,0,3
BRDA:578,90,1,94
BRF:168
BRH:137
end_of_record
TN:
SF:packages/@dsai/react/src/components/Navbar/Navbar.fsm.ts
FN:18,createInitialNavbarFSMState
FN:36,navbarFSMReducer
FN:93,getNavbarVisualState
FN:103,isNavbarExpanded
FN:113,isNavbarAnimating
FNF:5
FNH:5
FNDA:225,createInitialNavbarFSMState
FNDA:130,navbarFSMReducer
FNDA:319,getNavbarVisualState
FNDA:572,isNavbarExpanded
FNDA:4,isNavbarAnimating
DA:18,4
DA:19,225
DA:36,4
DA:37,130
DA:39,22
DA:40,15
DA:42,7
DA:43,3
DA:46,4
DA:50,6
DA:51,3
DA:53,3
DA:57,6
DA:58,4
DA:60,2
DA:64,10
DA:65,4
DA:67,6
DA:68,4
DA:70,2
DA:74,85
DA:75,85
DA:76,78
DA:79,7
DA:83,1
DA:93,4
DA:94,319
DA:103,4
DA:104,572
DA:113,4
DA:114,4
LF:31
LH:31
BRDA:20,0,0,74
BRDA:20,0,1,151
BRDA:37,1,0,22
BRDA:37,1,1,6
BRDA:37,1,2,6
BRDA:37,1,3,10
BRDA:37,1,4,85
BRDA:37,1,5,1
BRDA:39,2,0,15
BRDA:39,2,1,7
BRDA:42,3,0,3
BRDA:42,3,1,4
BRDA:50,4,0,3
BRDA:50,4,1,3
BRDA:50,5,0,6
BRDA:50,5,1,5
BRDA:57,6,0,4
BRDA:57,6,1,2
BRDA:57,7,0,6
BRDA:57,7,1,4
BRDA:64,8,0,4
BRDA:64,8,1,6
BRDA:67,9,0,4
BRDA:67,9,1,2
BRDA:74,10,0,73
BRDA:74,10,1,12
BRDA:75,11,0,78
BRDA:75,11,1,7
BRDA:104,12,0,572
BRDA:104,12,1,353
BRDA:114,13,0,4
BRDA:114,13,1,3
BRF:32
BRH:32
end_of_record
TN:
SF:packages/@dsai/react/src/components/Navbar/Navbar.tsx
FN:58,useNavbarContext
FN:103,(anonymous_1)
FN:144,(anonymous_2)
FN:151,(anonymous_3)
FN:154,(anonymous_4)
FN:157,(anonymous_5)
FN:163,(anonymous_6)
FN:175,(anonymous_7)
FN:184,(anonymous_8)
FN:193,(anonymous_9)
FN:199,(anonymous_10)
FN:214,(anonymous_11)
FN:224,(anonymous_12)
FN:251,(anonymous_13)
FN:272,(anonymous_14)
FN:329,(anonymous_15)
FN:348,(anonymous_16)
FN:351,(anonymous_17)
FN:435,(anonymous_18)
FN:456,(anonymous_19)
FN:464,(anonymous_20)
FN:507,(anonymous_21)
FN:515,(anonymous_22)
FN:560,(anonymous_23)
FN:580,(anonymous_24)
FN:593,(anonymous_25)
FN:630,(anonymous_26)
FN:640,(anonymous_27)
FN:646,(anonymous_28)
FN:651,(anonymous_29)
FN:658,(anonymous_30)
FN:663,(anonymous_31)
FN:674,(anonymous_32)
FN:675,(anonymous_33)
FN:725,(anonymous_34)
FN:739,(anonymous_35)
FN:777,(anonymous_36)
FN:800,(anonymous_37)
FN:805,(anonymous_38)
FN:817,(anonymous_39)
FN:870,(anonymous_40)
FN:875,(anonymous_41)
FN:913,(anonymous_42)
FN:914,(anonymous_43)
FN:915,(anonymous_44)
FN:916,(anonymous_45)
FN:917,(anonymous_46)
FNF:47
FNH:40
FNDA:520,useNavbarContext
FNDA:315,(anonymous_1)
FNDA:221,(anonymous_2)
FNDA:235,(anonymous_3)
FNDA:3,(anonymous_4)
FNDA:13,(anonymous_5)
FNDA:16,(anonymous_6)
[...]
BRDA:370,37,0,8
BRDA:371,38,0,7
BRDA:383,39,0,6
BRDA:383,39,1,2
BRDA:383,40,0,8
BRDA:383,40,1,8
BRDA:383,41,0,1
BRDA:383,41,1,1
BRDA:383,42,0,2
BRDA:383,42,1,2
BRDA:385,43,0,1
BRDA:385,43,1,7
BRDA:404,44,0,1
BRDA:404,44,1,6
BRDA:426,45,0,2
BRDA:426,45,1,6
BRDA:428,46,0,1
BRDA:428,46,1,1
BRDA:460,47,0,6
BRDA:460,47,1,6
BRDA:465,48,0,0
BRDA:465,48,1,6
BRDA:478,49,0,0
BRDA:478,49,1,6
BRDA:496,50,0,0
BRDA:496,50,1,0
BRDA:496,51,0,0
BRDA:496,51,1,0
BRDA:501,52,0,0
BRDA:501,52,1,0
BRDA:502,53,0,0
BRDA:502,53,1,0
BRDA:502,54,0,0
BRDA:502,54,1,0
BRDA:506,55,0,0
BRDA:506,55,1,0
BRDA:506,56,0,0
BRDA:506,56,1,0
BRDA:506,57,0,0
BRDA:506,57,1,0
BRDA:514,58,0,0
BRDA:514,58,1,0
BRDA:514,59,0,0
BRDA:514,59,1,0
BRDA:516,60,0,0
BRDA:516,60,1,0
BRDA:534,61,0,0
BRDA:542,62,0,0
BRDA:542,62,1,0
BRDA:542,63,0,0
BRDA:542,63,1,0
BRDA:556,64,0,0
BRDA:556,64,1,0
BRDA:561,65,0,0
BRDA:561,65,1,0
BRDA:567,66,0,0
BRDA:567,66,1,0
BRF:130
BRH:83
end_of_record
TN:
SF:packages/@dsai/tools/src/tokens/validate.ts
FN:70,isValidColor
FN:119,isValidDimension
FN:173,validateSingleToken
FN:240,validateTypedValue
FN:293,isValidFontWeight
FN:318,validateCollection
FN:345,validateFile
FN:372,findJsonFiles
FN:415,validateTokens
FN:416,(anonymous_16)
FN:498,validateTokensCLI
FN:499,(anonymous_18)
FN:520,logInfo
FN:524,logDebug
FN:528,logSuccess
FN:532,logWarn
FN:536,logError
FNF:17
FNH:10
FNDA:11,isValidColor
FNDA:15,isValidDimension
FNDA:163,validateSingleToken
FNDA:30,validateTypedValue
FNDA:1,isValidFontWeight
FNDA:91,validateCollection
FNDA:44,validateFile
FNDA:40,findJsonFiles
FNDA:40,validateTokens
FNDA:40,(anonymous_16)
FNDA:0,validateTokensCLI
FNDA:0,(anonymous_18)
FNDA:0,logInfo
FNDA:0,logDebug
FNDA:0,logSuccess
FNDA:0,logWarn
FNDA:0,logError
DA:11,2
DA:12,2
DA:14,2
DA:39,2
DA:42,2
DA:45,2
DA:48,2
DA:72,11
DA:73,6
DA:76,5
DA:77,0
DA:80,5
DA:81,0
DA:84,5
DA:85,3
DA:88,2
DA:89,0
DA:91,2
DA:99,2
DA:121,15
DA:122,0
DA:125,15
DA:126,1
DA:129,14
DA:130,14
DA:131,0
DA:134,14
DA:135,14
DA:136,14
DA:137,0
DA:139,14
DA:140,14
DA:141,14
DA:142,33
DA:143,33
DA:144,19
DA:145,19
DA:146,14
DA:147,0
DA:148,0
DA:150,14
DA:153,14
DA:154,2
DA:157,12
DA:159,12
DA:160,0
DA:163,12
DA:179,163
DA:180,163
DA:181,163
DA:184,163
DA:185,1
DA:194,163
DA:195,1
DA:200,1
DA:204,162
DA:205,2
DA:214,162
DA:215,128
DA:221,34
DA:222,1
DA:232,162
DA:233,30
DA:246,30
DA:248,11
DA:249,2
DA:257,11
DA:260,15
DA:261,2
DA:269,15
DA:272,1
DA:273,1
DA:281,1
DA:286,3
DA:295,1
DA:296,1
DA:297,0
DA:300,1
DA:301,1
DA:302,0
DA:305,1
DA:306,0
DA:308,1
DA:325,91
DA:327,243
DA:328,30
DA:331,213
DA:333,213
DA:334,163
DA:335,163
DA:336,50
DA:337,49
DA:350,44
DA:351,44
DA:352,44
DA:353,42
DA:355,42
DA:357,42
DA:359,2
DA:360,2
DA:365,2
DA:373,40
DA:374,0
DA:377,40
DA:378,40
DA:379,45
DA:380,45
DA:382,45
DA:383,1
DA:384,44
DA:385,44
DA:389,40
DA:415,2
DA:416,40
DA:419,40
DA:420,40
DA:422,40
DA:423,40
DA:424,40
DA:425,40
DA:428,40
DA:430,40
DA:431,1
DA:448,39
DA:450,39
DA:451,0
DA:455,39
DA:456,44
DA:457,44
DA:459,44
DA:460,0
DA:463,44
DA:464,44
DA:468,39
DA:471,39
DA:472,0
DA:473,0
DA:474,0
DA:475,0
DA:478,0
DA:482,39
DA:498,2
DA:499,0
DA:502,0
DA:504,0
DA:505,0
DA:506,0
DA:508,0
DA:511,0
DA:512,0
DA:521,0
DA:525,0
DA:529,0
DA:533,0
DA:537,0
LF:155
LH:122
BRDA:72,0,0,6
BRDA:72,0,1,5
BRDA:76,1,0,0
BRDA:76,1,1,5
BRDA:80,2,0,0
BRDA:80,2,1,5
BRDA:84,3,0,3
BRDA:84,3,1,2
BRDA:88,4,0,0
BRDA:88,4,1,2
BRDA:121,5,0,0
BRDA:121,5,1,15
BRDA:125,6,0,1
BRDA:125,6,1,14
BRDA:130,7,0,0
BRDA:130,7,1,14
BRDA:136,8,0,0
BRDA:136,8,1,14
BRDA:136,9,0,14
BRDA:136,9,1,14
BRDA:143,10,0,19
BRDA:143,10,1,14
BRDA:143,11,0,33
BRDA:143,11,1,33
BRDA:146,12,0,0
BRDA:146,12,1,14
BRDA:146,13,0,14
BRDA:146,13,1,0
BRDA:153,14,0,2
BRDA:153,14,1,12
BRDA:159,15,0,0
BRDA:159,15,1,12
BRDA:184,16,0,1
BRDA:184,16,1,162
BRDA:194,17,0,1
BRDA:194,17,1,162
BRDA:194,18,0,163
BRDA:194,18,1,163
BRDA:204,19,0,2
BRDA:204,19,1,160
BRDA:214,20,0,128
BRDA:214,20,1,34
BRDA:221,21,0,1
BRDA:221,21,1,33
BRDA:232,22,0,30
BRDA:232,22,1,132
BRDA:232,23,0,162
BRDA:232,23,1,34
BRDA:246,24,0,11
BRDA:246,24,1,15
BRDA:246,24,2,1
BRDA:246,24,3,3
BRDA:248,25,0,2
BRDA:248,25,1,9
BRDA:260,26,0,2
BRDA:260,26,1,13
BRDA:272,27,0,1
BRDA:272,27,1,0
BRDA:296,28,0,0
BRDA:296,28,1,1
BRDA:296,29,0,1
BRDA:296,29,1,0
BRDA:296,29,2,0
BRDA:301,30,0,0
BRDA:301,30,1,1
BRDA:305,31,0,0
BRDA:305,31,1,1
BRDA:327,32,0,30
BRDA:327,32,1,213
BRDA:331,33,0,152
BRDA:331,33,1,61
BRDA:333,34,0,163
BRDA:333,34,1,50
BRDA:336,35,0,49
BRDA:336,35,1,1
BRDA:336,36,0,50
BRDA:336,36,1,49
BRDA:359,37,0,2
BRDA:359,37,1,0
BRDA:372,38,0,39
BRDA:373,39,0,0
BRDA:373,39,1,40
BRDA:382,40,0,1
BRDA:382,40,1,44
BRDA:384,41,0,44
BRDA:384,41,1,0
BRDA:417,42,0,0
BRDA:420,43,0,33
BRDA:420,44,0,0
BRDA:420,45,0,38
BRDA:428,46,0,0
BRDA:428,46,1,40
BRDA:428,47,0,40
BRDA:428,47,1,40
BRDA:430,48,0,1
BRDA:430,48,1,39
BRDA:450,49,0,0
BRDA:450,49,1,39
BRDA:459,50,0,0
BRDA:459,50,1,44
BRDA:468,51,0,2
BRDA:468,51,1,37
BRDA:468,52,0,2
BRDA:468,52,1,2
BRDA:471,53,0,0
BRDA:471,53,1,39
BRDA:472,54,0,0
BRDA:472,54,1,0
BRDA:474,55,0,0
BRDA:474,55,1,0
BRDA:500,56,0,0
BRDA:504,57,0,0
BRDA:504,57,1,0
BRF:113
BRH:82
end_of_record
TN:
SF:packages/@dsai/tools/src/tokens/merge/bundler.ts
FN:24,removeSourceComments
FN:32,minifyContent
FN:52,detectExtension
FN:60,generateSourcemap
FN:94,createBundle
FN:158,createBundles
FN:172,(anonymous_25)
FN:188,(anonymous_26)
FN:211,createBundleFromFiles
FN:218,(anonymous_29)
FNF:10
FNH:10
FNDA:13,removeSourceComments
FNDA:2,minifyContent
FNDA:18,detectExtension
FNDA:2,generateSourcemap
FNDA:18,createBundle
FNDA:4,createBundles
FNDA:1,(anonymous_25)
FNDA:1,(anonymous_26)
FNDA:2,createBundleFromFiles
FNDA:2,(anonymous_29)
DA:10,2
DA:11,2
DA:13,2
DA:14,2
DA:25,13
DA:33,2
DA:53,18
DA:54,18
DA:61,2
DA:69,2
DA:94,2
DA:98,18
DA:100,18
DA:103,18
DA:104,13
DA:109,18
DA:110,2
DA:111,2
DA:112,2
DA:116,18
DA:117,18
DA:120,18
DA:123,18
DA:127,18
DA:128,2
DA:129,2
DA:130,2
DA:133,2
DA:134,2
DA:135,2
DA:138,18
DA:158,2
DA:165,4
DA:166,4
DA:169,4
DA:170,4
DA:171,3
DA:172,1
DA:176,3
DA:178,3
DA:185,4
DA:186,4
DA:187,2
DA:188,1
DA:192,2
DA:194,2
DA:200,4
DA:211,2
DA:216,2
DA:217,2
DA:218,2
DA:224,2
DA:226,2
LF:53
LH:53
BRDA:54,0,0,4
BRDA:54,0,1,14
BRDA:103,1,0,13
BRDA:103,1,1,5
BRDA:109,2,0,2
BRDA:109,2,1,16
BRDA:127,3,0,2
BRDA:127,3,1,16
BRDA:165,4,0,1
BRDA:170,5,0,3
BRDA:170,5,1,1
BRDA:170,6,0,4
BRDA:170,6,1,1
BRDA:186,7,0,2
BRDA:186,7,1,2
BRDA:186,8,0,4
BRDA:186,8,1,2
BRF:17
BRH:17
end_of_record
TN:
SF:packages/@dsai/tools/src/tokens/merge/merger.ts
FN:21,generateHeaderComment
FN:40,generateSourceComment
FN:51,detectMergeIssues
FN:105,mergeContent
FN:106,(anonymous_20)
FN:161,loadContent
FN:192,processScssImportHeader
FN:226,addScssImportHeader
FNF:8
FNH:8
FNDA:13,generateHeaderComment
FNDA:22,generateSourceComment
FNDA:13,detectMergeIssues
FNDA:13,mergeContent
FNDA:13,(anonymous_20)
FNDA:10,loadContent
FNDA:7,processScssImportHeader
FNDA:2,addScssImportHeader
DA:9,2
DA:10,2
DA:22,13
DA:23,13
DA:34,13
DA:41,22
DA:52,13
DA:55,13
DA:56,13
DA:57,13
DA:58,5
DA:64,13
DA:65,13
DA:66,13
DA:67,0
DA:73,13
DA:75,2
DA:76,2
DA:77,0
DA:81,13
DA:105,2
DA:106,13
DA:110,13
DA:112,13
DA:113,13
DA:114,13
DA:117,13
DA:120,13
DA:122,1
DA:123,1
DA:124,1
DA:125,1
DA:128,1
DA:129,1
DA:132,12
DA:133,12
DA:135,12
DA:136,8
DA:137,8
DA:138,8
DA:143,13
DA:144,13
DA:146,13
DA:161,2
DA:166,10
DA:168,10
DA:169,8
DA:170,8
DA:171,7
DA:178,1
DA:182,10
DA:192,2
DA:196,7
DA:197,2
DA:200,5
DA:201,5
DA:203,5
DA:205,6
DA:207,2
DA:208,2
DA:211,4
DA:215,5
DA:226,2
DA:231,2
DA:232,2
DA:233,1
DA:236,1
LF:67
LH:65
BRDA:56,0,0,7
BRDA:56,0,1,6
BRDA:57,1,0,5
BRDA:57,1,1,8
BRDA:64,2,0,7
BRDA:64,2,1,6
BRDA:64,3,0,13
BRDA:64,3,1,7
BRDA:66,4,0,0
BRDA:66,4,1,13
BRDA:73,5,0,2
BRDA:73,5,1,11
BRDA:76,6,0,0
BRDA:76,6,1,2
BRDA:108,7,0,11
BRDA:110,8,0,11
BRDA:120,9,0,1
BRDA:120,9,1,12
BRDA:196,10,0,2
BRDA:196,10,1,5
BRDA:200,11,0,1
BRDA:200,11,1,4
BRDA:205,12,0,2
BRDA:205,12,1,4
BRDA:205,13,0,6
BRDA:205,13,1,5
BRDA:232,14,0,1
BRDA:232,14,1,1
BRF:28
BRH:26
end_of_record
TN:
SF:packages/@dsai/tools/src/tokens/merge/scanner.ts
FN:39,globToRegex
FN:52,matchesIgnorePattern
FN:70,scanDirectory
FN:151,scanDirectories
FN:196,(anonymous_22)
FN:214,sortFiles
FN:221,(anonymous_24)
FN:223,(anonymous_25)
FN:246,filterFiles
FN:251,(anonymous_27)
FN:260,getDefaultIgnorePatterns
FNF:11
FNH:11
FNDA:77,globToRegex
FNDA:19,matchesIgnorePattern
FNDA:9,scanDirectory
FNDA:6,scanDirectories
FNDA:8,(anonymous_22)
FNDA:13,sortFiles
FNDA:5,(anonymous_24)
FNDA:3,(anonymous_25)
FNDA:3,filterFiles
FNDA:8,(anonymous_27)
FNDA:5,getDefaultIgnorePatterns
DA:10,2
DA:11,2
DA:22,2
DA:40,77
DA:46,77
DA:53,19
DA:54,77
DA:55,77
DA:56,4
DA:59,73
DA:60,73
DA:61,1
DA:64,14
DA:79,9
DA:81,9
DA:82,1
DA:85,8
DA:86,8
DA:88,8
DA:89,11
DA:90,11
DA:93,11
DA:94,0
DA:97,11
DA:99,3
DA:108,3
DA:109,8
DA:111,8
DA:112,8
DA:125,0
DA:128,8
DA:151,2
DA:158,6
DA:160,6
DA:161,6
DA:162,6
DA:164,6
DA:165,6
DA:168,6
DA:169,6
DA:170,6
DA:171,0
DA:172,0
DA:175,0
DA:176,0
DA:179,6
DA:182,6
DA:192,6
DA:196,8
DA:198,6
DA:214,2
DA:218,13
DA:220,13
DA:221,12
DA:222,1
DA:223,1
DA:225,3
DA:226,3
DA:227,3
DA:228,2
DA:231,1
DA:235,13
DA:246,2
DA:251,3
DA:252,8
DA:253,8
DA:260,2
DA:261,5
LF:68
LH:62
BRDA:55,0,0,4
BRDA:55,0,1,73
BRDA:60,1,0,1
BRDA:60,1,1,72
BRDA:81,2,0,1
BRDA:81,2,1,8
BRDA:93,3,0,0
BRDA:93,3,1,11
BRDA:97,4,0,3
BRDA:97,4,1,8
BRDA:97,5,0,11
BRDA:97,5,1,8
BRDA:97,5,2,0
BRDA:109,6,0,8
BRDA:109,6,1,0
BRDA:109,7,0,8
BRDA:109,7,1,8
BRDA:155,8,0,5
BRDA:156,9,0,6
BRDA:157,10,0,5
BRDA:170,11,0,0
BRDA:170,11,1,6
BRDA:216,12,0,12
BRDA:220,13,0,12
BRDA:220,13,1,1
BRDA:222,14,0,1
BRDA:222,14,1,0
BRDA:227,15,0,2
BRDA:227,15,1,1
BRDA:249,16,0,2
BRDA:253,17,0,3
BRDA:253,17,1,5
BRF:32
BRH:27
end_of_record
TN:
SF:packages/@dsai/tools/src/tokens/output/resolver.ts
FN:44,replacePlaceholders
FN:86,resolveOutputPath
FN:111,resolveAllOutputPaths
FN:135,validateOutputPaths
FN:169,ensureOutputDirs
FN:190,createOutputConfig
FNF:6
FNH:6
FNDA:28,replacePlaceholders
FNDA:19,resolveOutputPath
FNDA:4,resolveAllOutputPaths
FNDA:5,validateOutputPaths
FNDA:4,ensureOutputDirs
FNDA:5,createOutputConfig
DA:10,1
DA:11,1
DA:23,1
DA:44,1
DA:45,28
DA:47,28
DA:55,28
DA:56,28
DA:57,140
DA:60,28
DA:86,1
DA:92,19
DA:95,19
DA:98,19
DA:100,19
DA:111,1
DA:116,4
DA:118,4
DA:119,8
DA:122,4
DA:135,1
DA:139,5
DA:140,5
DA:142,5
DA:143,11
DA:144,11
DA:146,11
DA:147,4
DA:149,7
DA:153,5
DA:169,1
DA:170,4
DA:171,4
DA:172,6
DA:175,4
DA:176,4
DA:177,5
DA:178,5
DA:181,4
DA:190,1
DA:195,5
LF:41
LH:41
BRDA:48,0,0,5
BRDA:48,0,1,23
BRDA:48,1,0,28
BRDA:48,1,1,28
BRDA:49,2,0,2
BRDA:49,2,1,26
BRDA:49,3,0,28
BRDA:49,3,1,28
BRDA:50,4,0,2
BRDA:50,4,1,26
BRDA:50,5,0,28
BRDA:50,5,1,28
BRDA:51,6,0,28
BRDA:51,6,1,0
BRDA:51,7,0,28
BRDA:51,7,1,28
BRDA:51,8,0,1
BRDA:51,8,1,27
BRDA:51,9,0,28
BRDA:51,9,1,28
BRDA:52,10,0,1
BRDA:52,10,1,27
BRDA:52,11,0,28
BRDA:52,11,1,28
BRDA:89,12,0,10
BRDA:92,13,0,3
BRDA:92,13,1,16
BRDA:92,14,0,19
BRDA:92,14,1,19
BRDA:95,15,0,4
BRDA:95,15,1,15
BRDA:95,16,0,19
BRDA:95,16,1,19
BRDA:114,17,0,3
BRDA:146,18,0,4
BRDA:146,18,1,7
BRDA:196,19,0,2
BRDA:196,19,1,3
BRDA:196,20,0,5
BRDA:196,20,1,5
BRDA:197,21,0,2
BRDA:197,21,1,3
BRDA:197,22,0,5
BRDA:197,22,1,5
BRDA:198,23,0,2
BRDA:198,23,1,3
BRDA:198,24,0,5
BRDA:198,24,1,5
BRF:48
BRH:47
end_of_record
TN:
SF:packages/@dsai/tools/src/tokens/style-dictionary/config.ts
FN:65,createStyleDictionaryConfig
FN:224,registerAll
FN:260,setupStyleDictionary
FNF:3
FNH:1
FNDA:14,createStyleDictionaryConfig
FNDA:0,registerAll
FNDA:0,setupStyleDictionary
DA:10,1
DA:11,1
DA:12,1
DA:13,1
DA:26,1
DA:38,1
DA:65,1
DA:77,14
DA:79,14
DA:91,14
DA:93,14
DA:96,14
DA:97,14
DA:114,14
DA:115,14
DA:134,14
DA:135,13
DA:153,14
DA:154,13
DA:171,14
DA:172,13
DA:189,14
DA:190,13
DA:200,14
DA:201,14
DA:224,1
DA:228,0
DA:231,0
DA:232,0
DA:233,0
DA:234,0
DA:260,1
DA:265,0
DA:266,0
LF:34
LH:27
BRDA:67,0,0,10
BRDA:70,1,0,13
BRDA:71,2,0,13
BRDA:72,3,0,13
BRDA:73,4,0,14
BRDA:73,5,0,14
BRDA:73,5,1,0
BRDA:73,6,0,14
BRDA:73,6,1,14
BRDA:74,7,0,14
BRDA:74,8,0,14
BRDA:74,8,1,0
BRDA:74,9,0,14
BRDA:74,9,1,14
BRDA:75,10,0,13
BRDA:76,11,0,14
BRDA:76,12,0,14
BRDA:76,12,1,0
BRDA:76,13,0,14
BRDA:76,13,1,14
BRDA:81,14,0,0
BRDA:81,14,1,14
BRDA:91,15,0,1
BRDA:91,15,1,13
BRDA:93,16,0,14
BRDA:93,16,1,0
BRDA:93,17,0,14
BRDA:93,17,1,14
BRDA:96,18,0,14
BRDA:96,18,1,0
BRDA:114,19,0,14
BRDA:114,19,1,0
BRDA:134,20,0,13
BRDA:134,20,1,1
BRDA:153,21,0,13
BRDA:153,21,1,1
BRDA:171,22,0,13
BRDA:171,22,1,1
BRDA:189,23,0,13
BRDA:189,23,1,1
BRDA:226,24,0,0
BRDA:228,25,0,0
BRDA:228,26,0,0
BRDA:228,27,0,0
BRDA:263,28,0,0
BRF:45
BRH:33
end_of_record
TN:
SF:packages/@dsai/tools/src/tokens/style-dictionary/types.ts
FN:353,isSDToken
FN:375,hasDTCGValue
FN:382,getSDTokenValue
FN:389,getSDTokenType
FNF:4
FNH:0
FNDA:0,isSDToken
FNDA:0,hasDTCGValue
FNDA:0,getSDTokenValue
FNDA:0,getSDTokenType
DA:353,0
DA:354,0
DA:355,0
DA:358,0
DA:361,0
DA:362,0
DA:365,0
DA:366,0
DA:369,0
DA:375,0
DA:376,0
DA:382,0
DA:383,0
DA:389,0
DA:390,0
LF:15
LH:0
BRDA:354,0,0,0
BRDA:354,0,1,0
BRDA:354,1,0,0
BRDA:354,1,1,0
BRDA:361,2,0,0
BRDA:361,2,1,0
BRDA:365,3,0,0
BRDA:365,3,1,0
BRDA:383,4,0,0
BRDA:383,4,1,0
BRDA:383,5,0,0
BRDA:383,5,1,0
BRDA:390,6,0,0
BRDA:390,6,1,0
BRDA:390,7,0,0
BRDA:390,7,1,0
BRF:16
BRH:0
end_of_record
TN:
SF:packages/@dsai/tools/src/tokens/style-dictionary/formats/css-variables.ts
FN:30,(anonymous_0)
FN:33,(anonymous_1)
FNF:2
FNH:2
FNDA:8,(anonymous_0)
FNDA:9,(anonymous_1)
DA:28,2
DA:31,8
DA:33,8
DA:34,9
DA:37,9
DA:38,1
DA:42,9
DA:43,9
DA:44,1
DA:48,9
DA:49,9
DA:52,9
DA:54,9
DA:57,8
LF:14
LH:14
BRDA:31,0,0,1
BRDA:31,0,1,7
BRDA:31,1,0,8
BRDA:31,1,1,8
BRDA:37,2,0,1
BRDA:37,2,1,8
BRDA:42,3,0,1
BRDA:42,3,1,8
BRDA:42,4,0,9
BRDA:42,4,1,9
BRDA:43,5,0,1
BRDA:43,5,1,8
BRDA:43,6,0,9
BRDA:43,6,1,1
BRDA:48,7,0,9
BRDA:48,7,1,0
BRDA:49,8,0,7
BRDA:49,8,1,2
BRF:18
BRH:17
end_of_record
TN:
SF:packages/@dsai/tools/src/tokens/style-dictionary/formats/typescript.ts
FN:17,getTypeScriptType
FN:40,buildTokenInterface
FN:76,capitalize
FN:108,(anonymous_3)
FN:153,(anonymous_4)
FN:158,(anonymous_5)
FN:161,(anonymous_6)
FNF:7
FNH:7
FNDA:14,getTypeScriptType
FNDA:12,buildTokenInterface
FNDA:6,capitalize
FNDA:5,(anonymous_3)
FNDA:7,(anonymous_4)
FNDA:7,(anonymous_5)
FNDA:7,(anonymous_6)
DA:18,14
DA:19,14
DA:20,2
DA:22,12
DA:23,2
DA:25,10
DA:41,12
DA:42,12
DA:44,12
DA:46,14
DA:47,0
DA:50,14
DA:51,14
DA:52,0
DA:56,14
DA:58,14
DA:61,14
DA:62,7
DA:65,7
DA:69,12
DA:70,12
DA:77,6
DA:106,2
DA:110,5
DA:112,5
DA:113,7
DA:114,7
DA:115,8
DA:116,8
DA:117,7
DA:119,8
DA:122,7
DA:123,7
DA:124,7
DA:132,5
DA:133,5
DA:134,7
DA:135,7
DA:136,7
DA:137,6
DA:139,7
DA:144,5
DA:145,5
DA:146,6
DA:147,6
DA:148,0
DA:150,6
DA:151,6
DA:152,6
DA:153,7
DA:154,6
DA:158,7
DA:159,5
DA:160,5
DA:161,7
DA:162,5
DA:165,5
DA:166,5
DA:167,7
DA:168,7
DA:171,5
LF:61
LH:58
BRDA:19,0,0,2
BRDA:19,0,1,12
BRDA:22,1,0,2
BRDA:22,1,1,10
BRDA:40,2,0,5
BRDA:46,3,0,0
BRDA:46,3,1,14
BRDA:51,4,0,0
BRDA:51,4,1,14
BRDA:51,5,0,14
BRDA:51,5,1,14
BRDA:56,6,0,14
BRDA:56,6,1,0
BRDA:61,7,0,7
BRDA:61,7,1,7
BRDA:116,8,0,7
BRDA:116,8,1,1
BRDA:116,9,0,8
BRDA:116,9,1,1
BRDA:123,10,0,7
BRDA:123,10,1,0
BRDA:135,11,0,7
BRDA:135,11,1,0
BRDA:136,12,0,6
BRDA:136,12,1,1
BRDA:147,13,0,0
BRDA:147,13,1,6
BRF:27
BRH:21
end_of_record
TN:
SF:packages/@dsai/tools/src/tokens/style-dictionary/groups/css.ts
FNF:0
FNH:0
DA:24,2
LF:1
LH:1
BRF:0
BRH:0
end_of_record
TN:
SF:packages/@dsai/tools/src/tokens/style-dictionary/groups/js.ts
FNF:0
FNH:0
DA:23,2
LF:1
LH:1
BRF:0
BRH:0
end_of_record
TN:
SF:packages/@dsai/tools/src/tokens/style-dictionary/groups/scss.ts
FNF:0
FNH:0
DA:28,2
LF:1
LH:1
BRF:0
BRH:0
end_of_record
TN:
SF:packages/@dsai/tools/src/tokens/style-dictionary/preprocessors/fix-references.ts
FN:26,fixValue
FN:41,processTokens
FN:78,(anonymous_2)
FN:98,createFixReferencesPreprocessor
FN:103,(anonymous_4)
FNF:5
FNH:5
FNDA:17,fixValue
FNDA:23,processTokens
FNDA:13,(anonymous_2)
FNDA:4,createFixReferencesPreprocessor
FNDA:3,(anonymous_4)
DA:17,3
DA:27,17
DA:28,2
DA:31,15
DA:32,15
DA:33,38
DA:35,15
DA:42,23
DA:44,25
DA:46,25
DA:47,24
DA:50,24
DA:51,16
DA:54,8
DA:55,1
DA:59,7
DA:76,3
DA:79,13
DA:80,13
DA:98,3
DA:101,4
DA:104,3
DA:105,3
LF:23
LH:23
BRDA:27,0,0,2
BRDA:27,0,1,15
BRDA:27,1,0,17
BRDA:27,1,1,16
BRDA:46,2,0,24
BRDA:46,2,1,1
BRDA:46,3,0,25
BRDA:46,3,1,24
BRDA:50,4,0,16
BRDA:50,4,1,8
BRDA:54,5,0,1
BRDA:54,5,1,7
BRF:12
BRH:12
end_of_record
TN:
SF:packages/@dsai/tools/src/tokens/style-dictionary/transforms/dimension.ts
FN:19,isDimension
FN:26,(anonymous_1)
FN:38,(anonymous_2)
FN:51,(anonymous_3)
FN:88,(anonymous_4)
FNF:5
FNH:5
FNDA:7,isDimension
FNDA:12,(anonymous_1)
FNDA:8,(anonymous_2)
FNDA:8,(anonymous_3)
FNDA:7,(anonymous_4)
DA:14,2
DA:20,7
DA:23,7
DA:24,1
DA:26,6
DA:27,12
DA:28,12
DA:30,6
DA:31,1
DA:35,5
DA:36,1
DA:38,4
DA:39,8
DA:40,8
DA:42,4
DA:43,0
DA:45,4
DA:46,4
DA:47,0
DA:51,4
DA:52,8
DA:53,8
DA:55,4
DA:56,1
DA:60,3
DA:84,2
DA:89,7
DA:90,7
DA:93,7
DA:94,4
DA:95,1
DA:97,3
DA:101,3
DA:102,2
DA:103,2
DA:104,1
DA:106,1
DA:110,1
LF:38
LH:36
BRDA:20,0,0,7
BRDA:20,0,1,0
BRDA:20,1,0,7
BRDA:20,1,1,7
BRDA:23,2,0,1
BRDA:23,2,1,6
BRDA:26,3,0,0
BRDA:26,3,1,6
BRDA:26,4,0,6
BRDA:26,4,1,6
BRDA:28,5,0,12
BRDA:28,5,1,11
BRDA:30,6,0,1
BRDA:30,6,1,5
BRDA:35,7,0,1
BRDA:35,7,1,4
BRDA:38,8,0,0
BRDA:38,8,1,4
BRDA:38,9,0,4
BRDA:38,9,1,4
BRDA:40,10,0,8
BRDA:40,10,1,8
BRDA:42,11,0,0
BRDA:42,11,1,4
BRDA:45,12,0,4
BRDA:45,12,1,0
BRDA:45,13,0,4
BRDA:45,13,1,4
BRDA:46,14,0,0
BRDA:46,14,1,4
BRDA:51,15,0,0
BRDA:51,15,1,4
BRDA:51,16,0,4
BRDA:51,16,1,4
BRDA:53,17,0,8
BRDA:53,17,1,7
BRDA:55,18,0,1
BRDA:55,18,1,3
BRDA:60,19,0,3
BRDA:60,19,1,2
BRDA:60,19,2,1
BRDA:89,20,0,6
BRDA:89,20,1,1
BRDA:89,21,0,7
BRDA:89,21,1,7
BRDA:90,22,0,1
BRDA:90,22,1,6
BRDA:90,23,0,7
BRDA:90,23,1,7
BRDA:90,24,0,6
BRDA:90,24,1,1
BRDA:90,25,0,7
BRDA:90,25,1,7
BRDA:93,26,0,4
BRDA:93,26,1,3
BRDA:94,27,0,1
BRDA:94,27,1,3
BRDA:101,28,0,2
BRDA:101,28,1,1
BRDA:101,29,0,3
BRDA:101,29,1,3
BRDA:103,30,0,1
BRDA:103,30,1,1
BRF:63
BRH:56
end_of_record
TN:
SF:packages/@dsai/tools/src/tokens/style-dictionary/transforms/font-weight.ts
FN:37,isFontWeight
FN:46,(anonymous_1)
FN:79,(anonymous_2)
FNF:3
FNH:3
FNDA:3,isFontWeight
FNDA:2,(anonymous_1)
FNDA:6,(anonymous_2)
DA:16,2
DA:38,3
DA:41,3
DA:42,2
DA:46,1
DA:47,2
DA:48,2
DA:51,1
DA:75,2
DA:80,6
DA:83,6
DA:84,1
DA:88,5
DA:90,5
DA:91,5
DA:92,1
DA:96,4
DA:97,4
DA:99,4
DA:100,4
DA:101,4
DA:107,0
LF:22
LH:21
BRDA:38,0,0,3
BRDA:38,0,1,0
BRDA:38,1,0,3
BRDA:38,1,1,3
BRDA:41,2,0,2
BRDA:41,2,1,1
BRDA:41,3,0,3
BRDA:41,3,1,2
BRDA:46,4,0,0
BRDA:46,4,1,1
BRDA:46,5,0,1
BRDA:46,5,1,1
BRDA:48,6,0,2
BRDA:48,6,1,1
BRDA:48,6,2,1
BRDA:51,7,0,1
BRDA:51,7,1,0
BRDA:51,8,0,1
BRDA:51,8,1,1
BRDA:80,9,0,6
BRDA:80,9,1,0
BRDA:80,10,0,6
BRDA:80,10,1,6
BRDA:83,11,0,1
BRDA:83,11,1,5
BRDA:88,12,0,5
BRDA:88,12,1,0
BRDA:91,13,0,1
BRDA:91,13,1,4
BRDA:97,14,0,4
BRDA:97,14,1,0
BRDA:100,15,0,4
BRDA:100,15,1,0
BRF:33
BRH:26
end_of_record
TN:
SF:packages/@dsai/tools/src/tokens/style-dictionary/transforms/line-height.ts
FN:20,isLineHeight
FN:29,(anonymous_1)
FN:65,(anonymous_2)
FNF:3
FNH:3
FNDA:3,isLineHeight
FNDA:3,(anonymous_1)
FNDA:4,(anonymous_2)
DA:15,2
DA:21,3
DA:24,3
DA:25,1
DA:29,2
DA:30,3
DA:31,3
DA:35,2
DA:37,2
DA:61,2
DA:66,4
DA:69,4
DA:71,2
DA:72,2
DA:75,0
DA:79,2
DA:80,0
DA:84,2
DA:85,2
DA:86,2
DA:87,1
DA:88,1
DA:90,0
DA:95,1
LF:24
LH:21
BRDA:21,0,0,3
BRDA:21,0,1,0
BRDA:21,1,0,3
BRDA:21,1,1,3
BRDA:24,2,0,1
BRDA:24,2,1,2
BRDA:29,3,0,0
BRDA:29,3,1,2
BRDA:29,4,0,2
BRDA:29,4,1,2
BRDA:31,5,0,3
BRDA:31,5,1,2
BRDA:31,5,2,2
BRDA:35,6,0,1
BRDA:35,6,1,1
BRDA:35,7,0,2
BRDA:35,7,1,2
BRDA:37,8,0,2
BRDA:37,8,1,1
BRDA:37,9,0,2
BRDA:37,9,1,0
BRDA:37,10,0,2
BRDA:37,10,1,2
BRDA:37,11,0,1
BRDA:37,11,1,0
BRDA:37,12,0,1
BRDA:37,12,1,1
BRDA:66,13,0,4
BRDA:66,13,1,0
BRDA:66,14,0,4
BRDA:66,14,1,4
BRDA:69,15,0,2
BRDA:69,15,1,2
BRDA:71,16,0,2
BRDA:71,16,1,0
BRDA:79,17,0,0
BRDA:79,17,1,2
BRDA:79,18,0,2
BRDA:79,18,1,2
BRDA:84,19,0,2
BRDA:84,19,1,0
BRDA:86,20,0,1
BRDA:86,20,1,1
BRDA:87,21,0,1
BRDA:87,21,1,0
BRF:45
BRH:36
end_of_record
TN:
SF:packages/@dsai/tools/src/tokens/style-dictionary/transforms/name.ts
FN:29,(anonymous_0)
FNF:1
FNH:1
FNDA:5,(anonymous_0)
DA:26,2
DA:30,5
LF:2
LH:2
BRF:0
BRH:0
end_of_record
